TN:
SF:/home/angelina/Рабочий стол/proga/lab3/n2.2/array.h
FN:108,127,_ZN5Array17deserializeBinaryERSi
FN:129,134,_ZNK5Array13serializeTextERSo
FN:136,151,_ZN5Array15deserializeTextERSi
FN:15,19,_ZN5ArrayC2Ei
FN:21,21,_ZN5ArrayD2Ev
FN:23,35,_ZN5Array10addByIndexEiRKNSt7__cxx1112basic_stringIcSt11char_traitsIcESaIcEEE
FN:37,44,_ZN5Array8addToEndERKNSt7__cxx1112basic_stringIcSt11char_traitsIcESaIcEEE
FN:54,66,_ZN5Array13deleteByIndexB5cxx11Ei
FN:68,74,_ZN5Array14replaceByIndexEiRKNSt7__cxx1112basic_stringIcSt11char_traitsIcESaIcEEE
FN:84,84,_ZNK5Array14getLengthValueEv
FN:85,85,_ZNK5Array12getSizeValueEv
FN:86,88,_ZNK5Array12getElementAtB5cxx11Ei
FN:89,92,_ZN5Array12setElementAtEiRKNSt7__cxx1112basic_stringIcSt11char_traitsIcESaIcEEE
FN:93,96,_ZN5Array7setSizeEi
FN:98,106,_ZNK5Array15serializeBinaryERSo
FNDA:1,_ZN5Array17deserializeBinaryERSi
FNDA:1,_ZNK5Array13serializeTextERSo
FNDA:1,_ZN5Array15deserializeTextERSi
FNDA:14,_ZN5ArrayC2Ei
FNDA:14,_ZN5ArrayD2Ev
FNDA:3,_ZN5Array10addByIndexEiRKNSt7__cxx1112basic_stringIcSt11char_traitsIcESaIcEEE
FNDA:13,_ZN5Array8addToEndERKNSt7__cxx1112basic_stringIcSt11char_traitsIcESaIcEEE
FNDA:2,_ZN5Array13deleteByIndexB5cxx11Ei
FNDA:2,_ZN5Array14replaceByIndexEiRKNSt7__cxx1112basic_stringIcSt11char_traitsIcESaIcEEE
FNDA:1,_ZNK5Array14getLengthValueEv
FNDA:6,_ZNK5Array12getSizeValueEv
FNDA:10,_ZNK5Array12getElementAtB5cxx11Ei
FNDA:1,_ZN5Array12setElementAtEiRKNSt7__cxx1112basic_stringIcSt11char_traitsIcESaIcEEE
FNDA:1,_ZN5Array7setSizeEi
FNDA:1,_ZNK5Array15serializeBinaryERSo
FNF:15
FNH:15
DA:15,14
DA:16,14
DA:17,14
DA:18,54
DA:19,14
DA:21,54
DA:23,3
DA:24,3
DA:25,2
DA:26,1
DA:27,0
DA:29,2
DA:30,1
DA:32,1
DA:33,1
DA:35,3
DA:37,13
DA:38,13
DA:39,1
DA:41,12
DA:42,12
DA:44,13
DA:54,2
DA:55,2
DA:56,1
DA:57,2
DA:59,1
DA:60,2
DA:61,1
DA:63,1
DA:64,1
DA:65,1
DA:68,2
DA:69,2
DA:70,1
DA:72,1
DA:74,2
DA:84,1
DA:85,6
DA:86,10
DA:87,20
DA:89,1
DA:90,1
DA:91,1
DA:92,1
DA:93,1
DA:94,1
DA:95,1
DA:96,1
DA:98,1
DA:99,1
DA:100,1
DA:101,3
DA:102,2
DA:103,2
DA:104,2
DA:106,1
DA:108,1
DA:110,1
DA:111,1
DA:113,1
DA:114,0
DA:115,0
DA:116,0
DA:118,1
DA:120,3
DA:122,2
DA:123,2
DA:124,2
DA:125,2
DA:126,2
DA:127,1
DA:129,1
DA:130,1
DA:131,3
DA:132,2
DA:134,1
DA:136,1
DA:138,1
DA:139,1
DA:141,1
DA:142,0
DA:143,0
DA:144,0
DA:146,1
DA:148,3
DA:149,2
DA:151,1
LF:88
LH:81
end_of_record
TN:
SF:/home/angelina/Рабочий стол/proga/lab3/n2.2/test_array_gtest.cpp
FN:13,13,_ZN31ArrayTest_AddToEndWhenFull_Test8TestBodyEv
FN:13,13,_ZN31ArrayTest_AddToEndWhenFull_TestC2Ev
FN:13,13,_ZN31ArrayTest_AddToEndWhenFull_TestD0Ev
FN:13,13,_ZN31ArrayTest_AddToEndWhenFull_TestD2Ev
FN:20,20,_ZN30ArrayTest_AddByIndexValid_Test8TestBodyEv
FN:20,20,_ZN30ArrayTest_AddByIndexValid_TestC2Ev
FN:20,20,_ZN30ArrayTest_AddByIndexValid_TestD0Ev
FN:20,20,_ZN30ArrayTest_AddByIndexValid_TestD2Ev
FN:28,28,_ZN32ArrayTest_AddByIndexInvalid_Test8TestBodyEv
FN:28,28,_ZN32ArrayTest_AddByIndexInvalid_TestC2Ev
FN:28,28,_ZN32ArrayTest_AddByIndexInvalid_TestD0Ev
FN:28,28,_ZN32ArrayTest_AddByIndexInvalid_TestD2Ev
FN:35,35,_ZN33ArrayTest_DeleteByIndexValid_Test8TestBodyEv
FN:35,35,_ZN33ArrayTest_DeleteByIndexValid_TestC2Ev
FN:35,35,_ZN33ArrayTest_DeleteByIndexValid_TestD0Ev
FN:35,35,_ZN33ArrayTest_DeleteByIndexValid_TestD2Ev
FN:4,4,_ZN29ArrayTest_AddToEndAndGet_Test8TestBodyEv
FN:4,4,_ZN29ArrayTest_AddToEndAndGet_TestC2Ev
FN:4,4,_ZN29ArrayTest_AddToEndAndGet_TestD0Ev
FN:4,4,_ZN29ArrayTest_AddToEndAndGet_TestD2Ev
FN:44,44,_ZN35ArrayTest_DeleteByIndexInvalid_Test8TestBodyEv
FN:44,44,_ZN35ArrayTest_DeleteByIndexInvalid_TestC2Ev
FN:44,44,_ZN35ArrayTest_DeleteByIndexInvalid_TestD0Ev
FN:44,44,_ZN35ArrayTest_DeleteByIndexInvalid_TestD2Ev
FN:50,50,_ZN34ArrayTest_ReplaceByIndexValid_Test8TestBodyEv
FN:50,50,_ZN34ArrayTest_ReplaceByIndexValid_TestC2Ev
FN:50,50,_ZN34ArrayTest_ReplaceByIndexValid_TestD0Ev
FN:50,50,_ZN34ArrayTest_ReplaceByIndexValid_TestD2Ev
FN:57,57,_ZN36ArrayTest_ReplaceByIndexInvalid_Test8TestBodyEv
FN:57,57,_ZN36ArrayTest_ReplaceByIndexInvalid_TestC2Ev
FN:57,57,_ZN36ArrayTest_ReplaceByIndexInvalid_TestD0Ev
FN:57,57,_ZN36ArrayTest_ReplaceByIndexInvalid_TestD2Ev
FN:63,63,_ZN33ArrayTest_SetAndGetElementAt_Test8TestBodyEv
FN:63,63,_ZN33ArrayTest_SetAndGetElementAt_TestC2Ev
FN:63,63,_ZN33ArrayTest_SetAndGetElementAt_TestD0Ev
FN:63,63,_ZN33ArrayTest_SetAndGetElementAt_TestD2Ev
FN:70,73,_ZN29ArrayTest_GetLengthValue_Test8TestBodyEv
FN:70,73,_ZN29ArrayTest_GetLengthValue_TestC2Ev
FN:70,73,_ZN29ArrayTest_GetLengthValue_TestD0Ev
FN:70,73,_ZN29ArrayTest_GetLengthValue_TestD2Ev
FN:75,89,_ZN34ArrayTest_BinarySerialization_Test8TestBodyEv
FN:75,89,_ZN34ArrayTest_BinarySerialization_TestC2Ev
FN:75,89,_ZN34ArrayTest_BinarySerialization_TestD0Ev
FN:75,89,_ZN34ArrayTest_BinarySerialization_TestD2Ev
FN:91,91,_ZN32ArrayTest_TextSerialization_Test8TestBodyEv
FN:91,91,_ZN32ArrayTest_TextSerialization_TestC2Ev
FN:91,91,_ZN32ArrayTest_TextSerialization_TestD0Ev
FN:91,91,_ZN32ArrayTest_TextSerialization_TestD2Ev
FNDA:1,_ZN31ArrayTest_AddToEndWhenFull_Test8TestBodyEv
FNDA:1,_ZN31ArrayTest_AddToEndWhenFull_TestC2Ev
FNDA:1,_ZN31ArrayTest_AddToEndWhenFull_TestD0Ev
FNDA:1,_ZN31ArrayTest_AddToEndWhenFull_TestD2Ev
FNDA:1,_ZN30ArrayTest_AddByIndexValid_Test8TestBodyEv
FNDA:1,_ZN30ArrayTest_AddByIndexValid_TestC2Ev
FNDA:1,_ZN30ArrayTest_AddByIndexValid_TestD0Ev
FNDA:1,_ZN30ArrayTest_AddByIndexValid_TestD2Ev
FNDA:1,_ZN32ArrayTest_AddByIndexInvalid_Test8TestBodyEv
FNDA:1,_ZN32ArrayTest_AddByIndexInvalid_TestC2Ev
FNDA:1,_ZN32ArrayTest_AddByIndexInvalid_TestD0Ev
FNDA:1,_ZN32ArrayTest_AddByIndexInvalid_TestD2Ev
FNDA:1,_ZN33ArrayTest_DeleteByIndexValid_Test8TestBodyEv
FNDA:1,_ZN33ArrayTest_DeleteByIndexValid_TestC2Ev
FNDA:1,_ZN33ArrayTest_DeleteByIndexValid_TestD0Ev
FNDA:1,_ZN33ArrayTest_DeleteByIndexValid_TestD2Ev
FNDA:1,_ZN29ArrayTest_AddToEndAndGet_Test8TestBodyEv
FNDA:1,_ZN29ArrayTest_AddToEndAndGet_TestC2Ev
FNDA:1,_ZN29ArrayTest_AddToEndAndGet_TestD0Ev
FNDA:1,_ZN29ArrayTest_AddToEndAndGet_TestD2Ev
FNDA:1,_ZN35ArrayTest_DeleteByIndexInvalid_Test8TestBodyEv
FNDA:1,_ZN35ArrayTest_DeleteByIndexInvalid_TestC2Ev
FNDA:1,_ZN35ArrayTest_DeleteByIndexInvalid_TestD0Ev
FNDA:1,_ZN35ArrayTest_DeleteByIndexInvalid_TestD2Ev
FNDA:1,_ZN34ArrayTest_ReplaceByIndexValid_Test8TestBodyEv
FNDA:1,_ZN34ArrayTest_ReplaceByIndexValid_TestC2Ev
FNDA:1,_ZN34ArrayTest_ReplaceByIndexValid_TestD0Ev
FNDA:1,_ZN34ArrayTest_ReplaceByIndexValid_TestD2Ev
FNDA:1,_ZN36ArrayTest_ReplaceByIndexInvalid_Test8TestBodyEv
FNDA:1,_ZN36ArrayTest_ReplaceByIndexInvalid_TestC2Ev
FNDA:1,_ZN36ArrayTest_ReplaceByIndexInvalid_TestD0Ev
FNDA:1,_ZN36ArrayTest_ReplaceByIndexInvalid_TestD2Ev
FNDA:1,_ZN33ArrayTest_SetAndGetElementAt_Test8TestBodyEv
FNDA:1,_ZN33ArrayTest_SetAndGetElementAt_TestC2Ev
FNDA:1,_ZN33ArrayTest_SetAndGetElementAt_TestD0Ev
FNDA:1,_ZN33ArrayTest_SetAndGetElementAt_TestD2Ev
FNDA:1,_ZN29ArrayTest_GetLengthValue_Test8TestBodyEv
FNDA:1,_ZN29ArrayTest_GetLengthValue_TestC2Ev
FNDA:1,_ZN29ArrayTest_GetLengthValue_TestD0Ev
FNDA:1,_ZN29ArrayTest_GetLengthValue_TestD2Ev
FNDA:1,_ZN34ArrayTest_BinarySerialization_Test8TestBodyEv
FNDA:1,_ZN34ArrayTest_BinarySerialization_TestC2Ev
FNDA:1,_ZN34ArrayTest_BinarySerialization_TestD0Ev
FNDA:1,_ZN34ArrayTest_BinarySerialization_TestD2Ev
FNDA:1,_ZN32ArrayTest_TextSerialization_Test8TestBodyEv
FNDA:1,_ZN32ArrayTest_TextSerialization_TestC2Ev
FNDA:1,_ZN32ArrayTest_TextSerialization_TestD0Ev
FNDA:1,_ZN32ArrayTest_TextSerialization_TestD2Ev
FNF:48
FNH:48
DA:4,4
DA:5,1
DA:6,2
DA:7,1
DA:8,1
DA:9,1
DA:10,1
DA:11,1
DA:13,4
DA:14,1
DA:15,2
DA:16,1
DA:17,1
DA:18,1
DA:20,4
DA:21,1
DA:22,2
DA:23,2
DA:24,1
DA:25,1
DA:26,1
DA:28,4
DA:29,1
DA:30,2
DA:31,1
DA:32,1
DA:33,1
DA:35,4
DA:36,1
DA:37,2
DA:38,1
DA:39,1
DA:40,1
DA:41,1
DA:42,1
DA:44,4
DA:45,1
DA:46,1
DA:47,1
DA:48,1
DA:50,4
DA:51,1
DA:52,2
DA:53,1
DA:54,1
DA:55,1
DA:57,4
DA:58,1
DA:59,1
DA:60,1
DA:61,1
DA:63,4
DA:64,1
DA:65,1
DA:66,1
DA:67,1
DA:68,1
DA:70,4
DA:71,1
DA:72,1
DA:73,1
DA:75,4
DA:76,1
DA:77,2
DA:78,1
DA:80,1
DA:81,1
DA:83,1
DA:84,1
DA:86,1
DA:87,1
DA:88,1
DA:89,1
DA:91,4
DA:92,1
DA:93,2
DA:94,1
DA:96,1
DA:97,1
DA:99,1
DA:100,1
DA:102,1
DA:103,1
DA:104,1
DA:105,1
LF:85
LH:85
end_of_record
TN:
SF:/usr/include/c++/13/bits/allocator.h
FNF:0
FNH:0
DA:163,22
DA:184,22
LF:2
LH:2
end_of_record
TN:
SF:/usr/include/c++/13/bits/basic_string.h
FN:3727,3732,_ZSteqIcSt11char_traitsIcESaIcEEbRKNSt7__cxx1112basic_stringIT_T0_T1_EEPKS5_
FN:641,650,_ZNSt7__cxx1112basic_stringIcSt11char_traitsIcESaIcEEC2IS3_EEPKcRKS3_
FN:664,666,_ZNSt7__cxx1112basic_stringIcSt11char_traitsIcESaIcEEC2IS3_EEmcRKS3_
FNDA:12,_ZSteqIcSt11char_traitsIcESaIcEEbRKNSt7__cxx1112basic_stringIT_T0_T1_EEPKS5_
FNDA:32,_ZNSt7__cxx1112basic_stringIcSt11char_traitsIcESaIcEEC2IS3_EEPKcRKS3_
FNDA:2,_ZNSt7__cxx1112basic_stringIcSt11char_traitsIcESaIcEEC2IS3_EEmcRKS3_
FNF:3
FNH:3
DA:355,20
DA:641,32
DA:642,32
DA:645,32
DA:646,0
DA:648,32
DA:649,32
DA:650,32
DA:664,2
DA:665,2
DA:666,2
DA:3727,12
DA:3730,12
DA:3731,12
LF:14
LH:13
end_of_record
TN:
SF:/usr/include/c++/13/bits/basic_string.tcc
FN:221,252,_ZNSt7__cxx1112basic_stringIcSt11char_traitsIcESaIcEE12_M_constructIPKcEEvT_S8_St20forward_iterator_tag
FN:221,252,_ZNSt7__cxx1112basic_stringIcSt11char_traitsIcESaIcEE12_M_constructIPcEEvT_S7_St20forward_iterator_tag
FN:239,239,_ZZNSt7__cxx1112basic_stringIcSt11char_traitsIcESaIcEE12_M_constructIPKcEEvT_S8_St20forward_iterator_tagEN6_GuardC2EPS4_
FN:239,239,_ZZNSt7__cxx1112basic_stringIcSt11char_traitsIcESaIcEE12_M_constructIPcEEvT_S7_St20forward_iterator_tagEN6_GuardC2EPS4_
FN:242,242,_ZZNSt7__cxx1112basic_stringIcSt11char_traitsIcESaIcEE12_M_constructIPKcEEvT_S8_St20forward_iterator_tagEN6_GuardD2Ev
FN:242,242,_ZZNSt7__cxx1112basic_stringIcSt11char_traitsIcESaIcEE12_M_constructIPcEEvT_S7_St20forward_iterator_tagEN6_GuardD2Ev
FNDA:32,_ZNSt7__cxx1112basic_stringIcSt11char_traitsIcESaIcEE12_M_constructIPKcEEvT_S8_St20forward_iterator_tag
FNDA:0,_ZNSt7__cxx1112basic_stringIcSt11char_traitsIcESaIcEE12_M_constructIPcEEvT_S7_St20forward_iterator_tag
FNDA:32,_ZZNSt7__cxx1112basic_stringIcSt11char_traitsIcESaIcEE12_M_constructIPKcEEvT_S8_St20forward_iterator_tagEN6_GuardC2EPS4_
FNDA:0,_ZZNSt7__cxx1112basic_stringIcSt11char_traitsIcESaIcEE12_M_constructIPcEEvT_S7_St20forward_iterator_tagEN6_GuardC2EPS4_
FNDA:32,_ZZNSt7__cxx1112basic_stringIcSt11char_traitsIcESaIcEE12_M_constructIPKcEEvT_S8_St20forward_iterator_tagEN6_GuardD2Ev
FNDA:0,_ZZNSt7__cxx1112basic_stringIcSt11char_traitsIcESaIcEE12_M_constructIPcEEvT_S7_St20forward_iterator_tagEN6_GuardD2Ev
FNF:6
FNH:3
DA:221,32
DA:225,32
DA:227,32
DA:229,12
DA:230,12
DA:239,32
DA:242,32
DA:245,32
DA:247,32
DA:249,32
DA:251,32
DA:252,32
LF:12
LH:12
end_of_record
TN:
SF:/usr/include/c++/13/bits/char_traits.h
FN:136,137,_ZN9__gnu_cxx11char_traitsIcE2eqERKcS3_
FN:199,206,_ZN9__gnu_cxx11char_traitsIcE6lengthEPKc
FN:366,371,_ZNSt11char_traitsIcE2ltERKcS2_
FN:374,390,_ZNSt11char_traitsIcE7compareEPKcS2_m
FN:393,400,_ZNSt11char_traitsIcE6lengthEPKc
FN:427,436,_ZNSt11char_traitsIcE4copyEPcPKcm
FNDA:0,_ZN9__gnu_cxx11char_traitsIcE2eqERKcS3_
FNDA:0,_ZN9__gnu_cxx11char_traitsIcE6lengthEPKc
FNDA:0,_ZNSt11char_traitsIcE2ltERKcS2_
FNDA:12,_ZNSt11char_traitsIcE7compareEPKcS2_m
FNDA:44,_ZNSt11char_traitsIcE6lengthEPKc
FNDA:0,_ZNSt11char_traitsIcE4copyEPcPKcm
FNF:6
FNH:2
DA:136,0
DA:137,0
DA:199,0
DA:202,0
DA:203,0
DA:204,0
DA:205,0
DA:366,0
DA:369,0
DA:370,0
DA:374,12
DA:376,12
DA:377,1
DA:379,11
DA:381,0
DA:382,0
DA:383,0
DA:384,0
DA:385,0
DA:386,0
DA:389,11
DA:393,44
DA:396,44
DA:397,0
DA:399,44
DA:427,0
DA:429,0
DA:430,0
DA:435,0
LF:29
LH:8
end_of_record
TN:
SF:/usr/include/c++/13/bits/ios_base.h
FN:130,131,_ZStorSt13_Ios_OpenmodeS_
FNDA:2,_ZStorSt13_Ios_OpenmodeS_
FNF:1
FNH:1
DA:130,2
DA:131,2
LF:2
LH:2
end_of_record
TN:
SF:/usr/include/c++/13/bits/move.h
FN:97,98,_ZSt4moveIRPNSt7__cxx1112basic_stringIcSt11char_traitsIcESaIcEEEEONSt16remove_referenceIT_E4typeEOS9_
FN:97,98,_ZSt4moveIRPNSt7__cxx1118basic_stringstreamIcSt11char_traitsIcESaIcEEEEONSt16remove_referenceIT_E4typeEOS9_
FN:97,98,_ZSt4moveIRSaIcEEONSt16remove_referenceIT_E4typeEOS3_
FNDA:0,_ZSt4moveIRPNSt7__cxx1112basic_stringIcSt11char_traitsIcESaIcEEEEONSt16remove_referenceIT_E4typeEOS9_
FNDA:0,_ZSt4moveIRPNSt7__cxx1118basic_stringstreamIcSt11char_traitsIcESaIcEEEEONSt16remove_referenceIT_E4typeEOS9_
FNDA:0,_ZSt4moveIRSaIcEEONSt16remove_referenceIT_E4typeEOS3_
FNF:3
FNH:0
DA:97,0
DA:98,0
LF:2
LH:0
end_of_record
TN:
SF:/usr/include/c++/13/bits/new_allocator.h
FN:104,104,_ZNSt15__new_allocatorIcED2Ev
FNDA:34,_ZNSt15__new_allocatorIcED2Ev
FNF:1
FNH:1
DA:88,22
DA:104,34
LF:2
LH:2
end_of_record
TN:
SF:/usr/include/c++/13/bits/stl_iterator_base_funcs.h
FNF:0
FNH:0
DA:106,32
DA:151,64
DA:152,64
LF:3
LH:3
end_of_record
TN:
SF:/usr/include/c++/13/bits/stl_iterator_base_types.h
FNF:0
FNH:0
DA:240,32
LF:1
LH:1
end_of_record
TN:
SF:/usr/include/c++/13/bits/unique_ptr.h
FN:197,197,_ZNSt15__uniq_ptr_implINSt7__cxx1112basic_stringIcSt11char_traitsIcESaIcEEESt14default_deleteIS5_EE6_M_ptrEv
FN:197,197,_ZNSt15__uniq_ptr_implINSt7__cxx1118basic_stringstreamIcSt11char_traitsIcESaIcEEESt14default_deleteIS5_EE6_M_ptrEv
FN:199,199,_ZNKSt15__uniq_ptr_implINSt7__cxx1112basic_stringIcSt11char_traitsIcESaIcEEESt14default_deleteIS5_EE6_M_ptrEv
FN:201,201,_ZNSt15__uniq_ptr_implINSt7__cxx1112basic_stringIcSt11char_traitsIcESaIcEEESt14default_deleteIS5_EE10_M_deleterEv
FN:201,201,_ZNSt15__uniq_ptr_implINSt7__cxx1118basic_stringstreamIcSt11char_traitsIcESaIcEEESt14default_deleteIS5_EE10_M_deleterEv
FN:398,406,_ZNSt10unique_ptrINSt7__cxx1112basic_stringIcSt11char_traitsIcESaIcEEESt14default_deleteIS5_EED2Ev
FN:398,406,_ZNSt10unique_ptrINSt7__cxx1118basic_stringstreamIcSt11char_traitsIcESaIcEEESt14default_deleteIS5_EED2Ev
FN:460,464,_ZNKSt10unique_ptrINSt7__cxx1112basic_stringIcSt11char_traitsIcESaIcEEESt14default_deleteIS5_EEptEv
FN:469,470,_ZNKSt10unique_ptrINSt7__cxx1112basic_stringIcSt11char_traitsIcESaIcEEESt14default_deleteIS5_EE3getEv
FN:475,476,_ZNSt10unique_ptrINSt7__cxx1112basic_stringIcSt11char_traitsIcESaIcEEESt14default_deleteIS5_EE11get_deleterEv
FN:475,476,_ZNSt10unique_ptrINSt7__cxx1118basic_stringstreamIcSt11char_traitsIcESaIcEEESt14default_deleteIS5_EE11get_deleterEv
FN:486,487,_ZNKSt10unique_ptrINSt7__cxx1112basic_stringIcSt11char_traitsIcESaIcEEESt14default_deleteIS5_EEcvbEv
FN:861,862,_ZStneINSt7__cxx1112basic_stringIcSt11char_traitsIcESaIcEEESt14default_deleteIS5_EEbRKSt10unique_ptrIT_T0_EDn
FN:93,100,_ZNKSt14default_deleteINSt7__cxx1112basic_stringIcSt11char_traitsIcESaIcEEEEclEPS5_
FN:93,100,_ZNKSt14default_deleteINSt7__cxx1118basic_stringstreamIcSt11char_traitsIcESaIcEEEEclEPS5_
FNDA:19,_ZNSt15__uniq_ptr_implINSt7__cxx1112basic_stringIcSt11char_traitsIcESaIcEEESt14default_deleteIS5_EE6_M_ptrEv
FNDA:0,_ZNSt15__uniq_ptr_implINSt7__cxx1118basic_stringstreamIcSt11char_traitsIcESaIcEEESt14default_deleteIS5_EE6_M_ptrEv
FNDA:0,_ZNKSt15__uniq_ptr_implINSt7__cxx1112basic_stringIcSt11char_traitsIcESaIcEEESt14default_deleteIS5_EE6_M_ptrEv
FNDA:0,_ZNSt15__uniq_ptr_implINSt7__cxx1112basic_stringIcSt11char_traitsIcESaIcEEESt14default_deleteIS5_EE10_M_deleterEv
FNDA:0,_ZNSt15__uniq_ptr_implINSt7__cxx1118basic_stringstreamIcSt11char_traitsIcESaIcEEESt14default_deleteIS5_EE10_M_deleterEv
FNDA:19,_ZNSt10unique_ptrINSt7__cxx1112basic_stringIcSt11char_traitsIcESaIcEEESt14default_deleteIS5_EED2Ev
FNDA:0,_ZNSt10unique_ptrINSt7__cxx1118basic_stringstreamIcSt11char_traitsIcESaIcEEESt14default_deleteIS5_EED2Ev
FNDA:0,_ZNKSt10unique_ptrINSt7__cxx1112basic_stringIcSt11char_traitsIcESaIcEEESt14default_deleteIS5_EEptEv
FNDA:0,_ZNKSt10unique_ptrINSt7__cxx1112basic_stringIcSt11char_traitsIcESaIcEEESt14default_deleteIS5_EE3getEv
FNDA:0,_ZNSt10unique_ptrINSt7__cxx1112basic_stringIcSt11char_traitsIcESaIcEEESt14default_deleteIS5_EE11get_deleterEv
FNDA:0,_ZNSt10unique_ptrINSt7__cxx1118basic_stringstreamIcSt11char_traitsIcESaIcEEESt14default_deleteIS5_EE11get_deleterEv
FNDA:0,_ZNKSt10unique_ptrINSt7__cxx1112basic_stringIcSt11char_traitsIcESaIcEEESt14default_deleteIS5_EEcvbEv
FNDA:0,_ZStneINSt7__cxx1112basic_stringIcSt11char_traitsIcESaIcEEESt14default_deleteIS5_EEbRKSt10unique_ptrIT_T0_EDn
FNDA:0,_ZNKSt14default_deleteINSt7__cxx1112basic_stringIcSt11char_traitsIcESaIcEEEEclEPS5_
FNDA:0,_ZNKSt14default_deleteINSt7__cxx1118basic_stringstreamIcSt11char_traitsIcESaIcEEEEclEPS5_
FNF:15
FNH:2
DA:93,0
DA:99,0
DA:100,0
DA:197,19
DA:199,0
DA:201,0
DA:398,19
DA:402,19
DA:403,19
DA:404,0
DA:405,19
DA:406,19
DA:460,0
DA:463,0
DA:469,0
DA:470,0
DA:475,0
DA:476,0
DA:486,0
DA:487,0
DA:861,0
DA:862,0
LF:22
LH:6
end_of_record
TN:
SF:/usr/include/c++/13/tuple
FN:125,125,_ZNSt10_Head_baseILm1ESt14default_deleteINSt7__cxx1112basic_stringIcSt11char_traitsIcESaIcEEEELb1EE7_M_headERS8_
FN:125,125,_ZNSt10_Head_baseILm1ESt14default_deleteINSt7__cxx1118basic_stringstreamIcSt11char_traitsIcESaIcEEEELb1EE7_M_headERS8_
FN:1787,1788,_ZSt12__get_helperILm0EPNSt7__cxx1112basic_stringIcSt11char_traitsIcESaIcEEEJSt14default_deleteIS5_EEERT0_RSt11_Tuple_implIXT_EJS9_DpT1_EE
FN:1787,1788,_ZSt12__get_helperILm0EPNSt7__cxx1118basic_stringstreamIcSt11char_traitsIcESaIcEEEJSt14default_deleteIS5_EEERT0_RSt11_Tuple_implIXT_EJS9_DpT1_EE
FN:1787,1788,_ZSt12__get_helperILm1ESt14default_deleteINSt7__cxx1112basic_stringIcSt11char_traitsIcESaIcEEEEJEERT0_RSt11_Tuple_implIXT_EJS8_DpT1_EE
FN:1787,1788,_ZSt12__get_helperILm1ESt14default_deleteINSt7__cxx1118basic_stringstreamIcSt11char_traitsIcESaIcEEEEJEERT0_RSt11_Tuple_implIXT_EJS8_DpT1_EE
FN:1792,1793,_ZSt12__get_helperILm0EPNSt7__cxx1112basic_stringIcSt11char_traitsIcESaIcEEEJSt14default_deleteIS5_EEERKT0_RKSt11_Tuple_implIXT_EJS9_DpT1_EE
FN:1803,1804,_ZSt3getILm0EJPNSt7__cxx1112basic_stringIcSt11char_traitsIcESaIcEEESt14default_deleteIS5_EEERNSt13tuple_elementIXT_ESt5tupleIJDpT0_EEE4typeERSD_
FN:1803,1804,_ZSt3getILm0EJPNSt7__cxx1118basic_stringstreamIcSt11char_traitsIcESaIcEEESt14default_deleteIS5_EEERNSt13tuple_elementIXT_ESt5tupleIJDpT0_EEE4typeERSD_
FN:1803,1804,_ZSt3getILm1EJPNSt7__cxx1112basic_stringIcSt11char_traitsIcESaIcEEESt14default_deleteIS5_EEERNSt13tuple_elementIXT_ESt5tupleIJDpT0_EEE4typeERSD_
FN:1803,1804,_ZSt3getILm1EJPNSt7__cxx1118basic_stringstreamIcSt11char_traitsIcESaIcEEESt14default_deleteIS5_EEERNSt13tuple_elementIXT_ESt5tupleIJDpT0_EEE4typeERSD_
FN:1809,1810,_ZSt3getILm0EJPNSt7__cxx1112basic_stringIcSt11char_traitsIcESaIcEEESt14default_deleteIS5_EEERKNSt13tuple_elementIXT_ESt5tupleIJDpT0_EEE4typeERKSD_
FN:234,234,_ZNSt10_Head_baseILm0EPNSt7__cxx1112basic_stringIcSt11char_traitsIcESaIcEEELb0EE7_M_headERS7_
FN:234,234,_ZNSt10_Head_baseILm0EPNSt7__cxx1118basic_stringstreamIcSt11char_traitsIcESaIcEEELb0EE7_M_headERS7_
FN:237,237,_ZNSt10_Head_baseILm0EPNSt7__cxx1112basic_stringIcSt11char_traitsIcESaIcEEELb0EE7_M_headERKS7_
FN:269,269,_ZNSt11_Tuple_implILm0EJPNSt7__cxx1112basic_stringIcSt11char_traitsIcESaIcEEESt14default_deleteIS5_EEE7_M_headERS9_
FN:269,269,_ZNSt11_Tuple_implILm0EJPNSt7__cxx1118basic_stringstreamIcSt11char_traitsIcESaIcEEESt14default_deleteIS5_EEE7_M_headERS9_
FN:272,272,_ZNSt11_Tuple_implILm0EJPNSt7__cxx1112basic_stringIcSt11char_traitsIcESaIcEEESt14default_deleteIS5_EEE7_M_headERKS9_
FN:497,497,_ZNSt11_Tuple_implILm1EJSt14default_deleteINSt7__cxx1112basic_stringIcSt11char_traitsIcESaIcEEEEEE7_M_headERS8_
FN:497,497,_ZNSt11_Tuple_implILm1EJSt14default_deleteINSt7__cxx1118basic_stringstreamIcSt11char_traitsIcESaIcEEEEEE7_M_headERS8_
FNDA:0,_ZNSt10_Head_baseILm1ESt14default_deleteINSt7__cxx1112basic_stringIcSt11char_traitsIcESaIcEEEELb1EE7_M_headERS8_
FNDA:0,_ZNSt10_Head_baseILm1ESt14default_deleteINSt7__cxx1118basic_stringstreamIcSt11char_traitsIcESaIcEEEELb1EE7_M_headERS8_
FNDA:19,_ZSt12__get_helperILm0EPNSt7__cxx1112basic_stringIcSt11char_traitsIcESaIcEEEJSt14default_deleteIS5_EEERT0_RSt11_Tuple_implIXT_EJS9_DpT1_EE
FNDA:0,_ZSt12__get_helperILm0EPNSt7__cxx1118basic_stringstreamIcSt11char_traitsIcESaIcEEEJSt14default_deleteIS5_EEERT0_RSt11_Tuple_implIXT_EJS9_DpT1_EE
FNDA:0,_ZSt12__get_helperILm1ESt14default_deleteINSt7__cxx1112basic_stringIcSt11char_traitsIcESaIcEEEEJEERT0_RSt11_Tuple_implIXT_EJS8_DpT1_EE
FNDA:0,_ZSt12__get_helperILm1ESt14default_deleteINSt7__cxx1118basic_stringstreamIcSt11char_traitsIcESaIcEEEEJEERT0_RSt11_Tuple_implIXT_EJS8_DpT1_EE
FNDA:0,_ZSt12__get_helperILm0EPNSt7__cxx1112basic_stringIcSt11char_traitsIcESaIcEEEJSt14default_deleteIS5_EEERKT0_RKSt11_Tuple_implIXT_EJS9_DpT1_EE
FNDA:19,_ZSt3getILm0EJPNSt7__cxx1112basic_stringIcSt11char_traitsIcESaIcEEESt14default_deleteIS5_EEERNSt13tuple_elementIXT_ESt5tupleIJDpT0_EEE4typeERSD_
FNDA:0,_ZSt3getILm0EJPNSt7__cxx1118basic_stringstreamIcSt11char_traitsIcESaIcEEESt14default_deleteIS5_EEERNSt13tuple_elementIXT_ESt5tupleIJDpT0_EEE4typeERSD_
FNDA:0,_ZSt3getILm1EJPNSt7__cxx1112basic_stringIcSt11char_traitsIcESaIcEEESt14default_deleteIS5_EEERNSt13tuple_elementIXT_ESt5tupleIJDpT0_EEE4typeERSD_
FNDA:0,_ZSt3getILm1EJPNSt7__cxx1118basic_stringstreamIcSt11char_traitsIcESaIcEEESt14default_deleteIS5_EEERNSt13tuple_elementIXT_ESt5tupleIJDpT0_EEE4typeERSD_
FNDA:0,_ZSt3getILm0EJPNSt7__cxx1112basic_stringIcSt11char_traitsIcESaIcEEESt14default_deleteIS5_EEERKNSt13tuple_elementIXT_ESt5tupleIJDpT0_EEE4typeERKSD_
FNDA:19,_ZNSt10_Head_baseILm0EPNSt7__cxx1112basic_stringIcSt11char_traitsIcESaIcEEELb0EE7_M_headERS7_
FNDA:0,_ZNSt10_Head_baseILm0EPNSt7__cxx1118basic_stringstreamIcSt11char_traitsIcESaIcEEELb0EE7_M_headERS7_
FNDA:0,_ZNSt10_Head_baseILm0EPNSt7__cxx1112basic_stringIcSt11char_traitsIcESaIcEEELb0EE7_M_headERKS7_
FNDA:19,_ZNSt11_Tuple_implILm0EJPNSt7__cxx1112basic_stringIcSt11char_traitsIcESaIcEEESt14default_deleteIS5_EEE7_M_headERS9_
FNDA:0,_ZNSt11_Tuple_implILm0EJPNSt7__cxx1118basic_stringstreamIcSt11char_traitsIcESaIcEEESt14default_deleteIS5_EEE7_M_headERS9_
FNDA:0,_ZNSt11_Tuple_implILm0EJPNSt7__cxx1112basic_stringIcSt11char_traitsIcESaIcEEESt14default_deleteIS5_EEE7_M_headERKS9_
FNDA:0,_ZNSt11_Tuple_implILm1EJSt14default_deleteINSt7__cxx1112basic_stringIcSt11char_traitsIcESaIcEEEEEE7_M_headERS8_
FNDA:0,_ZNSt11_Tuple_implILm1EJSt14default_deleteINSt7__cxx1118basic_stringstreamIcSt11char_traitsIcESaIcEEEEEE7_M_headERS8_
FNF:20
FNH:4
DA:125,0
DA:234,19
DA:237,0
DA:269,19
DA:272,0
DA:497,0
DA:1787,19
DA:1788,19
DA:1792,0
DA:1793,0
DA:1803,19
DA:1804,19
DA:1809,0
DA:1810,0
LF:14
LH:6
end_of_record
TN:
SF:/usr/include/gtest/gtest-assertion-result.h
FN:174,174,_ZNK7testing15AssertionResultcvbEv
FN:183,185,_ZNK7testing15AssertionResult7messageEv
FN:187,187,_ZNK7testing15AssertionResult15failure_messageEv
FNDA:19,_ZNK7testing15AssertionResultcvbEv
FNDA:0,_ZNK7testing15AssertionResult7messageEv
FNDA:0,_ZNK7testing15AssertionResult15failure_messageEv
FNF:3
FNH:1
DA:174,19
DA:183,0
DA:184,0
DA:187,0
LF:4
LH:1
end_of_record
TN:
SF:/usr/include/gtest/gtest-message.h
FNF:0
FNH:0
LF:0
LH:0
end_of_record
TN:
SF:/usr/include/gtest/gtest-printers.h
FN:1017,1023,_ZN7testing8internal21UniversalTersePrinterIPKcE5PrintES3_PSo
FN:1108,1113,_ZN7testing8internal14UniversalPrintINSt7__cxx1112basic_stringIcSt11char_traitsIcESaIcEEEEEvRKT_PSo
FN:1108,1113,_ZN7testing8internal14UniversalPrintIiEEvRKT_PSo
FN:1148,1152,_ZN7testing13PrintToStringINSt7__cxx1112basic_stringIcSt11char_traitsIcESaIcEEEEES6_RKT_
FN:1148,1152,_ZN7testing13PrintToStringIPKcEENSt7__cxx1112basic_stringIcSt11char_traitsIcESaIcEEERKT_
FN:1148,1152,_ZN7testing13PrintToStringIiEENSt7__cxx1112basic_stringIcSt11char_traitsIcESaIcEEERKT_
FN:221,226,_ZN7testing8internal52internal_stream_operator_without_lexical_name_lookup13StreamPrinter10PrintValueIivEEDTcvvlsdefp0_fp_ERKT_PSo
FN:326,337,_ZN7testing8internal17PrintWithFallbackIiEEvRKT_PSo
FN:357,359,_ZN7testing8internal19FormatForComparisonINSt7__cxx1112basic_stringIcSt11char_traitsIcESaIcEEEA1_cE6FormatERKS7_
FN:357,359,_ZN7testing8internal19FormatForComparisonINSt7__cxx1112basic_stringIcSt11char_traitsIcESaIcEEEA2_cE6FormatERKS7_
FN:357,359,_ZN7testing8internal19FormatForComparisonINSt7__cxx1112basic_stringIcSt11char_traitsIcESaIcEEEA4_cE6FormatERKS7_
FN:357,359,_ZN7testing8internal19FormatForComparisonINSt7__cxx1112basic_stringIcSt11char_traitsIcESaIcEEEA5_cE6FormatERKS7_
FN:357,359,_ZN7testing8internal19FormatForComparisonINSt7__cxx1112basic_stringIcSt11char_traitsIcESaIcEEEA6_cE6FormatERKS7_
FN:357,359,_ZN7testing8internal19FormatForComparisonINSt7__cxx1112basic_stringIcSt11char_traitsIcESaIcEEEA7_cE6FormatERKS7_
FN:357,359,_ZN7testing8internal19FormatForComparisonIiiE6FormatB5cxx11ERKi
FN:366,368,_ZN7testing8internal19FormatForComparisonIA1_cNSt7__cxx1112basic_stringIcSt11char_traitsIcESaIcEEEE6FormatEPKc
FN:366,368,_ZN7testing8internal19FormatForComparisonIA2_cNSt7__cxx1112basic_stringIcSt11char_traitsIcESaIcEEEE6FormatEPKc
FN:366,368,_ZN7testing8internal19FormatForComparisonIA4_cNSt7__cxx1112basic_stringIcSt11char_traitsIcESaIcEEEE6FormatEPKc
FN:366,368,_ZN7testing8internal19FormatForComparisonIA5_cNSt7__cxx1112basic_stringIcSt11char_traitsIcESaIcEEEE6FormatEPKc
FN:366,368,_ZN7testing8internal19FormatForComparisonIA6_cNSt7__cxx1112basic_stringIcSt11char_traitsIcESaIcEEEE6FormatEPKc
FN:366,368,_ZN7testing8internal19FormatForComparisonIA7_cNSt7__cxx1112basic_stringIcSt11char_traitsIcESaIcEEEE6FormatEPKc
FN:411,411,_ZN7testing8internal19FormatForComparisonIPKcNSt7__cxx1112basic_stringIcSt11char_traitsIcESaIcEEEE6FormatES3_
FN:437,440,_ZN7testing8internal33FormatForComparisonFailureMessageIA1_cNSt7__cxx1112basic_stringIcSt11char_traitsIcESaIcEEEEES8_RKT_RKT0_
FN:437,440,_ZN7testing8internal33FormatForComparisonFailureMessageIA2_cNSt7__cxx1112basic_stringIcSt11char_traitsIcESaIcEEEEES8_RKT_RKT0_
FN:437,440,_ZN7testing8internal33FormatForComparisonFailureMessageIA4_cNSt7__cxx1112basic_stringIcSt11char_traitsIcESaIcEEEEES8_RKT_RKT0_
FN:437,440,_ZN7testing8internal33FormatForComparisonFailureMessageIA5_cNSt7__cxx1112basic_stringIcSt11char_traitsIcESaIcEEEEES8_RKT_RKT0_
FN:437,440,_ZN7testing8internal33FormatForComparisonFailureMessageIA6_cNSt7__cxx1112basic_stringIcSt11char_traitsIcESaIcEEEEES8_RKT_RKT0_
FN:437,440,_ZN7testing8internal33FormatForComparisonFailureMessageIA7_cNSt7__cxx1112basic_stringIcSt11char_traitsIcESaIcEEEEES8_RKT_RKT0_
FN:437,440,_ZN7testing8internal33FormatForComparisonFailureMessageINSt7__cxx1112basic_stringIcSt11char_traitsIcESaIcEEEA1_cEES7_RKT_RKT0_
FN:437,440,_ZN7testing8internal33FormatForComparisonFailureMessageINSt7__cxx1112basic_stringIcSt11char_traitsIcESaIcEEEA2_cEES7_RKT_RKT0_
FN:437,440,_ZN7testing8internal33FormatForComparisonFailureMessageINSt7__cxx1112basic_stringIcSt11char_traitsIcESaIcEEEA4_cEES7_RKT_RKT0_
FN:437,440,_ZN7testing8internal33FormatForComparisonFailureMessageINSt7__cxx1112basic_stringIcSt11char_traitsIcESaIcEEEA5_cEES7_RKT_RKT0_
FN:437,440,_ZN7testing8internal33FormatForComparisonFailureMessageINSt7__cxx1112basic_stringIcSt11char_traitsIcESaIcEEEA6_cEES7_RKT_RKT0_
FN:437,440,_ZN7testing8internal33FormatForComparisonFailureMessageINSt7__cxx1112basic_stringIcSt11char_traitsIcESaIcEEEA7_cEES7_RKT_RKT0_
FN:437,440,_ZN7testing8internal33FormatForComparisonFailureMessageIiiEENSt7__cxx1112basic_stringIcSt11char_traitsIcESaIcEEERKT_RKT0_
FN:464,466,_ZN7testing8internal7PrintToIiEEvRKT_PSo
FN:660,662,_ZN7testing8internal7PrintToERKNSt7__cxx1112basic_stringIcSt11char_traitsIcESaIcEEEPSo
FN:799,809,_ZN7testing8internal16UniversalPrinterINSt7__cxx1112basic_stringIcSt11char_traitsIcESaIcEEEE5PrintERKS7_PSo
FN:799,809,_ZN7testing8internal16UniversalPrinterIiE5PrintERKiPSo
FN:989,991,_ZN7testing8internal21UniversalTersePrinterINSt7__cxx1112basic_stringIcSt11char_traitsIcESaIcEEEE5PrintERKS7_PSo
FN:989,991,_ZN7testing8internal21UniversalTersePrinterIiE5PrintERKiPSo
FNDA:0,_ZN7testing8internal21UniversalTersePrinterIPKcE5PrintES3_PSo
FNDA:0,_ZN7testing8internal14UniversalPrintINSt7__cxx1112basic_stringIcSt11char_traitsIcESaIcEEEEEvRKT_PSo
FNDA:0,_ZN7testing8internal14UniversalPrintIiEEvRKT_PSo
FNDA:0,_ZN7testing13PrintToStringINSt7__cxx1112basic_stringIcSt11char_traitsIcESaIcEEEEES6_RKT_
FNDA:0,_ZN7testing13PrintToStringIPKcEENSt7__cxx1112basic_stringIcSt11char_traitsIcESaIcEEERKT_
FNDA:0,_ZN7testing13PrintToStringIiEENSt7__cxx1112basic_stringIcSt11char_traitsIcESaIcEEERKT_
FNDA:0,_ZN7testing8internal52internal_stream_operator_without_lexical_name_lookup13StreamPrinter10PrintValueIivEEDTcvvlsdefp0_fp_ERKT_PSo
FNDA:0,_ZN7testing8internal17PrintWithFallbackIiEEvRKT_PSo
FNDA:0,_ZN7testing8internal19FormatForComparisonINSt7__cxx1112basic_stringIcSt11char_traitsIcESaIcEEEA1_cE6FormatERKS7_
FNDA:0,_ZN7testing8internal19FormatForComparisonINSt7__cxx1112basic_stringIcSt11char_traitsIcESaIcEEEA2_cE6FormatERKS7_
FNDA:0,_ZN7testing8internal19FormatForComparisonINSt7__cxx1112basic_stringIcSt11char_traitsIcESaIcEEEA4_cE6FormatERKS7_
FNDA:0,_ZN7testing8internal19FormatForComparisonINSt7__cxx1112basic_stringIcSt11char_traitsIcESaIcEEEA5_cE6FormatERKS7_
FNDA:0,_ZN7testing8internal19FormatForComparisonINSt7__cxx1112basic_stringIcSt11char_traitsIcESaIcEEEA6_cE6FormatERKS7_
FNDA:0,_ZN7testing8internal19FormatForComparisonINSt7__cxx1112basic_stringIcSt11char_traitsIcESaIcEEEA7_cE6FormatERKS7_
FNDA:0,_ZN7testing8internal19FormatForComparisonIiiE6FormatB5cxx11ERKi
FNDA:0,_ZN7testing8internal19FormatForComparisonIA1_cNSt7__cxx1112basic_stringIcSt11char_traitsIcESaIcEEEE6FormatEPKc
FNDA:0,_ZN7testing8internal19FormatForComparisonIA2_cNSt7__cxx1112basic_stringIcSt11char_traitsIcESaIcEEEE6FormatEPKc
FNDA:0,_ZN7testing8internal19FormatForComparisonIA4_cNSt7__cxx1112basic_stringIcSt11char_traitsIcESaIcEEEE6FormatEPKc
FNDA:0,_ZN7testing8internal19FormatForComparisonIA5_cNSt7__cxx1112basic_stringIcSt11char_traitsIcESaIcEEEE6FormatEPKc
FNDA:0,_ZN7testing8internal19FormatForComparisonIA6_cNSt7__cxx1112basic_stringIcSt11char_traitsIcESaIcEEEE6FormatEPKc
FNDA:0,_ZN7testing8internal19FormatForComparisonIA7_cNSt7__cxx1112basic_stringIcSt11char_traitsIcESaIcEEEE6FormatEPKc
FNDA:0,_ZN7testing8internal19FormatForComparisonIPKcNSt7__cxx1112basic_stringIcSt11char_traitsIcESaIcEEEE6FormatES3_
FNDA:0,_ZN7testing8internal33FormatForComparisonFailureMessageIA1_cNSt7__cxx1112basic_stringIcSt11char_traitsIcESaIcEEEEES8_RKT_RKT0_
FNDA:0,_ZN7testing8internal33FormatForComparisonFailureMessageIA2_cNSt7__cxx1112basic_stringIcSt11char_traitsIcESaIcEEEEES8_RKT_RKT0_
FNDA:0,_ZN7testing8internal33FormatForComparisonFailureMessageIA4_cNSt7__cxx1112basic_stringIcSt11char_traitsIcESaIcEEEEES8_RKT_RKT0_
FNDA:0,_ZN7testing8internal33FormatForComparisonFailureMessageIA5_cNSt7__cxx1112basic_stringIcSt11char_traitsIcESaIcEEEEES8_RKT_RKT0_
FNDA:0,_ZN7testing8internal33FormatForComparisonFailureMessageIA6_cNSt7__cxx1112basic_stringIcSt11char_traitsIcESaIcEEEEES8_RKT_RKT0_
FNDA:0,_ZN7testing8internal33FormatForComparisonFailureMessageIA7_cNSt7__cxx1112basic_stringIcSt11char_traitsIcESaIcEEEEES8_RKT_RKT0_
FNDA:0,_ZN7testing8internal33FormatForComparisonFailureMessageINSt7__cxx1112basic_stringIcSt11char_traitsIcESaIcEEEA1_cEES7_RKT_RKT0_
FNDA:0,_ZN7testing8internal33FormatForComparisonFailureMessageINSt7__cxx1112basic_stringIcSt11char_traitsIcESaIcEEEA2_cEES7_RKT_RKT0_
FNDA:0,_ZN7testing8internal33FormatForComparisonFailureMessageINSt7__cxx1112basic_stringIcSt11char_traitsIcESaIcEEEA4_cEES7_RKT_RKT0_
FNDA:0,_ZN7testing8internal33FormatForComparisonFailureMessageINSt7__cxx1112basic_stringIcSt11char_traitsIcESaIcEEEA5_cEES7_RKT_RKT0_
FNDA:0,_ZN7testing8internal33FormatForComparisonFailureMessageINSt7__cxx1112basic_stringIcSt11char_traitsIcESaIcEEEA6_cEES7_RKT_RKT0_
FNDA:0,_ZN7testing8internal33FormatForComparisonFailureMessageINSt7__cxx1112basic_stringIcSt11char_traitsIcESaIcEEEA7_cEES7_RKT_RKT0_
FNDA:0,_ZN7testing8internal33FormatForComparisonFailureMessageIiiEENSt7__cxx1112basic_stringIcSt11char_traitsIcESaIcEEERKT_RKT0_
FNDA:0,_ZN7testing8internal7PrintToIiEEvRKT_PSo
FNDA:0,_ZN7testing8internal7PrintToERKNSt7__cxx1112basic_stringIcSt11char_traitsIcESaIcEEEPSo
FNDA:0,_ZN7testing8internal16UniversalPrinterINSt7__cxx1112basic_stringIcSt11char_traitsIcESaIcEEEE5PrintERKS7_PSo
FNDA:0,_ZN7testing8internal16UniversalPrinterIiE5PrintERKiPSo
FNDA:0,_ZN7testing8internal21UniversalTersePrinterINSt7__cxx1112basic_stringIcSt11char_traitsIcESaIcEEEE5PrintERKS7_PSo
FNDA:0,_ZN7testing8internal21UniversalTersePrinterIiE5PrintERKiPSo
FNF:41
FNH:0
DA:221,0
DA:225,0
DA:226,0
DA:326,0
DA:336,0
DA:337,0
DA:357,0
DA:358,0
DA:366,0
DA:367,0
DA:411,0
DA:437,0
DA:439,0
DA:464,0
DA:465,0
DA:466,0
DA:660,0
DA:661,0
DA:662,0
DA:799,0
DA:808,0
DA:809,0
DA:989,0
DA:990,0
DA:991,0
DA:1017,0
DA:1018,0
DA:1019,0
DA:1021,0
DA:1023,0
DA:1108,0
DA:1112,0
DA:1113,0
DA:1148,0
DA:1149,0
DA:1150,0
DA:1151,0
DA:1152,0
LF:38
LH:0
end_of_record
TN:
SF:/usr/include/gtest/gtest.h
FN:1359,1365,_ZN7testing8internal18CmpHelperEQFailureINSt7__cxx1112basic_stringIcSt11char_traitsIcESaIcEEEA1_cEENS_15AssertionResultEPKcSB_RKT_RKT0_
FN:1359,1365,_ZN7testing8internal18CmpHelperEQFailureINSt7__cxx1112basic_stringIcSt11char_traitsIcESaIcEEEA2_cEENS_15AssertionResultEPKcSB_RKT_RKT0_
FN:1359,1365,_ZN7testing8internal18CmpHelperEQFailureINSt7__cxx1112basic_stringIcSt11char_traitsIcESaIcEEEA4_cEENS_15AssertionResultEPKcSB_RKT_RKT0_
FN:1359,1365,_ZN7testing8internal18CmpHelperEQFailureINSt7__cxx1112basic_stringIcSt11char_traitsIcESaIcEEEA5_cEENS_15AssertionResultEPKcSB_RKT_RKT0_
FN:1359,1365,_ZN7testing8internal18CmpHelperEQFailureINSt7__cxx1112basic_stringIcSt11char_traitsIcESaIcEEEA6_cEENS_15AssertionResultEPKcSB_RKT_RKT0_
FN:1359,1365,_ZN7testing8internal18CmpHelperEQFailureINSt7__cxx1112basic_stringIcSt11char_traitsIcESaIcEEEA7_cEENS_15AssertionResultEPKcSB_RKT_RKT0_
FN:1359,1365,_ZN7testing8internal18CmpHelperEQFailureIiiEENS_15AssertionResultEPKcS4_RKT_RKT0_
FN:1376,1384,_ZN7testing8internal11CmpHelperEQINSt7__cxx1112basic_stringIcSt11char_traitsIcESaIcEEEA1_cEENS_15AssertionResultEPKcSB_RKT_RKT0_
FN:1376,1384,_ZN7testing8internal11CmpHelperEQINSt7__cxx1112basic_stringIcSt11char_traitsIcESaIcEEEA2_cEENS_15AssertionResultEPKcSB_RKT_RKT0_
FN:1376,1384,_ZN7testing8internal11CmpHelperEQINSt7__cxx1112basic_stringIcSt11char_traitsIcESaIcEEEA4_cEENS_15AssertionResultEPKcSB_RKT_RKT0_
FN:1376,1384,_ZN7testing8internal11CmpHelperEQINSt7__cxx1112basic_stringIcSt11char_traitsIcESaIcEEEA5_cEENS_15AssertionResultEPKcSB_RKT_RKT0_
FN:1376,1384,_ZN7testing8internal11CmpHelperEQINSt7__cxx1112basic_stringIcSt11char_traitsIcESaIcEEEA6_cEENS_15AssertionResultEPKcSB_RKT_RKT0_
FN:1376,1384,_ZN7testing8internal11CmpHelperEQINSt7__cxx1112basic_stringIcSt11char_traitsIcESaIcEEEA7_cEENS_15AssertionResultEPKcSB_RKT_RKT0_
FN:1376,1384,_ZN7testing8internal11CmpHelperEQIiiEENS_15AssertionResultEPKcS4_RKT_RKT0_
FN:1395,1399,_ZN7testing8internal8EqHelper7CompareINSt7__cxx1112basic_stringIcSt11char_traitsIcESaIcEEEA1_cLPv0EEENS_15AssertionResultEPKcSD_RKT_RKT0_
FN:1395,1399,_ZN7testing8internal8EqHelper7CompareINSt7__cxx1112basic_stringIcSt11char_traitsIcESaIcEEEA2_cLPv0EEENS_15AssertionResultEPKcSD_RKT_RKT0_
FN:1395,1399,_ZN7testing8internal8EqHelper7CompareINSt7__cxx1112basic_stringIcSt11char_traitsIcESaIcEEEA4_cLPv0EEENS_15AssertionResultEPKcSD_RKT_RKT0_
FN:1395,1399,_ZN7testing8internal8EqHelper7CompareINSt7__cxx1112basic_stringIcSt11char_traitsIcESaIcEEEA5_cLPv0EEENS_15AssertionResultEPKcSD_RKT_RKT0_
FN:1395,1399,_ZN7testing8internal8EqHelper7CompareINSt7__cxx1112basic_stringIcSt11char_traitsIcESaIcEEEA6_cLPv0EEENS_15AssertionResultEPKcSD_RKT_RKT0_
FN:1395,1399,_ZN7testing8internal8EqHelper7CompareINSt7__cxx1112basic_stringIcSt11char_traitsIcESaIcEEEA7_cLPv0EEENS_15AssertionResultEPKcSD_RKT_RKT0_
FN:1395,1399,_ZN7testing8internal8EqHelper7CompareIiiLPv0EEENS_15AssertionResultEPKcS6_RKT_RKT0_
FN:256,256,_ZN7testing4Test14SetUpTestSuiteEv
FN:264,264,_ZN7testing4Test17TearDownTestSuiteEv
FN:269,269,_ZN7testing4Test16TearDownTestCaseEv
FN:270,270,_ZN7testing4Test13SetUpTestCaseEv
FN:357,357,_ZN7testing4Test5SetupEv
FNDA:0,_ZN7testing8internal18CmpHelperEQFailureINSt7__cxx1112basic_stringIcSt11char_traitsIcESaIcEEEA1_cEENS_15AssertionResultEPKcSB_RKT_RKT0_
FNDA:0,_ZN7testing8internal18CmpHelperEQFailureINSt7__cxx1112basic_stringIcSt11char_traitsIcESaIcEEEA2_cEENS_15AssertionResultEPKcSB_RKT_RKT0_
FNDA:0,_ZN7testing8internal18CmpHelperEQFailureINSt7__cxx1112basic_stringIcSt11char_traitsIcESaIcEEEA4_cEENS_15AssertionResultEPKcSB_RKT_RKT0_
FNDA:0,_ZN7testing8internal18CmpHelperEQFailureINSt7__cxx1112basic_stringIcSt11char_traitsIcESaIcEEEA5_cEENS_15AssertionResultEPKcSB_RKT_RKT0_
FNDA:0,_ZN7testing8internal18CmpHelperEQFailureINSt7__cxx1112basic_stringIcSt11char_traitsIcESaIcEEEA6_cEENS_15AssertionResultEPKcSB_RKT_RKT0_
FNDA:0,_ZN7testing8internal18CmpHelperEQFailureINSt7__cxx1112basic_stringIcSt11char_traitsIcESaIcEEEA7_cEENS_15AssertionResultEPKcSB_RKT_RKT0_
FNDA:0,_ZN7testing8internal18CmpHelperEQFailureIiiEENS_15AssertionResultEPKcS4_RKT_RKT0_
FNDA:1,_ZN7testing8internal11CmpHelperEQINSt7__cxx1112basic_stringIcSt11char_traitsIcESaIcEEEA1_cEENS_15AssertionResultEPKcSB_RKT_RKT0_
FNDA:3,_ZN7testing8internal11CmpHelperEQINSt7__cxx1112basic_stringIcSt11char_traitsIcESaIcEEEA2_cEENS_15AssertionResultEPKcSB_RKT_RKT0_
FNDA:3,_ZN7testing8internal11CmpHelperEQINSt7__cxx1112basic_stringIcSt11char_traitsIcESaIcEEEA4_cEENS_15AssertionResultEPKcSB_RKT_RKT0_
FNDA:1,_ZN7testing8internal11CmpHelperEQINSt7__cxx1112basic_stringIcSt11char_traitsIcESaIcEEEA5_cEENS_15AssertionResultEPKcSB_RKT_RKT0_
FNDA:3,_ZN7testing8internal11CmpHelperEQINSt7__cxx1112basic_stringIcSt11char_traitsIcESaIcEEEA6_cEENS_15AssertionResultEPKcSB_RKT_RKT0_
FNDA:1,_ZN7testing8internal11CmpHelperEQINSt7__cxx1112basic_stringIcSt11char_traitsIcESaIcEEEA7_cEENS_15AssertionResultEPKcSB_RKT_RKT0_
FNDA:7,_ZN7testing8internal11CmpHelperEQIiiEENS_15AssertionResultEPKcS4_RKT_RKT0_
FNDA:1,_ZN7testing8internal8EqHelper7CompareINSt7__cxx1112basic_stringIcSt11char_traitsIcESaIcEEEA1_cLPv0EEENS_15AssertionResultEPKcSD_RKT_RKT0_
FNDA:3,_ZN7testing8internal8EqHelper7CompareINSt7__cxx1112basic_stringIcSt11char_traitsIcESaIcEEEA2_cLPv0EEENS_15AssertionResultEPKcSD_RKT_RKT0_
FNDA:3,_ZN7testing8internal8EqHelper7CompareINSt7__cxx1112basic_stringIcSt11char_traitsIcESaIcEEEA4_cLPv0EEENS_15AssertionResultEPKcSD_RKT_RKT0_
FNDA:1,_ZN7testing8internal8EqHelper7CompareINSt7__cxx1112basic_stringIcSt11char_traitsIcESaIcEEEA5_cLPv0EEENS_15AssertionResultEPKcSD_RKT_RKT0_
FNDA:3,_ZN7testing8internal8EqHelper7CompareINSt7__cxx1112basic_stringIcSt11char_traitsIcESaIcEEEA6_cLPv0EEENS_15AssertionResultEPKcSD_RKT_RKT0_
FNDA:1,_ZN7testing8internal8EqHelper7CompareINSt7__cxx1112basic_stringIcSt11char_traitsIcESaIcEEEA7_cLPv0EEENS_15AssertionResultEPKcSD_RKT_RKT0_
FNDA:7,_ZN7testing8internal8EqHelper7CompareIiiLPv0EEENS_15AssertionResultEPKcS6_RKT_RKT0_
FNDA:0,_ZN7testing4Test14SetUpTestSuiteEv
FNDA:0,_ZN7testing4Test17TearDownTestSuiteEv
FNDA:0,_ZN7testing4Test16TearDownTestCaseEv
FNDA:0,_ZN7testing4Test13SetUpTestCaseEv
FNDA:0,_ZN7testing4Test5SetupEv
FNF:26
FNH:14
DA:256,0
DA:264,0
DA:269,0
DA:270,0
DA:357,0
DA:1359,0
DA:1364,0
DA:1376,19
DA:1379,19
DA:1380,19
DA:1383,0
DA:1395,19
DA:1398,19
LF:13
LH:5
end_of_record
TN:
SF:/usr/include/gtest/internal/gtest-internal.h
FN:438,438,_ZN7testing8internal15TestFactoryBaseD0Ev
FN:438,438,_ZN7testing8internal15TestFactoryBaseD2Ev
FN:445,445,_ZN7testing8internal15TestFactoryBaseC2Ev
FN:457,457,_ZN7testing8internal15TestFactoryImplI29ArrayTest_AddToEndAndGet_TestE10CreateTestEv
FN:457,457,_ZN7testing8internal15TestFactoryImplI29ArrayTest_GetLengthValue_TestE10CreateTestEv
FN:457,457,_ZN7testing8internal15TestFactoryImplI30ArrayTest_AddByIndexValid_TestE10CreateTestEv
FN:457,457,_ZN7testing8internal15TestFactoryImplI31ArrayTest_AddToEndWhenFull_TestE10CreateTestEv
FN:457,457,_ZN7testing8internal15TestFactoryImplI32ArrayTest_AddByIndexInvalid_TestE10CreateTestEv
FN:457,457,_ZN7testing8internal15TestFactoryImplI32ArrayTest_TextSerialization_TestE10CreateTestEv
FN:457,457,_ZN7testing8internal15TestFactoryImplI33ArrayTest_DeleteByIndexValid_TestE10CreateTestEv
FN:457,457,_ZN7testing8internal15TestFactoryImplI33ArrayTest_SetAndGetElementAt_TestE10CreateTestEv
FN:457,457,_ZN7testing8internal15TestFactoryImplI34ArrayTest_BinarySerialization_TestE10CreateTestEv
FN:457,457,_ZN7testing8internal15TestFactoryImplI34ArrayTest_ReplaceByIndexValid_TestE10CreateTestEv
FN:457,457,_ZN7testing8internal15TestFactoryImplI35ArrayTest_DeleteByIndexInvalid_TestE10CreateTestEv
FN:457,457,_ZN7testing8internal15TestFactoryImplI36ArrayTest_ReplaceByIndexInvalid_TestE10CreateTestEv
FN:478,479,_ZN7testing8internal12CodeLocationC2ERKNSt7__cxx1112basic_stringIcSt11char_traitsIcESaIcEEEi
FN:491,494,_ZN7testing8internal19GetNotDefaultOrNullEPFvvES2_
FN:506,525,_ZN7testing8internal16SuiteApiResolverINS_4TestEE19GetSetUpCaseOrSuiteEPKci
FN:527,546,_ZN7testing8internal16SuiteApiResolverINS_4TestEE22GetTearDownCaseOrSuiteEPKci
FNDA:0,_ZN7testing8internal15TestFactoryBaseD0Ev
FNDA:12,_ZN7testing8internal15TestFactoryBaseD2Ev
FNDA:12,_ZN7testing8internal15TestFactoryBaseC2Ev
FNDA:1,_ZN7testing8internal15TestFactoryImplI29ArrayTest_AddToEndAndGet_TestE10CreateTestEv
FNDA:1,_ZN7testing8internal15TestFactoryImplI29ArrayTest_GetLengthValue_TestE10CreateTestEv
FNDA:1,_ZN7testing8internal15TestFactoryImplI30ArrayTest_AddByIndexValid_TestE10CreateTestEv
FNDA:1,_ZN7testing8internal15TestFactoryImplI31ArrayTest_AddToEndWhenFull_TestE10CreateTestEv
FNDA:1,_ZN7testing8internal15TestFactoryImplI32ArrayTest_AddByIndexInvalid_TestE10CreateTestEv
FNDA:1,_ZN7testing8internal15TestFactoryImplI32ArrayTest_TextSerialization_TestE10CreateTestEv
FNDA:1,_ZN7testing8internal15TestFactoryImplI33ArrayTest_DeleteByIndexValid_TestE10CreateTestEv
FNDA:1,_ZN7testing8internal15TestFactoryImplI33ArrayTest_SetAndGetElementAt_TestE10CreateTestEv
FNDA:1,_ZN7testing8internal15TestFactoryImplI34ArrayTest_BinarySerialization_TestE10CreateTestEv
FNDA:1,_ZN7testing8internal15TestFactoryImplI34ArrayTest_ReplaceByIndexValid_TestE10CreateTestEv
FNDA:1,_ZN7testing8internal15TestFactoryImplI35ArrayTest_DeleteByIndexInvalid_TestE10CreateTestEv
FNDA:1,_ZN7testing8internal15TestFactoryImplI36ArrayTest_ReplaceByIndexInvalid_TestE10CreateTestEv
FNDA:12,_ZN7testing8internal12CodeLocationC2ERKNSt7__cxx1112basic_stringIcSt11char_traitsIcESaIcEEEi
FNDA:48,_ZN7testing8internal19GetNotDefaultOrNullEPFvvES2_
FNDA:12,_ZN7testing8internal16SuiteApiResolverINS_4TestEE19GetSetUpCaseOrSuiteEPKci
FNDA:12,_ZN7testing8internal16SuiteApiResolverINS_4TestEE22GetTearDownCaseOrSuiteEPKci
FNF:19
FNH:18
DA:438,12
DA:445,12
DA:457,12
DA:478,12
DA:479,12
DA:491,48
DA:493,48
DA:506,12
DA:510,12
DA:512,12
DA:514,12
DA:517,0
DA:519,12
DA:527,12
DA:531,12
DA:533,12
DA:535,12
DA:538,0
DA:540,12
LF:19
LH:17
end_of_record
TN:
SF:/usr/include/gtest/internal/gtest-port.h
FN:1042,1042,_ZN7testing8internal8GTestLog9GetStreamEv
FNDA:0,_ZN7testing8internal8GTestLog9GetStreamEv
FNF:1
FNH:0
DA:1042,0
LF:1
LH:0
end_of_record
TN:
SF:/usr/include/x86_64-linux-gnu/c++/13/bits/c++config.h
FN:540,551,_ZSt23__is_constant_evaluatedv
FNDA:55,_ZSt23__is_constant_evaluatedv
FNF:1
FNH:1
DA:540,55
DA:547,55
LF:2
LH:2
end_of_record
