TN:
SF:/home/angelina/Рабочий стол/proga/lab3/n2.2/array.h
FN:108,127,_ZN5Array17deserializeBinaryERSi
FN:129,134,_ZNK5Array13serializeTextERSo
FN:136,151,_ZN5Array15deserializeTextERSi
FN:15,19,_ZN5ArrayC2Ei
FN:21,21,_ZN5ArrayD2Ev
FN:23,35,_ZN5Array10addByIndexEiRKNSt7__cxx1112basic_stringIcSt11char_traitsIcESaIcEEE
FN:37,44,_ZN5Array8addToEndERKNSt7__cxx1112basic_stringIcSt11char_traitsIcESaIcEEE
FN:54,66,_ZN5Array13deleteByIndexB5cxx11Ei
FN:68,74,_ZN5Array14replaceByIndexEiRKNSt7__cxx1112basic_stringIcSt11char_traitsIcESaIcEEE
FN:84,84,_ZNK5Array14getLengthValueEv
FN:85,85,_ZNK5Array12getSizeValueEv
FN:86,88,_ZNK5Array12getElementAtB5cxx11Ei
FN:89,92,_ZN5Array12setElementAtEiRKNSt7__cxx1112basic_stringIcSt11char_traitsIcESaIcEEE
FN:93,96,_ZN5Array7setSizeEi
FN:98,106,_ZNK5Array15serializeBinaryERSo
FNDA:1,_ZN5Array17deserializeBinaryERSi
FNDA:1,_ZNK5Array13serializeTextERSo
FNDA:1,_ZN5Array15deserializeTextERSi
FNDA:14,_ZN5ArrayC2Ei
FNDA:14,_ZN5ArrayD2Ev
FNDA:3,_ZN5Array10addByIndexEiRKNSt7__cxx1112basic_stringIcSt11char_traitsIcESaIcEEE
FNDA:13,_ZN5Array8addToEndERKNSt7__cxx1112basic_stringIcSt11char_traitsIcESaIcEEE
FNDA:2,_ZN5Array13deleteByIndexB5cxx11Ei
FNDA:2,_ZN5Array14replaceByIndexEiRKNSt7__cxx1112basic_stringIcSt11char_traitsIcESaIcEEE
FNDA:1,_ZNK5Array14getLengthValueEv
FNDA:6,_ZNK5Array12getSizeValueEv
FNDA:10,_ZNK5Array12getElementAtB5cxx11Ei
FNDA:1,_ZN5Array12setElementAtEiRKNSt7__cxx1112basic_stringIcSt11char_traitsIcESaIcEEE
FNDA:1,_ZN5Array7setSizeEi
FNDA:1,_ZNK5Array15serializeBinaryERSo
FNF:15
FNH:15
DA:15,14
DA:16,14
DA:17,14
DA:18,54
DA:19,14
DA:21,54
DA:23,3
DA:24,3
DA:25,2
DA:26,1
DA:27,0
DA:29,2
DA:30,1
DA:32,1
DA:33,1
DA:35,3
DA:37,13
DA:38,13
DA:39,1
DA:41,12
DA:42,12
DA:44,13
DA:54,2
DA:55,2
DA:56,1
DA:57,2
DA:59,1
DA:60,2
DA:61,1
DA:63,1
DA:64,1
DA:65,1
DA:68,2
DA:69,2
DA:70,1
DA:72,1
DA:74,2
DA:84,1
DA:85,6
DA:86,10
DA:87,20
DA:89,1
DA:90,1
DA:91,1
DA:92,1
DA:93,1
DA:94,1
DA:95,1
DA:96,1
DA:98,1
DA:99,1
DA:100,1
DA:101,3
DA:102,2
DA:103,2
DA:104,2
DA:106,1
DA:108,1
DA:110,1
DA:111,1
DA:113,1
DA:114,0
DA:115,0
DA:116,0
DA:118,1
DA:120,3
DA:122,2
DA:123,2
DA:124,2
DA:125,2
DA:126,2
DA:127,1
DA:129,1
DA:130,1
DA:131,3
DA:132,2
DA:134,1
DA:136,1
DA:138,1
DA:139,1
DA:141,1
DA:142,0
DA:143,0
DA:144,0
DA:146,1
DA:148,3
DA:149,2
DA:151,1
LF:88
LH:81
end_of_record
TN:
SF:/home/angelina/Рабочий стол/proga/lab3/n2.2/doubleLinkedList.h
FN:120,137,_ZN16DoubleLinkedList10DeleteHeadB5cxx11Ev
FN:139,156,_ZN16DoubleLinkedList10DeleteTailB5cxx11Ev
FN:158,163,_ZN16DoubleLinkedList14DisplayForwardEPNS_10DoubleNodeE
FN:165,170,_ZN16DoubleLinkedList15DisplayBackwardEPNS_10DoubleNodeE
FN:172,191,_ZN16DoubleLinkedList11FindByValueERKNSt7__cxx1112basic_stringIcSt11char_traitsIcESaIcEEEPi
FN:193,205,_ZN16DoubleLinkedList16AddElementBeforeERKNSt7__cxx1112basic_stringIcSt11char_traitsIcESaIcEEES7_
FN:207,219,_ZN16DoubleLinkedList15AddElementAfterERKNSt7__cxx1112basic_stringIcSt11char_traitsIcESaIcEEES7_
FN:221,238,_ZN16DoubleLinkedList19DeleteElementBeforeERKNSt7__cxx1112basic_stringIcSt11char_traitsIcESaIcEEE
FN:24,28,_ZN16DoubleLinkedListC2Ev
FN:240,258,_ZN16DoubleLinkedList18DeleteElementAfterERKNSt7__cxx1112basic_stringIcSt11char_traitsIcESaIcEEE
FN:260,266,_ZN16DoubleLinkedList19DeleteElementAtHeadB5cxx11Ev
FN:268,274,_ZN16DoubleLinkedList19DeleteElementAtTailB5cxx11Ev
FN:276,291,_ZN16DoubleLinkedList20DeleteElementByValueERKNSt7__cxx1112basic_stringIcSt11char_traitsIcESaIcEEE
FN:293,301,_ZN16DoubleLinkedList11DisplayListEv
FN:30,33,_ZN16DoubleLinkedListD2Ev
FN:303,307,_ZN16DoubleLinkedList13SearchElementERKNSt7__cxx1112basic_stringIcSt11char_traitsIcESaIcEEE
FN:309,317,_ZNK16DoubleLinkedList14getAllElementsB5cxx11Ev
FN:322,330,_ZNK16DoubleLinkedList7GetSizeEv
FN:332,343,_ZNK16DoubleLinkedList15serializeBinaryERSo
FN:345,358,_ZN16DoubleLinkedList17deserializeBinaryERSi
FN:35,42,_ZN16DoubleLinkedList5ClearEv
FN:360,368,_ZNK16DoubleLinkedList13serializeTextERSo
FN:370,383,_ZN16DoubleLinkedList15deserializeTextERSi
FN:44,54,_ZN16DoubleLinkedList8AddAfterEPNS_10DoubleNodeERKNSt7__cxx1112basic_stringIcSt11char_traitsIcESaIcEEE
FN:56,66,_ZN16DoubleLinkedList9AddBeforeEPNS_10DoubleNodeERKNSt7__cxx1112basic_stringIcSt11char_traitsIcESaIcEEE
FN:68,80,_ZN16DoubleLinkedList7AddHeadERKNSt7__cxx1112basic_stringIcSt11char_traitsIcESaIcEEE
FN:82,94,_ZN16DoubleLinkedList7AddTailERKNSt7__cxx1112basic_stringIcSt11char_traitsIcESaIcEEE
FN:96,118,_ZN16DoubleLinkedList10DeleteNodeB5cxx11EPNS_10DoubleNodeE
FNDA:4,_ZN16DoubleLinkedList10DeleteHeadB5cxx11Ev
FNDA:4,_ZN16DoubleLinkedList10DeleteTailB5cxx11Ev
FNDA:3,_ZN16DoubleLinkedList14DisplayForwardEPNS_10DoubleNodeE
FNDA:3,_ZN16DoubleLinkedList15DisplayBackwardEPNS_10DoubleNodeE
FNDA:15,_ZN16DoubleLinkedList11FindByValueERKNSt7__cxx1112basic_stringIcSt11char_traitsIcESaIcEEEPi
FNDA:3,_ZN16DoubleLinkedList16AddElementBeforeERKNSt7__cxx1112basic_stringIcSt11char_traitsIcESaIcEEES7_
FNDA:3,_ZN16DoubleLinkedList15AddElementAfterERKNSt7__cxx1112basic_stringIcSt11char_traitsIcESaIcEEES7_
FNDA:2,_ZN16DoubleLinkedList19DeleteElementBeforeERKNSt7__cxx1112basic_stringIcSt11char_traitsIcESaIcEEE
FNDA:15,_ZN16DoubleLinkedListC2Ev
FNDA:2,_ZN16DoubleLinkedList18DeleteElementAfterERKNSt7__cxx1112basic_stringIcSt11char_traitsIcESaIcEEE
FNDA:5,_ZN16DoubleLinkedList19DeleteElementAtHeadB5cxx11Ev
FNDA:3,_ZN16DoubleLinkedList19DeleteElementAtTailB5cxx11Ev
FNDA:2,_ZN16DoubleLinkedList20DeleteElementByValueERKNSt7__cxx1112basic_stringIcSt11char_traitsIcESaIcEEE
FNDA:1,_ZN16DoubleLinkedList11DisplayListEv
FNDA:15,_ZN16DoubleLinkedListD2Ev
FNDA:2,_ZN16DoubleLinkedList13SearchElementERKNSt7__cxx1112basic_stringIcSt11char_traitsIcESaIcEEE
FNDA:5,_ZNK16DoubleLinkedList14getAllElementsB5cxx11Ev
FNDA:2,_ZNK16DoubleLinkedList7GetSizeEv
FNDA:1,_ZNK16DoubleLinkedList15serializeBinaryERSo
FNDA:1,_ZN16DoubleLinkedList17deserializeBinaryERSi
FNDA:17,_ZN16DoubleLinkedList5ClearEv
FNDA:1,_ZNK16DoubleLinkedList13serializeTextERSo
FNDA:1,_ZN16DoubleLinkedList15deserializeTextERSi
FNDA:1,_ZN16DoubleLinkedList8AddAfterEPNS_10DoubleNodeERKNSt7__cxx1112basic_stringIcSt11char_traitsIcESaIcEEE
FNDA:1,_ZN16DoubleLinkedList9AddBeforeEPNS_10DoubleNodeERKNSt7__cxx1112basic_stringIcSt11char_traitsIcESaIcEEE
FNDA:9,_ZN16DoubleLinkedList7AddHeadERKNSt7__cxx1112basic_stringIcSt11char_traitsIcESaIcEEE
FNDA:25,_ZN16DoubleLinkedList7AddTailERKNSt7__cxx1112basic_stringIcSt11char_traitsIcESaIcEEE
FNDA:1,_ZN16DoubleLinkedList10DeleteNodeB5cxx11EPNS_10DoubleNodeE
FNF:28
FNH:28
DA:24,15
DA:25,15
DA:26,15
DA:27,15
DA:28,15
DA:30,15
DA:31,15
DA:32,15
DA:33,15
DA:35,17
DA:36,61
DA:37,27
DA:38,27
DA:39,27
DA:41,17
DA:42,17
DA:44,1
DA:45,1
DA:46,1
DA:47,1
DA:48,1
DA:50,1
DA:51,1
DA:53,1
DA:54,1
DA:56,1
DA:57,1
DA:58,1
DA:59,1
DA:60,1
DA:62,1
DA:63,1
DA:65,1
DA:66,1
DA:68,9
DA:69,9
DA:70,9
DA:71,9
DA:72,9
DA:74,9
DA:75,2
DA:77,7
DA:79,9
DA:80,9
DA:82,25
DA:83,25
DA:84,25
DA:85,25
DA:86,25
DA:88,25
DA:89,17
DA:91,8
DA:93,25
DA:94,25
DA:96,1
DA:97,1
DA:98,0
DA:100,1
DA:102,1
DA:103,0
DA:105,1
DA:106,0
DA:109,1
DA:110,1
DA:112,1
DA:113,1
DA:116,1
DA:117,1
DA:118,1
DA:120,4
DA:121,4
DA:122,0
DA:124,4
DA:125,4
DA:127,4
DA:129,4
DA:130,3
DA:132,1
DA:135,4
DA:136,4
DA:137,4
DA:139,4
DA:140,4
DA:141,0
DA:143,4
DA:144,4
DA:146,4
DA:148,4
DA:149,2
DA:151,2
DA:154,4
DA:155,4
DA:156,4
DA:158,3
DA:159,3
DA:160,1
DA:161,2
DA:162,2
DA:165,3
DA:166,3
DA:167,1
DA:168,2
DA:169,2
DA:172,15
DA:173,15
DA:174,15
DA:176,27
DA:177,22
DA:178,10
DA:179,1
DA:181,10
DA:183,12
DA:184,12
DA:187,5
DA:188,2
DA:190,5
DA:193,3
DA:194,3
DA:195,3
DA:196,2
DA:197,1
DA:199,1
DA:202,1
DA:203,1
DA:205,3
DA:207,3
DA:208,3
DA:209,3
DA:210,2
DA:211,1
DA:213,1
DA:216,1
DA:217,1
DA:219,3
DA:221,2
DA:222,2
DA:223,2
DA:224,2
DA:225,1
DA:226,1
DA:227,0
DA:228,1
DA:229,1
DA:230,2
DA:233,0
DA:234,0
DA:235,0
DA:237,0
DA:240,2
DA:241,2
DA:242,2
DA:243,2
DA:244,1
DA:245,1
DA:246,0
DA:247,1
DA:248,1
DA:249,1
DA:250,2
DA:253,0
DA:254,0
DA:255,0
DA:257,0
DA:260,5
DA:261,5
DA:262,2
DA:263,4
DA:265,3
DA:268,3
DA:269,3
DA:270,0
DA:271,0
DA:273,3
DA:276,2
DA:277,2
DA:278,2
DA:279,1
DA:280,0
DA:281,1
DA:282,0
DA:284,1
DA:287,1
DA:288,1
DA:289,2
DA:293,1
DA:294,1
DA:295,1
DA:296,1
DA:298,1
DA:299,1
DA:300,1
DA:301,1
DA:303,2
DA:304,2
DA:305,2
DA:306,2
DA:309,5
DA:310,5
DA:311,5
DA:312,21
DA:313,16
DA:314,16
DA:316,5
DA:317,0
DA:322,2
DA:323,2
DA:324,2
DA:325,6
DA:326,4
DA:327,4
DA:329,2
DA:332,1
DA:333,1
DA:334,1
DA:336,1
DA:337,3
DA:338,2
DA:339,2
DA:340,2
DA:341,2
DA:343,1
DA:345,1
DA:346,1
DA:347,1
DA:348,1
DA:349,0
DA:351,3
DA:353,2
DA:354,2
DA:355,2
DA:356,2
DA:357,2
DA:360,1
DA:361,1
DA:362,1
DA:363,1
DA:364,3
DA:365,2
DA:366,2
DA:368,1
DA:370,1
DA:371,1
DA:372,1
DA:373,1
DA:374,0
DA:375,1
DA:377,3
DA:378,2
DA:379,2
DA:380,2
DA:382,2
LF:251
LH:229
end_of_record
TN:
SF:/home/angelina/Рабочий стол/proga/lab3/n2.2/singlyLinkedList.h
FN:106,123,_ZN16SinglyLinkedList16AddElementBeforeERKNSt7__cxx1112basic_stringIcSt11char_traitsIcESaIcEEES7_
FN:125,133,_ZN16SinglyLinkedList15AddElementAfterERKNSt7__cxx1112basic_stringIcSt11char_traitsIcESaIcEEES7_
FN:135,146,_ZN16SinglyLinkedList16AddElementAtTailERKNSt7__cxx1112basic_stringIcSt11char_traitsIcESaIcEEE
FN:148,169,_ZN16SinglyLinkedList19DeleteElementBeforeERKNSt7__cxx1112basic_stringIcSt11char_traitsIcESaIcEEE
FN:171,186,_ZN16SinglyLinkedList18DeleteElementAfterERKNSt7__cxx1112basic_stringIcSt11char_traitsIcESaIcEEE
FN:188,194,_ZN16SinglyLinkedList19DeleteElementAtHeadB5cxx11Ev
FN:196,211,_ZN16SinglyLinkedList19DeleteElementAtTailB5cxx11Ev
FN:21,24,_ZN16SinglyLinkedListC2Ev
FN:213,231,_ZN16SinglyLinkedList20DeleteElementByValueERKNSt7__cxx1112basic_stringIcSt11char_traitsIcESaIcEEE
FN:247,251,_ZN16SinglyLinkedList13SearchElementERKNSt7__cxx1112basic_stringIcSt11char_traitsIcESaIcEEE
FN:255,263,_ZNK16SinglyLinkedList7GetSizeEv
FN:26,29,_ZN16SinglyLinkedListD2Ev
FN:265,278,_ZNK16SinglyLinkedList15serializeBinaryERSo
FN:280,295,_ZN16SinglyLinkedList17deserializeBinaryERSi
FN:297,306,_ZNK16SinglyLinkedList13serializeTextERSo
FN:308,322,_ZN16SinglyLinkedList15deserializeTextERSi
FN:31,37,_ZN16SinglyLinkedList5ClearEv
FN:39,44,_ZN16SinglyLinkedList8AddAfterEPNS_10SinglyNodeERKNSt7__cxx1112basic_stringIcSt11char_traitsIcESaIcEEE
FN:46,49,_ZN16SinglyLinkedList7AddHeadERKNSt7__cxx1112basic_stringIcSt11char_traitsIcESaIcEEE
FN:51,56,_ZN16SinglyLinkedList7AddTailEPNS_10SinglyNodeERKNSt7__cxx1112basic_stringIcSt11char_traitsIcESaIcEEE
FN:58,66,_ZN16SinglyLinkedList11DeleteAfterB5cxx11EPNS_10SinglyNodeE
FN:68,76,_ZN16SinglyLinkedList10DeleteHeadB5cxx11Ev
FN:85,104,_ZN16SinglyLinkedList11FindByValueERKNSt7__cxx1112basic_stringIcSt11char_traitsIcESaIcEEEPi
FNDA:2,_ZN16SinglyLinkedList16AddElementBeforeERKNSt7__cxx1112basic_stringIcSt11char_traitsIcESaIcEEES7_
FNDA:2,_ZN16SinglyLinkedList15AddElementAfterERKNSt7__cxx1112basic_stringIcSt11char_traitsIcESaIcEEES7_
FNDA:15,_ZN16SinglyLinkedList16AddElementAtTailERKNSt7__cxx1112basic_stringIcSt11char_traitsIcESaIcEEE
FNDA:3,_ZN16SinglyLinkedList19DeleteElementBeforeERKNSt7__cxx1112basic_stringIcSt11char_traitsIcESaIcEEE
FNDA:3,_ZN16SinglyLinkedList18DeleteElementAfterERKNSt7__cxx1112basic_stringIcSt11char_traitsIcESaIcEEE
FNDA:9,_ZN16SinglyLinkedList19DeleteElementAtHeadB5cxx11Ev
FNDA:2,_ZN16SinglyLinkedList19DeleteElementAtTailB5cxx11Ev
FNDA:11,_ZN16SinglyLinkedListC2Ev
FNDA:2,_ZN16SinglyLinkedList20DeleteElementByValueERKNSt7__cxx1112basic_stringIcSt11char_traitsIcESaIcEEE
FNDA:6,_ZN16SinglyLinkedList13SearchElementERKNSt7__cxx1112basic_stringIcSt11char_traitsIcESaIcEEE
FNDA:2,_ZNK16SinglyLinkedList7GetSizeEv
FNDA:11,_ZN16SinglyLinkedListD2Ev
FNDA:1,_ZNK16SinglyLinkedList15serializeBinaryERSo
FNDA:1,_ZN16SinglyLinkedList17deserializeBinaryERSi
FNDA:1,_ZNK16SinglyLinkedList13serializeTextERSo
FNDA:1,_ZN16SinglyLinkedList15deserializeTextERSi
FNDA:13,_ZN16SinglyLinkedList5ClearEv
FNDA:1,_ZN16SinglyLinkedList8AddAfterEPNS_10SinglyNodeERKNSt7__cxx1112basic_stringIcSt11char_traitsIcESaIcEEE
FNDA:12,_ZN16SinglyLinkedList7AddHeadERKNSt7__cxx1112basic_stringIcSt11char_traitsIcESaIcEEE
FNDA:11,_ZN16SinglyLinkedList7AddTailEPNS_10SinglyNodeERKNSt7__cxx1112basic_stringIcSt11char_traitsIcESaIcEEE
FNDA:1,_ZN16SinglyLinkedList11DeleteAfterB5cxx11EPNS_10SinglyNodeE
FNDA:9,_ZN16SinglyLinkedList10DeleteHeadB5cxx11Ev
FNDA:18,_ZN16SinglyLinkedList11FindByValueERKNSt7__cxx1112basic_stringIcSt11char_traitsIcESaIcEEEPi
FNF:23
FNH:23
DA:21,11
DA:22,11
DA:23,11
DA:24,11
DA:26,11
DA:27,11
DA:28,11
DA:29,11
DA:31,13
DA:32,40
DA:33,14
DA:34,14
DA:35,14
DA:37,13
DA:39,1
DA:40,1
DA:41,1
DA:42,1
DA:43,1
DA:44,1
DA:46,12
DA:47,12
DA:48,12
DA:49,12
DA:51,11
DA:52,11
DA:53,11
DA:54,11
DA:55,11
DA:56,11
DA:58,1
DA:59,1
DA:60,0
DA:61,1
DA:62,1
DA:63,1
DA:64,1
DA:65,1
DA:66,1
DA:68,9
DA:69,9
DA:70,0
DA:71,9
DA:72,9
DA:73,9
DA:74,9
DA:75,9
DA:76,9
DA:85,18
DA:86,18
DA:87,18
DA:89,28
DA:90,21
DA:91,11
DA:92,8
DA:94,11
DA:96,10
DA:97,10
DA:100,7
DA:101,5
DA:103,7
DA:106,2
DA:107,2
DA:108,2
DA:109,2
DA:110,1
DA:111,1
DA:113,0
DA:114,0
DA:115,0
DA:117,0
DA:120,1
DA:121,1
DA:123,2
DA:125,2
DA:126,2
DA:127,2
DA:128,1
DA:130,1
DA:131,1
DA:133,2
DA:135,15
DA:136,15
DA:137,4
DA:138,4
DA:141,11
DA:142,14
DA:143,3
DA:145,11
DA:148,3
DA:149,3
DA:150,3
DA:151,3
DA:152,2
DA:153,1
DA:154,2
DA:155,1
DA:156,1
DA:158,0
DA:159,0
DA:160,0
DA:162,0
DA:165,1
DA:166,1
DA:167,2
DA:171,3
DA:172,3
DA:173,3
DA:174,2
DA:175,1
DA:177,1
DA:178,1
DA:179,2
DA:182,1
DA:183,1
DA:184,2
DA:188,9
DA:189,9
DA:190,3
DA:191,6
DA:193,6
DA:196,2
DA:197,2
DA:198,1
DA:199,2
DA:202,1
DA:203,1
DA:206,0
DA:207,0
DA:208,0
DA:210,0
DA:213,2
DA:214,2
DA:215,2
DA:216,2
DA:217,1
DA:218,1
DA:220,0
DA:221,0
DA:222,0
DA:224,0
DA:227,1
DA:228,1
DA:229,2
DA:247,6
DA:248,6
DA:249,6
DA:250,6
DA:255,2
DA:256,2
DA:257,2
DA:258,7
DA:259,5
DA:260,5
DA:262,2
DA:265,1
DA:266,1
DA:268,1
DA:270,1
DA:271,4
DA:272,3
DA:273,3
DA:274,3
DA:276,3
DA:278,1
DA:280,1
DA:281,1
DA:283,1
DA:284,1
DA:286,4
DA:287,3
DA:288,3
DA:290,3
DA:291,3
DA:293,3
DA:294,3
DA:295,1
DA:297,1
DA:298,1
DA:299,1
DA:301,1
DA:302,3
DA:303,2
DA:304,2
DA:306,1
DA:308,1
DA:309,1
DA:311,1
DA:312,1
DA:313,0
DA:315,1
DA:317,3
DA:318,2
DA:319,2
DA:320,2
DA:321,2
LF:196
LH:177
end_of_record
