TN:
SF:/home/angelina/Рабочий стол/proga/lab3/n2.2/HashTable.h
FN:112,134,_ZN9HashTable6removeERKNSt7__cxx1112basic_stringIcSt11char_traitsIcESaIcEEE
FN:136,151,_ZNK9HashTable9print_allEv
FN:153,156,_ZNK9HashTable8containsERKNSt7__cxx1112basic_stringIcSt11char_traitsIcESaIcEEE
FN:158,166,_ZNK9HashTable16get_all_elementsB5cxx11Ev
FN:16,16,_ZN5EntryC2Ev
FN:168,168,_ZNK9HashTable8get_sizeEv
FN:175,188,_ZNK9HashTable15serializeBinaryERSo
FN:190,210,_ZN9HashTable17deserializeBinaryERSi
FN:212,219,_ZNK9HashTable13serializeTextERSo
FN:221,238,_ZN9HashTable15deserializeTextERSi
FN:28,34,_ZN9HashTable13hash_functionERKNSt7__cxx1112basic_stringIcSt11char_traitsIcESaIcEEEm
FN:36,43,_ZN9HashTable14clear_internalEv
FN:46,52,_ZN9HashTableC2Em
FN:54,54,_ZN9HashTableD2Ev
FN:56,87,_ZN9HashTable6insertERKNSt7__cxx1112basic_stringIcSt11char_traitsIcESaIcEEEi
FN:89,110,_ZNK9HashTable4findERKNSt7__cxx1112basic_stringIcSt11char_traitsIcESaIcEEERi
FNDA:4,_ZN9HashTable6removeERKNSt7__cxx1112basic_stringIcSt11char_traitsIcESaIcEEE
FNDA:4,_ZNK9HashTable9print_allEv
FNDA:6,_ZNK9HashTable8containsERKNSt7__cxx1112basic_stringIcSt11char_traitsIcESaIcEEE
FNDA:2,_ZNK9HashTable16get_all_elementsB5cxx11Ev
FNDA:151,_ZN5EntryC2Ev
FNDA:2,_ZNK9HashTable8get_sizeEv
FNDA:2,_ZNK9HashTable15serializeBinaryERSo
FNDA:2,_ZN9HashTable17deserializeBinaryERSi
FNDA:2,_ZNK9HashTable13serializeTextERSo
FNDA:2,_ZN9HashTable15deserializeTextERSi
FNDA:44,_ZN9HashTable13hash_functionERKNSt7__cxx1112basic_stringIcSt11char_traitsIcESaIcEEEm
FNDA:4,_ZN9HashTable14clear_internalEv
FNDA:14,_ZN9HashTableC2Em
FNDA:14,_ZN9HashTableD2Ev
FNDA:27,_ZN9HashTable6insertERKNSt7__cxx1112basic_stringIcSt11char_traitsIcESaIcEEEi
FNDA:13,_ZNK9HashTable4findERKNSt7__cxx1112basic_stringIcSt11char_traitsIcESaIcEEERi
FNF:16
FNH:16
DA:16,151
DA:28,44
DA:29,44
DA:30,218
DA:31,174
DA:33,44
DA:36,4
DA:37,54
DA:38,50
DA:39,50
DA:40,50
DA:42,4
DA:43,4
DA:46,14
DA:47,14
DA:48,115
DA:49,115
DA:50,101
DA:52,14
DA:54,125
DA:56,27
DA:57,27
DA:58,0
DA:61,27
DA:62,27
DA:64,27
DA:65,27
DA:67,27
DA:68,2
DA:70,25
DA:71,25
DA:72,25
DA:73,25
DA:74,25
DA:77,4
DA:78,2
DA:79,2
DA:80,2
DA:83,0
DA:86,0
DA:89,13
DA:90,13
DA:91,13
DA:93,17
DA:94,17
DA:96,17
DA:97,4
DA:100,24
DA:101,11
DA:102,9
DA:103,9
DA:106,4
DA:109,0
DA:112,4
DA:113,4
DA:114,4
DA:116,8
DA:117,8
DA:119,8
DA:120,2
DA:123,10
DA:124,4
DA:125,2
DA:126,2
DA:127,2
DA:130,4
DA:133,0
DA:136,4
DA:137,4
DA:139,16
DA:140,12
DA:141,4
DA:142,4
DA:146,4
DA:147,2
DA:149,2
DA:151,4
DA:153,6
DA:155,6
DA:158,2
DA:159,2
DA:160,12
DA:161,10
DA:162,4
DA:165,2
DA:166,0
DA:168,2
DA:175,2
DA:176,2
DA:177,2
DA:179,27
DA:180,25
DA:181,3
DA:182,3
DA:183,3
DA:184,3
DA:188,2
DA:190,2
DA:192,2
DA:193,0
DA:194,2
DA:196,22
DA:197,2
DA:198,27
DA:199,2
DA:201,5
DA:203,3
DA:204,3
DA:205,3
DA:207,3
DA:208,3
DA:209,3
DA:212,2
DA:213,2
DA:214,27
DA:215,25
DA:216,3
DA:219,2
DA:221,2
DA:223,2
DA:224,0
DA:226,22
DA:227,2
DA:228,27
DA:229,2
DA:231,5
DA:232,3
DA:234,3
DA:235,3
DA:237,3
LF:130
LH:122
end_of_record
TN:
SF:/home/angelina/Рабочий стол/proga/lab3/n2.2/array.h
FN:108,127,_ZN5Array17deserializeBinaryERSi
FN:129,134,_ZNK5Array13serializeTextERSo
FN:136,151,_ZN5Array15deserializeTextERSi
FN:15,19,_ZN5ArrayC2Ei
FN:21,21,_ZN5ArrayD2Ev
FN:23,35,_ZN5Array10addByIndexEiRKNSt7__cxx1112basic_stringIcSt11char_traitsIcESaIcEEE
FN:37,44,_ZN5Array8addToEndERKNSt7__cxx1112basic_stringIcSt11char_traitsIcESaIcEEE
FN:54,66,_ZN5Array13deleteByIndexB5cxx11Ei
FN:68,74,_ZN5Array14replaceByIndexEiRKNSt7__cxx1112basic_stringIcSt11char_traitsIcESaIcEEE
FN:84,84,_ZNK5Array14getLengthValueEv
FN:85,85,_ZNK5Array12getSizeValueEv
FN:86,88,_ZNK5Array12getElementAtB5cxx11Ei
FN:89,92,_ZN5Array12setElementAtEiRKNSt7__cxx1112basic_stringIcSt11char_traitsIcESaIcEEE
FN:93,96,_ZN5Array7setSizeEi
FN:98,106,_ZNK5Array15serializeBinaryERSo
FNDA:3,_ZN5Array17deserializeBinaryERSi
FNDA:3,_ZNK5Array13serializeTextERSo
FNDA:3,_ZN5Array15deserializeTextERSi
FNDA:42,_ZN5ArrayC2Ei
FNDA:42,_ZN5ArrayD2Ev
FNDA:9,_ZN5Array10addByIndexEiRKNSt7__cxx1112basic_stringIcSt11char_traitsIcESaIcEEE
FNDA:39,_ZN5Array8addToEndERKNSt7__cxx1112basic_stringIcSt11char_traitsIcESaIcEEE
FNDA:6,_ZN5Array13deleteByIndexB5cxx11Ei
FNDA:6,_ZN5Array14replaceByIndexEiRKNSt7__cxx1112basic_stringIcSt11char_traitsIcESaIcEEE
FNDA:3,_ZNK5Array14getLengthValueEv
FNDA:18,_ZNK5Array12getSizeValueEv
FNDA:30,_ZNK5Array12getElementAtB5cxx11Ei
FNDA:3,_ZN5Array12setElementAtEiRKNSt7__cxx1112basic_stringIcSt11char_traitsIcESaIcEEE
FNDA:3,_ZN5Array7setSizeEi
FNDA:3,_ZNK5Array15serializeBinaryERSo
FNF:15
FNH:15
DA:15,42
DA:16,42
DA:17,42
DA:18,162
DA:19,42
DA:21,162
DA:23,9
DA:24,9
DA:25,6
DA:26,3
DA:27,0
DA:29,6
DA:30,3
DA:32,3
DA:33,3
DA:35,9
DA:37,39
DA:38,39
DA:39,3
DA:41,36
DA:42,36
DA:44,39
DA:54,6
DA:55,6
DA:56,3
DA:57,6
DA:59,3
DA:60,6
DA:61,3
DA:63,3
DA:64,3
DA:65,3
DA:68,6
DA:69,6
DA:70,3
DA:72,3
DA:74,6
DA:84,3
DA:85,18
DA:86,30
DA:87,60
DA:89,3
DA:90,3
DA:91,3
DA:92,3
DA:93,3
DA:94,3
DA:95,3
DA:96,3
DA:98,3
DA:99,3
DA:100,3
DA:101,9
DA:102,6
DA:103,6
DA:104,6
DA:106,3
DA:108,3
DA:110,3
DA:111,3
DA:113,3
DA:114,0
DA:115,0
DA:116,0
DA:118,3
DA:120,9
DA:122,6
DA:123,6
DA:124,6
DA:125,6
DA:126,6
DA:127,3
DA:129,3
DA:130,3
DA:131,9
DA:132,6
DA:134,3
DA:136,3
DA:138,3
DA:139,3
DA:141,3
DA:142,0
DA:143,0
DA:144,0
DA:146,3
DA:148,9
DA:149,6
DA:151,3
LF:88
LH:81
end_of_record
TN:
SF:/home/angelina/Рабочий стол/proga/lab3/n2.2/doubleLinkedList.h
FN:120,137,_ZN16DoubleLinkedList10DeleteHeadB5cxx11Ev
FN:139,156,_ZN16DoubleLinkedList10DeleteTailB5cxx11Ev
FN:158,163,_ZN16DoubleLinkedList14DisplayForwardEPNS_10DoubleNodeE
FN:165,170,_ZN16DoubleLinkedList15DisplayBackwardEPNS_10DoubleNodeE
FN:172,191,_ZN16DoubleLinkedList11FindByValueERKNSt7__cxx1112basic_stringIcSt11char_traitsIcESaIcEEEPi
FN:193,205,_ZN16DoubleLinkedList16AddElementBeforeERKNSt7__cxx1112basic_stringIcSt11char_traitsIcESaIcEEES7_
FN:207,219,_ZN16DoubleLinkedList15AddElementAfterERKNSt7__cxx1112basic_stringIcSt11char_traitsIcESaIcEEES7_
FN:221,238,_ZN16DoubleLinkedList19DeleteElementBeforeERKNSt7__cxx1112basic_stringIcSt11char_traitsIcESaIcEEE
FN:24,28,_ZN16DoubleLinkedListC2Ev
FN:240,258,_ZN16DoubleLinkedList18DeleteElementAfterERKNSt7__cxx1112basic_stringIcSt11char_traitsIcESaIcEEE
FN:260,266,_ZN16DoubleLinkedList19DeleteElementAtHeadB5cxx11Ev
FN:268,274,_ZN16DoubleLinkedList19DeleteElementAtTailB5cxx11Ev
FN:276,291,_ZN16DoubleLinkedList20DeleteElementByValueERKNSt7__cxx1112basic_stringIcSt11char_traitsIcESaIcEEE
FN:293,301,_ZN16DoubleLinkedList11DisplayListEv
FN:30,33,_ZN16DoubleLinkedListD2Ev
FN:303,307,_ZN16DoubleLinkedList13SearchElementERKNSt7__cxx1112basic_stringIcSt11char_traitsIcESaIcEEE
FN:309,317,_ZNK16DoubleLinkedList14getAllElementsB5cxx11Ev
FN:322,330,_ZNK16DoubleLinkedList7GetSizeEv
FN:332,343,_ZNK16DoubleLinkedList15serializeBinaryERSo
FN:345,358,_ZN16DoubleLinkedList17deserializeBinaryERSi
FN:35,42,_ZN16DoubleLinkedList5ClearEv
FN:360,368,_ZNK16DoubleLinkedList13serializeTextERSo
FN:370,383,_ZN16DoubleLinkedList15deserializeTextERSi
FN:44,54,_ZN16DoubleLinkedList8AddAfterEPNS_10DoubleNodeERKNSt7__cxx1112basic_stringIcSt11char_traitsIcESaIcEEE
FN:56,66,_ZN16DoubleLinkedList9AddBeforeEPNS_10DoubleNodeERKNSt7__cxx1112basic_stringIcSt11char_traitsIcESaIcEEE
FN:68,80,_ZN16DoubleLinkedList7AddHeadERKNSt7__cxx1112basic_stringIcSt11char_traitsIcESaIcEEE
FN:82,94,_ZN16DoubleLinkedList7AddTailERKNSt7__cxx1112basic_stringIcSt11char_traitsIcESaIcEEE
FN:96,118,_ZN16DoubleLinkedList10DeleteNodeB5cxx11EPNS_10DoubleNodeE
FNDA:13,_ZN16DoubleLinkedList10DeleteHeadB5cxx11Ev
FNDA:13,_ZN16DoubleLinkedList10DeleteTailB5cxx11Ev
FNDA:3,_ZN16DoubleLinkedList14DisplayForwardEPNS_10DoubleNodeE
FNDA:3,_ZN16DoubleLinkedList15DisplayBackwardEPNS_10DoubleNodeE
FNDA:51,_ZN16DoubleLinkedList11FindByValueERKNSt7__cxx1112basic_stringIcSt11char_traitsIcESaIcEEEPi
FNDA:9,_ZN16DoubleLinkedList16AddElementBeforeERKNSt7__cxx1112basic_stringIcSt11char_traitsIcESaIcEEES7_
FNDA:9,_ZN16DoubleLinkedList15AddElementAfterERKNSt7__cxx1112basic_stringIcSt11char_traitsIcESaIcEEES7_
FNDA:8,_ZN16DoubleLinkedList19DeleteElementBeforeERKNSt7__cxx1112basic_stringIcSt11char_traitsIcESaIcEEE
FNDA:43,_ZN16DoubleLinkedListC2Ev
FNDA:8,_ZN16DoubleLinkedList18DeleteElementAfterERKNSt7__cxx1112basic_stringIcSt11char_traitsIcESaIcEEE
FNDA:15,_ZN16DoubleLinkedList19DeleteElementAtHeadB5cxx11Ev
FNDA:10,_ZN16DoubleLinkedList19DeleteElementAtTailB5cxx11Ev
FNDA:6,_ZN16DoubleLinkedList20DeleteElementByValueERKNSt7__cxx1112basic_stringIcSt11char_traitsIcESaIcEEE
FNDA:1,_ZN16DoubleLinkedList11DisplayListEv
FNDA:43,_ZN16DoubleLinkedListD2Ev
FNDA:8,_ZN16DoubleLinkedList13SearchElementERKNSt7__cxx1112basic_stringIcSt11char_traitsIcESaIcEEE
FNDA:15,_ZNK16DoubleLinkedList14getAllElementsB5cxx11Ev
FNDA:6,_ZNK16DoubleLinkedList7GetSizeEv
FNDA:3,_ZNK16DoubleLinkedList15serializeBinaryERSo
FNDA:3,_ZN16DoubleLinkedList17deserializeBinaryERSi
FNDA:49,_ZN16DoubleLinkedList5ClearEv
FNDA:3,_ZNK16DoubleLinkedList13serializeTextERSo
FNDA:3,_ZN16DoubleLinkedList15deserializeTextERSi
FNDA:3,_ZN16DoubleLinkedList8AddAfterEPNS_10DoubleNodeERKNSt7__cxx1112basic_stringIcSt11char_traitsIcESaIcEEE
FNDA:3,_ZN16DoubleLinkedList9AddBeforeEPNS_10DoubleNodeERKNSt7__cxx1112basic_stringIcSt11char_traitsIcESaIcEEE
FNDA:27,_ZN16DoubleLinkedList7AddHeadERKNSt7__cxx1112basic_stringIcSt11char_traitsIcESaIcEEE
FNDA:75,_ZN16DoubleLinkedList7AddTailERKNSt7__cxx1112basic_stringIcSt11char_traitsIcESaIcEEE
FNDA:3,_ZN16DoubleLinkedList10DeleteNodeB5cxx11EPNS_10DoubleNodeE
FNF:28
FNH:28
DA:24,43
DA:25,43
DA:26,43
DA:27,43
DA:28,43
DA:30,43
DA:31,43
DA:32,43
DA:33,43
DA:35,49
DA:36,177
DA:37,79
DA:38,79
DA:39,79
DA:41,49
DA:42,49
DA:44,3
DA:45,3
DA:46,3
DA:47,3
DA:48,3
DA:50,3
DA:51,3
DA:53,3
DA:54,3
DA:56,3
DA:57,3
DA:58,3
DA:59,3
DA:60,3
DA:62,3
DA:63,3
DA:65,3
DA:66,3
DA:68,27
DA:69,27
DA:70,27
DA:71,27
DA:72,27
DA:74,27
DA:75,6
DA:77,21
DA:79,27
DA:80,27
DA:82,75
DA:83,75
DA:84,75
DA:85,75
DA:86,75
DA:88,75
DA:89,53
DA:91,22
DA:93,75
DA:94,75
DA:96,3
DA:97,3
DA:98,0
DA:100,3
DA:102,3
DA:103,0
DA:105,3
DA:106,0
DA:109,3
DA:110,3
DA:112,3
DA:113,3
DA:116,3
DA:117,3
DA:118,3
DA:120,13
DA:121,13
DA:122,0
DA:124,13
DA:125,13
DA:127,13
DA:129,13
DA:130,10
DA:132,3
DA:135,13
DA:136,13
DA:137,13
DA:139,13
DA:140,13
DA:141,0
DA:143,13
DA:144,13
DA:146,13
DA:148,13
DA:149,7
DA:151,6
DA:154,13
DA:155,13
DA:156,13
DA:158,3
DA:159,3
DA:160,1
DA:161,2
DA:162,2
DA:165,3
DA:166,3
DA:167,1
DA:168,2
DA:169,2
DA:172,51
DA:173,51
DA:174,51
DA:176,88
DA:177,69
DA:178,32
DA:179,5
DA:181,32
DA:183,37
DA:184,37
DA:187,19
DA:188,6
DA:190,19
DA:193,9
DA:194,9
DA:195,9
DA:196,6
DA:197,3
DA:199,3
DA:202,3
DA:203,3
DA:205,9
DA:207,9
DA:208,9
DA:209,9
DA:210,6
DA:211,3
DA:213,3
DA:216,3
DA:217,3
DA:219,9
DA:221,8
DA:222,8
DA:223,8
DA:224,6
DA:225,3
DA:226,3
DA:227,0
DA:228,3
DA:229,3
DA:230,6
DA:233,2
DA:234,2
DA:235,4
DA:237,0
DA:240,8
DA:241,8
DA:242,8
DA:243,6
DA:244,3
DA:245,3
DA:246,0
DA:247,3
DA:248,3
DA:249,3
DA:250,6
DA:253,2
DA:254,2
DA:255,4
DA:257,0
DA:260,15
DA:261,15
DA:262,5
DA:263,10
DA:265,10
DA:268,10
DA:269,10
DA:270,0
DA:271,0
DA:273,10
DA:276,6
DA:277,6
DA:278,6
DA:279,3
DA:280,0
DA:281,3
DA:282,0
DA:284,3
DA:287,3
DA:288,3
DA:289,6
DA:293,1
DA:294,1
DA:295,1
DA:296,1
DA:298,1
DA:299,1
DA:300,1
DA:301,1
DA:303,8
DA:304,8
DA:305,8
DA:306,8
DA:309,15
DA:310,15
DA:311,15
DA:312,63
DA:313,48
DA:314,48
DA:316,15
DA:317,0
DA:322,6
DA:323,6
DA:324,6
DA:325,20
DA:326,14
DA:327,14
DA:329,6
DA:332,3
DA:333,3
DA:334,3
DA:336,3
DA:337,10
DA:338,7
DA:339,7
DA:340,7
DA:341,7
DA:343,3
DA:345,3
DA:346,3
DA:347,3
DA:348,3
DA:349,0
DA:351,10
DA:353,7
DA:354,7
DA:355,7
DA:356,7
DA:357,7
DA:360,3
DA:361,3
DA:362,3
DA:363,3
DA:364,10
DA:365,7
DA:366,7
DA:368,3
DA:370,3
DA:371,3
DA:372,3
DA:373,3
DA:374,0
DA:375,3
DA:377,10
DA:378,7
DA:379,7
DA:380,7
DA:382,7
LF:251
LH:235
end_of_record
TN:
SF:/home/angelina/Рабочий стол/proga/lab3/n2.2/queue.h
FN:120,125,_ZNK5Queue13serializeTextERSo
FN:127,144,_ZN5Queue15deserializeTextERSi
FN:15,20,_ZN5QueueC2Ei
FN:22,22,_ZN5QueueD2Ev
FN:24,36,_ZN5Queue9QueuePushERKNSt7__cxx1112basic_stringIcSt11char_traitsIcESaIcEEE
FN:38,51,_ZN5Queue8QueuePopB5cxx11Ev
FN:53,73,_ZN5Queue12QueueDisplayEv
FN:75,75,_ZN5Queue7setHeadEi
FN:76,76,_ZN5Queue7setTailEi
FN:78,78,_ZNK5Queue7getHeadEv
FN:79,79,_ZNK5Queue7getTailEv
FN:80,80,_ZNK5Queue9getLengthEv
FN:81,81,_ZN5Queue8getArrayB5cxx11Ev
FN:84,94,_ZNK5Queue15serializeBinaryERSo
FN:96,118,_ZN5Queue17deserializeBinaryERSi
FNDA:2,_ZNK5Queue13serializeTextERSo
FNDA:2,_ZN5Queue15deserializeTextERSi
FNDA:14,_ZN5QueueC2Ei
FNDA:14,_ZN5QueueD2Ev
FNDA:21,_ZN5Queue9QueuePushERKNSt7__cxx1112basic_stringIcSt11char_traitsIcESaIcEEE
FNDA:17,_ZN5Queue8QueuePopB5cxx11Ev
FNDA:4,_ZN5Queue12QueueDisplayEv
FNDA:2,_ZN5Queue7setHeadEi
FNDA:2,_ZN5Queue7setTailEi
FNDA:2,_ZNK5Queue7getHeadEv
FNDA:2,_ZNK5Queue7getTailEv
FNDA:2,_ZNK5Queue9getLengthEv
FNDA:2,_ZN5Queue8getArrayB5cxx11Ev
FNDA:2,_ZNK5Queue15serializeBinaryERSo
FNDA:2,_ZN5Queue17deserializeBinaryERSi
FNF:15
FNH:15
DA:15,14
DA:16,14
DA:17,79
DA:18,14
DA:19,14
DA:20,14
DA:22,82
DA:24,21
DA:25,21
DA:26,2
DA:27,4
DA:29,19
DA:30,19
DA:31,0
DA:33,19
DA:35,19
DA:38,17
DA:39,17
DA:40,6
DA:41,12
DA:43,11
DA:44,11
DA:45,0
DA:47,11
DA:49,11
DA:50,11
DA:53,4
DA:54,4
DA:55,2
DA:56,2
DA:59,2
DA:60,2
DA:61,6
DA:62,4
DA:65,0
DA:66,0
DA:68,0
DA:69,0
DA:72,2
DA:75,2
DA:76,2
DA:78,2
DA:79,2
DA:80,2
DA:81,2
DA:84,2
DA:85,2
DA:86,2
DA:87,2
DA:89,9
DA:90,7
DA:91,7
DA:92,7
DA:94,2
DA:96,2
DA:98,2
DA:99,0
DA:100,2
DA:101,2
DA:103,2
DA:104,3
DA:105,1
DA:106,6
DA:108,2
DA:109,2
DA:111,9
DA:113,7
DA:114,7
DA:115,7
DA:116,7
DA:117,7
DA:120,2
DA:121,2
DA:122,11
DA:123,9
DA:125,2
DA:127,2
DA:129,2
DA:130,0
DA:131,2
DA:133,2
DA:134,0
DA:135,0
DA:136,0
DA:138,2
DA:139,2
DA:141,11
DA:142,9
LF:88
LH:77
end_of_record
TN:
SF:/home/angelina/Рабочий стол/proga/lab3/n2.2/singlyLinkedList.h
FN:106,123,_ZN16SinglyLinkedList16AddElementBeforeERKNSt7__cxx1112basic_stringIcSt11char_traitsIcESaIcEEES7_
FN:125,133,_ZN16SinglyLinkedList15AddElementAfterERKNSt7__cxx1112basic_stringIcSt11char_traitsIcESaIcEEES7_
FN:135,146,_ZN16SinglyLinkedList16AddElementAtTailERKNSt7__cxx1112basic_stringIcSt11char_traitsIcESaIcEEE
FN:148,169,_ZN16SinglyLinkedList19DeleteElementBeforeERKNSt7__cxx1112basic_stringIcSt11char_traitsIcESaIcEEE
FN:171,186,_ZN16SinglyLinkedList18DeleteElementAfterERKNSt7__cxx1112basic_stringIcSt11char_traitsIcESaIcEEE
FN:188,194,_ZN16SinglyLinkedList19DeleteElementAtHeadB5cxx11Ev
FN:196,211,_ZN16SinglyLinkedList19DeleteElementAtTailB5cxx11Ev
FN:21,24,_ZN16SinglyLinkedListC2Ev
FN:213,231,_ZN16SinglyLinkedList20DeleteElementByValueERKNSt7__cxx1112basic_stringIcSt11char_traitsIcESaIcEEE
FN:247,251,_ZN16SinglyLinkedList13SearchElementERKNSt7__cxx1112basic_stringIcSt11char_traitsIcESaIcEEE
FN:255,263,_ZNK16SinglyLinkedList7GetSizeEv
FN:26,29,_ZN16SinglyLinkedListD2Ev
FN:265,278,_ZNK16SinglyLinkedList15serializeBinaryERSo
FN:280,295,_ZN16SinglyLinkedList17deserializeBinaryERSi
FN:297,306,_ZNK16SinglyLinkedList13serializeTextERSo
FN:308,322,_ZN16SinglyLinkedList15deserializeTextERSi
FN:31,37,_ZN16SinglyLinkedList5ClearEv
FN:39,44,_ZN16SinglyLinkedList8AddAfterEPNS_10SinglyNodeERKNSt7__cxx1112basic_stringIcSt11char_traitsIcESaIcEEE
FN:46,49,_ZN16SinglyLinkedList7AddHeadERKNSt7__cxx1112basic_stringIcSt11char_traitsIcESaIcEEE
FN:51,56,_ZN16SinglyLinkedList7AddTailEPNS_10SinglyNodeERKNSt7__cxx1112basic_stringIcSt11char_traitsIcESaIcEEE
FN:58,66,_ZN16SinglyLinkedList11DeleteAfterB5cxx11EPNS_10SinglyNodeE
FN:68,76,_ZN16SinglyLinkedList10DeleteHeadB5cxx11Ev
FN:85,104,_ZN16SinglyLinkedList11FindByValueERKNSt7__cxx1112basic_stringIcSt11char_traitsIcESaIcEEEPi
FNDA:6,_ZN16SinglyLinkedList16AddElementBeforeERKNSt7__cxx1112basic_stringIcSt11char_traitsIcESaIcEEES7_
FNDA:6,_ZN16SinglyLinkedList15AddElementAfterERKNSt7__cxx1112basic_stringIcSt11char_traitsIcESaIcEEES7_
FNDA:47,_ZN16SinglyLinkedList16AddElementAtTailERKNSt7__cxx1112basic_stringIcSt11char_traitsIcESaIcEEE
FNDA:9,_ZN16SinglyLinkedList19DeleteElementBeforeERKNSt7__cxx1112basic_stringIcSt11char_traitsIcESaIcEEE
FNDA:9,_ZN16SinglyLinkedList18DeleteElementAfterERKNSt7__cxx1112basic_stringIcSt11char_traitsIcESaIcEEE
FNDA:28,_ZN16SinglyLinkedList19DeleteElementAtHeadB5cxx11Ev
FNDA:6,_ZN16SinglyLinkedList19DeleteElementAtTailB5cxx11Ev
FNDA:33,_ZN16SinglyLinkedListC2Ev
FNDA:6,_ZN16SinglyLinkedList20DeleteElementByValueERKNSt7__cxx1112basic_stringIcSt11char_traitsIcESaIcEEE
FNDA:18,_ZN16SinglyLinkedList13SearchElementERKNSt7__cxx1112basic_stringIcSt11char_traitsIcESaIcEEE
FNDA:6,_ZNK16SinglyLinkedList7GetSizeEv
FNDA:33,_ZN16SinglyLinkedListD2Ev
FNDA:3,_ZNK16SinglyLinkedList15serializeBinaryERSo
FNDA:3,_ZN16SinglyLinkedList17deserializeBinaryERSi
FNDA:3,_ZNK16SinglyLinkedList13serializeTextERSo
FNDA:3,_ZN16SinglyLinkedList15deserializeTextERSi
FNDA:39,_ZN16SinglyLinkedList5ClearEv
FNDA:3,_ZN16SinglyLinkedList8AddAfterEPNS_10SinglyNodeERKNSt7__cxx1112basic_stringIcSt11char_traitsIcESaIcEEE
FNDA:36,_ZN16SinglyLinkedList7AddHeadERKNSt7__cxx1112basic_stringIcSt11char_traitsIcESaIcEEE
FNDA:35,_ZN16SinglyLinkedList7AddTailEPNS_10SinglyNodeERKNSt7__cxx1112basic_stringIcSt11char_traitsIcESaIcEEE
FNDA:3,_ZN16SinglyLinkedList11DeleteAfterB5cxx11EPNS_10SinglyNodeE
FNDA:28,_ZN16SinglyLinkedList10DeleteHeadB5cxx11Ev
FNDA:54,_ZN16SinglyLinkedList11FindByValueERKNSt7__cxx1112basic_stringIcSt11char_traitsIcESaIcEEEPi
FNF:23
FNH:23
DA:21,33
DA:22,33
DA:23,33
DA:24,33
DA:26,33
DA:27,33
DA:28,33
DA:29,33
DA:31,39
DA:32,121
DA:33,43
DA:34,43
DA:35,43
DA:37,39
DA:39,3
DA:40,3
DA:41,3
DA:42,3
DA:43,3
DA:44,3
DA:46,36
DA:47,36
DA:48,36
DA:49,36
DA:51,35
DA:52,35
DA:53,35
DA:54,35
DA:55,35
DA:56,35
DA:58,3
DA:59,3
DA:60,0
DA:61,3
DA:62,3
DA:63,3
DA:64,3
DA:65,3
DA:66,3
DA:68,28
DA:69,28
DA:70,0
DA:71,28
DA:72,28
DA:73,28
DA:74,28
DA:75,28
DA:76,28
DA:85,54
DA:86,54
DA:87,54
DA:89,84
DA:90,63
DA:91,33
DA:92,24
DA:94,33
DA:96,30
DA:97,30
DA:100,21
DA:101,15
DA:103,21
DA:106,6
DA:107,6
DA:108,6
DA:109,6
DA:110,3
DA:111,3
DA:113,0
DA:114,0
DA:115,0
DA:117,0
DA:120,3
DA:121,3
DA:123,6
DA:125,6
DA:126,6
DA:127,6
DA:128,3
DA:130,3
DA:131,3
DA:133,6
DA:135,47
DA:136,47
DA:137,12
DA:138,12
DA:141,35
DA:142,46
DA:143,11
DA:145,35
DA:148,9
DA:149,9
DA:150,9
DA:151,9
DA:152,6
DA:153,3
DA:154,6
DA:155,3
DA:156,3
DA:158,0
DA:159,0
DA:160,0
DA:162,0
DA:165,3
DA:166,3
DA:167,6
DA:171,9
DA:172,9
DA:173,9
DA:174,6
DA:175,3
DA:177,3
DA:178,3
DA:179,6
DA:182,3
DA:183,3
DA:184,6
DA:188,28
DA:189,28
DA:190,9
DA:191,18
DA:193,19
DA:196,6
DA:197,6
DA:198,3
DA:199,6
DA:202,3
DA:203,3
DA:206,0
DA:207,0
DA:208,0
DA:210,0
DA:213,6
DA:214,6
DA:215,6
DA:216,6
DA:217,3
DA:218,3
DA:220,0
DA:221,0
DA:222,0
DA:224,0
DA:227,3
DA:228,3
DA:229,6
DA:247,18
DA:248,18
DA:249,18
DA:250,18
DA:255,6
DA:256,6
DA:257,6
DA:258,22
DA:259,16
DA:260,16
DA:262,6
DA:265,3
DA:266,3
DA:268,3
DA:270,3
DA:271,12
DA:272,9
DA:273,9
DA:274,9
DA:276,9
DA:278,3
DA:280,3
DA:281,3
DA:283,3
DA:284,3
DA:286,12
DA:287,9
DA:288,9
DA:290,9
DA:291,9
DA:293,9
DA:294,9
DA:295,3
DA:297,3
DA:298,3
DA:299,3
DA:301,3
DA:302,10
DA:303,7
DA:304,7
DA:306,3
DA:308,3
DA:309,3
DA:311,3
DA:312,3
DA:313,0
DA:315,3
DA:317,10
DA:318,7
DA:319,7
DA:320,7
DA:321,7
LF:196
LH:177
end_of_record
TN:
SF:/home/angelina/Рабочий стол/proga/lab3/n2.2/stack.h
FN:102,118,_ZN5Stack15deserializeTextERSi
FN:14,18,_ZN5StackC2Ei
FN:20,20,_ZN5StackD2Ev
FN:22,30,_ZN5Stack9StackPushERKNSt7__cxx1112basic_stringIcSt11char_traitsIcESaIcEEE
FN:32,40,_ZN5Stack8StackPopB5cxx11Ev
FN:42,53,_ZN5Stack12StackDisplayEv
FN:55,55,_ZN5Stack6setTopEi
FN:57,57,_ZNK5Stack6getTopEv
FN:58,58,_ZNK5Stack9getLengthEv
FN:59,59,_ZN5Stack8getArrayB5cxx11Ev
FN:62,71,_ZNK5Stack15serializeBinaryERSo
FN:73,93,_ZN5Stack17deserializeBinaryERSi
FN:95,100,_ZNK5Stack13serializeTextERSo
FNDA:2,_ZN5Stack15deserializeTextERSi
FNDA:14,_ZN5StackC2Ei
FNDA:14,_ZN5StackD2Ev
FNDA:26,_ZN5Stack9StackPushERKNSt7__cxx1112basic_stringIcSt11char_traitsIcESaIcEEE
FNDA:22,_ZN5Stack8StackPopB5cxx11Ev
FNDA:4,_ZN5Stack12StackDisplayEv
FNDA:2,_ZN5Stack6setTopEi
FNDA:6,_ZNK5Stack6getTopEv
FNDA:4,_ZNK5Stack9getLengthEv
FNDA:2,_ZN5Stack8getArrayB5cxx11Ev
FNDA:2,_ZNK5Stack15serializeBinaryERSo
FNDA:2,_ZN5Stack17deserializeBinaryERSi
FNDA:2,_ZNK5Stack13serializeTextERSo
FNF:13
FNH:13
DA:14,14
DA:15,14
DA:16,180
DA:17,14
DA:18,14
DA:20,274
DA:22,26
DA:23,26
DA:24,2
DA:25,4
DA:27,24
DA:28,24
DA:29,24
DA:32,22
DA:33,22
DA:34,4
DA:35,8
DA:37,18
DA:38,18
DA:42,4
DA:43,4
DA:44,2
DA:45,2
DA:48,2
DA:49,6
DA:50,4
DA:52,2
DA:55,2
DA:57,6
DA:58,4
DA:59,2
DA:62,2
DA:63,2
DA:64,2
DA:66,6
DA:67,4
DA:68,4
DA:69,4
DA:71,2
DA:73,2
DA:75,2
DA:76,0
DA:77,2
DA:79,2
DA:80,0
DA:81,0
DA:82,0
DA:84,2
DA:86,6
DA:88,4
DA:89,4
DA:90,4
DA:91,4
DA:92,4
DA:95,2
DA:96,2
DA:97,8
DA:98,6
DA:100,2
DA:102,2
DA:104,2
DA:105,0
DA:106,2
DA:108,2
DA:109,13
DA:110,2
DA:111,107
DA:113,2
DA:115,8
DA:116,6
LF:70
LH:65
end_of_record
TN:
SF:/home/angelina/Рабочий стол/proga/lab3/n2.2/tree.h
FN:130,136,_ZN4Tree22printPreOrderRecursiveEPNS_8TreeNodeE
FN:138,144,_ZN4Tree23printPostOrderRecursiveEPNS_8TreeNodeE
FN:146,157,_ZN4Tree16printLevelSimpleEPNS_8TreeNodeEiRb
FN:159,174,_ZN4Tree24printLevelOrderRecursiveEPNS_8TreeNodeE
FN:176,183,_ZN4Tree18clearTreeRecursiveERPNS_8TreeNodeE
FN:193,193,_ZNK4Tree7getRootEv
FN:195,195,_ZN4Tree9clearTreeEv
FN:20,25,_ZNK4Tree19countNodesRecursiveEPNS_8TreeNodeE
FN:201,205,_ZNK4Tree15serializeBinaryERSo
FN:207,218,_ZN4Tree17deserializeBinaryERSi
FN:220,224,_ZNK4Tree13serializeTextERSo
FN:226,237,_ZN4Tree15deserializeTextERSi
FN:27,39,_ZNK4Tree17serializePreOrderEPNS_8TreeNodeERSob
FN:42,42,_ZN4TreeC2Ev
FN:44,44,_ZN4TreeD2Ev
FN:46,52,_ZN4Tree10createNodeEi
FN:54,67,_ZN4Tree15insertRecursiveERPNS_8TreeNodeEi
FN:69,69,_ZN4Tree6insertEi
FN:71,83,_ZN4Tree15searchRecursiveEPNS_8TreeNodeEi
FN:85,96,_ZN4Tree15isFullRecursiveEPNS_8TreeNodeE
FN:98,104,_ZN4Tree21printInOrderRecursiveEPNS_8TreeNodeE
FNDA:14,_ZN4Tree22printPreOrderRecursiveEPNS_8TreeNodeE
FNDA:14,_ZN4Tree23printPostOrderRecursiveEPNS_8TreeNodeE
FNDA:22,_ZN4Tree16printLevelSimpleEPNS_8TreeNodeEiRb
FNDA:2,_ZN4Tree24printLevelOrderRecursiveEPNS_8TreeNodeE
FNDA:114,_ZN4Tree18clearTreeRecursiveERPNS_8TreeNodeE
FNDA:32,_ZNK4Tree7getRootEv
FNDA:6,_ZN4Tree9clearTreeEv
FNDA:24,_ZNK4Tree19countNodesRecursiveEPNS_8TreeNodeE
FNDA:2,_ZNK4Tree15serializeBinaryERSo
FNDA:2,_ZN4Tree17deserializeBinaryERSi
FNDA:2,_ZNK4Tree13serializeTextERSo
FNDA:2,_ZN4Tree15deserializeTextERSi
FNDA:24,_ZNK4Tree17serializePreOrderEPNS_8TreeNodeERSob
FNDA:16,_ZN4TreeC2Ev
FNDA:16,_ZN4TreeD2Ev
FNDA:46,_ZN4Tree10createNodeEi
FNDA:82,_ZN4Tree15insertRecursiveERPNS_8TreeNodeEi
FNDA:48,_ZN4Tree6insertEi
FNDA:34,_ZN4Tree15searchRecursiveEPNS_8TreeNodeEi
FNDA:10,_ZN4Tree15isFullRecursiveEPNS_8TreeNodeE
FNDA:14,_ZN4Tree21printInOrderRecursiveEPNS_8TreeNodeE
FNF:21
FNH:21
DA:20,24
DA:21,24
DA:22,14
DA:23,10
DA:24,10
DA:27,24
DA:28,24
DA:29,14
DA:31,10
DA:32,6
DA:34,4
DA:37,10
DA:38,10
DA:42,16
DA:44,16
DA:46,46
DA:47,46
DA:48,46
DA:49,46
DA:50,46
DA:51,46
DA:54,82
DA:55,82
DA:56,46
DA:57,46
DA:60,36
DA:61,16
DA:62,20
DA:63,18
DA:65,2
DA:69,48
DA:71,34
DA:72,34
DA:73,5
DA:75,29
DA:76,12
DA:78,17
DA:79,6
DA:81,11
DA:85,10
DA:86,10
DA:87,0
DA:89,10
DA:90,4
DA:92,6
DA:93,4
DA:95,2
DA:98,14
DA:99,14
DA:100,6
DA:101,6
DA:102,6
DA:104,14
DA:130,14
DA:131,14
DA:132,6
DA:133,6
DA:134,6
DA:136,14
DA:138,14
DA:139,14
DA:140,6
DA:141,6
DA:142,6
DA:144,14
DA:146,22
DA:147,22
DA:148,8
DA:150,14
DA:151,6
DA:152,6
DA:154,8
DA:155,8
DA:159,2
DA:160,2
DA:161,0
DA:162,0
DA:165,2
DA:168,6
DA:169,6
DA:170,6
DA:171,6
DA:173,2
DA:176,114
DA:177,114
DA:178,68
DA:179,46
DA:180,46
DA:181,46
DA:182,46
DA:193,32
DA:195,6
DA:201,2
DA:202,2
DA:203,2
DA:204,2
DA:205,2
DA:207,2
DA:208,2
DA:209,2
DA:210,2
DA:211,0
DA:213,8
DA:215,6
DA:216,6
DA:220,2
DA:221,2
DA:222,2
DA:223,2
DA:224,2
DA:226,2
DA:227,2
DA:228,2
DA:229,2
DA:230,0
DA:232,6
DA:234,4
DA:235,4
LF:118
LH:113
end_of_record
