TN:
SF:/home/angelina/Рабочий стол/proga/lab3/n2.2/array.h
FN:108,127,_ZN5Array17deserializeBinaryERSi
FN:129,134,_ZNK5Array13serializeTextERSo
FN:136,151,_ZN5Array15deserializeTextERSi
FN:15,19,_ZN5ArrayC2Ei
FN:21,21,_ZN5ArrayD2Ev
FN:23,35,_ZN5Array10addByIndexEiRKNSt7__cxx1112basic_stringIcSt11char_traitsIcESaIcEEE
FN:37,44,_ZN5Array8addToEndERKNSt7__cxx1112basic_stringIcSt11char_traitsIcESaIcEEE
FN:54,66,_ZN5Array13deleteByIndexB5cxx11Ei
FN:68,74,_ZN5Array14replaceByIndexEiRKNSt7__cxx1112basic_stringIcSt11char_traitsIcESaIcEEE
FN:84,84,_ZNK5Array14getLengthValueEv
FN:85,85,_ZNK5Array12getSizeValueEv
FN:86,88,_ZNK5Array12getElementAtB5cxx11Ei
FN:89,92,_ZN5Array12setElementAtEiRKNSt7__cxx1112basic_stringIcSt11char_traitsIcESaIcEEE
FN:93,96,_ZN5Array7setSizeEi
FN:98,106,_ZNK5Array15serializeBinaryERSo
FNDA:1,_ZN5Array17deserializeBinaryERSi
FNDA:1,_ZNK5Array13serializeTextERSo
FNDA:1,_ZN5Array15deserializeTextERSi
FNDA:14,_ZN5ArrayC2Ei
FNDA:14,_ZN5ArrayD2Ev
FNDA:3,_ZN5Array10addByIndexEiRKNSt7__cxx1112basic_stringIcSt11char_traitsIcESaIcEEE
FNDA:13,_ZN5Array8addToEndERKNSt7__cxx1112basic_stringIcSt11char_traitsIcESaIcEEE
FNDA:2,_ZN5Array13deleteByIndexB5cxx11Ei
FNDA:2,_ZN5Array14replaceByIndexEiRKNSt7__cxx1112basic_stringIcSt11char_traitsIcESaIcEEE
FNDA:1,_ZNK5Array14getLengthValueEv
FNDA:6,_ZNK5Array12getSizeValueEv
FNDA:10,_ZNK5Array12getElementAtB5cxx11Ei
FNDA:1,_ZN5Array12setElementAtEiRKNSt7__cxx1112basic_stringIcSt11char_traitsIcESaIcEEE
FNDA:1,_ZN5Array7setSizeEi
FNDA:1,_ZNK5Array15serializeBinaryERSo
FNF:15
FNH:15
DA:15,14
DA:16,14
DA:17,14
DA:18,54
DA:19,14
DA:21,54
DA:23,3
DA:24,3
DA:25,2
DA:26,1
DA:27,0
DA:29,2
DA:30,1
DA:32,1
DA:33,1
DA:35,3
DA:37,13
DA:38,13
DA:39,1
DA:41,12
DA:42,12
DA:44,13
DA:54,2
DA:55,2
DA:56,1
DA:57,2
DA:59,1
DA:60,2
DA:61,1
DA:63,1
DA:64,1
DA:65,1
DA:68,2
DA:69,2
DA:70,1
DA:72,1
DA:74,2
DA:84,1
DA:85,6
DA:86,10
DA:87,20
DA:89,1
DA:90,1
DA:91,1
DA:92,1
DA:93,1
DA:94,1
DA:95,1
DA:96,1
DA:98,1
DA:99,1
DA:100,1
DA:101,3
DA:102,2
DA:103,2
DA:104,2
DA:106,1
DA:108,1
DA:110,1
DA:111,1
DA:113,1
DA:114,0
DA:115,0
DA:116,0
DA:118,1
DA:120,3
DA:122,2
DA:123,2
DA:124,2
DA:125,2
DA:126,2
DA:127,1
DA:129,1
DA:130,1
DA:131,3
DA:132,2
DA:134,1
DA:136,1
DA:138,1
DA:139,1
DA:141,1
DA:142,0
DA:143,0
DA:144,0
DA:146,1
DA:148,3
DA:149,2
DA:151,1
LF:88
LH:81
end_of_record
TN:
SF:/home/angelina/Рабочий стол/proga/lab3/n2.2/doubleLinkedList.h
FN:120,137,_ZN16DoubleLinkedList10DeleteHeadB5cxx11Ev
FN:139,156,_ZN16DoubleLinkedList10DeleteTailB5cxx11Ev
FN:158,163,_ZN16DoubleLinkedList14DisplayForwardEPNS_10DoubleNodeE
FN:165,170,_ZN16DoubleLinkedList15DisplayBackwardEPNS_10DoubleNodeE
FN:172,191,_ZN16DoubleLinkedList11FindByValueERKNSt7__cxx1112basic_stringIcSt11char_traitsIcESaIcEEEPi
FN:193,205,_ZN16DoubleLinkedList16AddElementBeforeERKNSt7__cxx1112basic_stringIcSt11char_traitsIcESaIcEEES7_
FN:207,219,_ZN16DoubleLinkedList15AddElementAfterERKNSt7__cxx1112basic_stringIcSt11char_traitsIcESaIcEEES7_
FN:221,238,_ZN16DoubleLinkedList19DeleteElementBeforeERKNSt7__cxx1112basic_stringIcSt11char_traitsIcESaIcEEE
FN:24,28,_ZN16DoubleLinkedListC2Ev
FN:240,258,_ZN16DoubleLinkedList18DeleteElementAfterERKNSt7__cxx1112basic_stringIcSt11char_traitsIcESaIcEEE
FN:260,266,_ZN16DoubleLinkedList19DeleteElementAtHeadB5cxx11Ev
FN:268,274,_ZN16DoubleLinkedList19DeleteElementAtTailB5cxx11Ev
FN:276,291,_ZN16DoubleLinkedList20DeleteElementByValueERKNSt7__cxx1112basic_stringIcSt11char_traitsIcESaIcEEE
FN:293,301,_ZN16DoubleLinkedList11DisplayListEv
FN:30,33,_ZN16DoubleLinkedListD2Ev
FN:303,307,_ZN16DoubleLinkedList13SearchElementERKNSt7__cxx1112basic_stringIcSt11char_traitsIcESaIcEEE
FN:309,317,_ZNK16DoubleLinkedList14getAllElementsB5cxx11Ev
FN:322,330,_ZNK16DoubleLinkedList7GetSizeEv
FN:332,343,_ZNK16DoubleLinkedList15serializeBinaryERSo
FN:345,358,_ZN16DoubleLinkedList17deserializeBinaryERSi
FN:35,42,_ZN16DoubleLinkedList5ClearEv
FN:360,368,_ZNK16DoubleLinkedList13serializeTextERSo
FN:370,383,_ZN16DoubleLinkedList15deserializeTextERSi
FN:44,54,_ZN16DoubleLinkedList8AddAfterEPNS_10DoubleNodeERKNSt7__cxx1112basic_stringIcSt11char_traitsIcESaIcEEE
FN:56,66,_ZN16DoubleLinkedList9AddBeforeEPNS_10DoubleNodeERKNSt7__cxx1112basic_stringIcSt11char_traitsIcESaIcEEE
FN:68,80,_ZN16DoubleLinkedList7AddHeadERKNSt7__cxx1112basic_stringIcSt11char_traitsIcESaIcEEE
FN:82,94,_ZN16DoubleLinkedList7AddTailERKNSt7__cxx1112basic_stringIcSt11char_traitsIcESaIcEEE
FN:96,118,_ZN16DoubleLinkedList10DeleteNodeB5cxx11EPNS_10DoubleNodeE
FNDA:4,_ZN16DoubleLinkedList10DeleteHeadB5cxx11Ev
FNDA:4,_ZN16DoubleLinkedList10DeleteTailB5cxx11Ev
FNDA:3,_ZN16DoubleLinkedList14DisplayForwardEPNS_10DoubleNodeE
FNDA:3,_ZN16DoubleLinkedList15DisplayBackwardEPNS_10DoubleNodeE
FNDA:15,_ZN16DoubleLinkedList11FindByValueERKNSt7__cxx1112basic_stringIcSt11char_traitsIcESaIcEEEPi
FNDA:3,_ZN16DoubleLinkedList16AddElementBeforeERKNSt7__cxx1112basic_stringIcSt11char_traitsIcESaIcEEES7_
FNDA:3,_ZN16DoubleLinkedList15AddElementAfterERKNSt7__cxx1112basic_stringIcSt11char_traitsIcESaIcEEES7_
FNDA:2,_ZN16DoubleLinkedList19DeleteElementBeforeERKNSt7__cxx1112basic_stringIcSt11char_traitsIcESaIcEEE
FNDA:15,_ZN16DoubleLinkedListC2Ev
FNDA:2,_ZN16DoubleLinkedList18DeleteElementAfterERKNSt7__cxx1112basic_stringIcSt11char_traitsIcESaIcEEE
FNDA:5,_ZN16DoubleLinkedList19DeleteElementAtHeadB5cxx11Ev
FNDA:3,_ZN16DoubleLinkedList19DeleteElementAtTailB5cxx11Ev
FNDA:2,_ZN16DoubleLinkedList20DeleteElementByValueERKNSt7__cxx1112basic_stringIcSt11char_traitsIcESaIcEEE
FNDA:1,_ZN16DoubleLinkedList11DisplayListEv
FNDA:15,_ZN16DoubleLinkedListD2Ev
FNDA:2,_ZN16DoubleLinkedList13SearchElementERKNSt7__cxx1112basic_stringIcSt11char_traitsIcESaIcEEE
FNDA:5,_ZNK16DoubleLinkedList14getAllElementsB5cxx11Ev
FNDA:2,_ZNK16DoubleLinkedList7GetSizeEv
FNDA:1,_ZNK16DoubleLinkedList15serializeBinaryERSo
FNDA:1,_ZN16DoubleLinkedList17deserializeBinaryERSi
FNDA:17,_ZN16DoubleLinkedList5ClearEv
FNDA:1,_ZNK16DoubleLinkedList13serializeTextERSo
FNDA:1,_ZN16DoubleLinkedList15deserializeTextERSi
FNDA:1,_ZN16DoubleLinkedList8AddAfterEPNS_10DoubleNodeERKNSt7__cxx1112basic_stringIcSt11char_traitsIcESaIcEEE
FNDA:1,_ZN16DoubleLinkedList9AddBeforeEPNS_10DoubleNodeERKNSt7__cxx1112basic_stringIcSt11char_traitsIcESaIcEEE
FNDA:9,_ZN16DoubleLinkedList7AddHeadERKNSt7__cxx1112basic_stringIcSt11char_traitsIcESaIcEEE
FNDA:25,_ZN16DoubleLinkedList7AddTailERKNSt7__cxx1112basic_stringIcSt11char_traitsIcESaIcEEE
FNDA:1,_ZN16DoubleLinkedList10DeleteNodeB5cxx11EPNS_10DoubleNodeE
FNF:28
FNH:28
DA:24,15
DA:25,15
DA:26,15
DA:27,15
DA:28,15
DA:30,15
DA:31,15
DA:32,15
DA:33,15
DA:35,17
DA:36,61
DA:37,27
DA:38,27
DA:39,27
DA:41,17
DA:42,17
DA:44,1
DA:45,1
DA:46,1
DA:47,1
DA:48,1
DA:50,1
DA:51,1
DA:53,1
DA:54,1
DA:56,1
DA:57,1
DA:58,1
DA:59,1
DA:60,1
DA:62,1
DA:63,1
DA:65,1
DA:66,1
DA:68,9
DA:69,9
DA:70,9
DA:71,9
DA:72,9
DA:74,9
DA:75,2
DA:77,7
DA:79,9
DA:80,9
DA:82,25
DA:83,25
DA:84,25
DA:85,25
DA:86,25
DA:88,25
DA:89,17
DA:91,8
DA:93,25
DA:94,25
DA:96,1
DA:97,1
DA:98,0
DA:100,1
DA:102,1
DA:103,0
DA:105,1
DA:106,0
DA:109,1
DA:110,1
DA:112,1
DA:113,1
DA:116,1
DA:117,1
DA:118,1
DA:120,4
DA:121,4
DA:122,0
DA:124,4
DA:125,4
DA:127,4
DA:129,4
DA:130,3
DA:132,1
DA:135,4
DA:136,4
DA:137,4
DA:139,4
DA:140,4
DA:141,0
DA:143,4
DA:144,4
DA:146,4
DA:148,4
DA:149,2
DA:151,2
DA:154,4
DA:155,4
DA:156,4
DA:158,3
DA:159,3
DA:160,1
DA:161,2
DA:162,2
DA:165,3
DA:166,3
DA:167,1
DA:168,2
DA:169,2
DA:172,15
DA:173,15
DA:174,15
DA:176,27
DA:177,22
DA:178,10
DA:179,1
DA:181,10
DA:183,12
DA:184,12
DA:187,5
DA:188,2
DA:190,5
DA:193,3
DA:194,3
DA:195,3
DA:196,2
DA:197,1
DA:199,1
DA:202,1
DA:203,1
DA:205,3
DA:207,3
DA:208,3
DA:209,3
DA:210,2
DA:211,1
DA:213,1
DA:216,1
DA:217,1
DA:219,3
DA:221,2
DA:222,2
DA:223,2
DA:224,2
DA:225,1
DA:226,1
DA:227,0
DA:228,1
DA:229,1
DA:230,2
DA:233,0
DA:234,0
DA:235,0
DA:237,0
DA:240,2
DA:241,2
DA:242,2
DA:243,2
DA:244,1
DA:245,1
DA:246,0
DA:247,1
DA:248,1
DA:249,1
DA:250,2
DA:253,0
DA:254,0
DA:255,0
DA:257,0
DA:260,5
DA:261,5
DA:262,2
DA:263,4
DA:265,3
DA:268,3
DA:269,3
DA:270,0
DA:271,0
DA:273,3
DA:276,2
DA:277,2
DA:278,2
DA:279,1
DA:280,0
DA:281,1
DA:282,0
DA:284,1
DA:287,1
DA:288,1
DA:289,2
DA:293,1
DA:294,1
DA:295,1
DA:296,1
DA:298,1
DA:299,1
DA:300,1
DA:301,1
DA:303,2
DA:304,2
DA:305,2
DA:306,2
DA:309,5
DA:310,5
DA:311,5
DA:312,21
DA:313,16
DA:314,16
DA:316,5
DA:317,0
DA:322,2
DA:323,2
DA:324,2
DA:325,6
DA:326,4
DA:327,4
DA:329,2
DA:332,1
DA:333,1
DA:334,1
DA:336,1
DA:337,3
DA:338,2
DA:339,2
DA:340,2
DA:341,2
DA:343,1
DA:345,1
DA:346,1
DA:347,1
DA:348,1
DA:349,0
DA:351,3
DA:353,2
DA:354,2
DA:355,2
DA:356,2
DA:357,2
DA:360,1
DA:361,1
DA:362,1
DA:363,1
DA:364,3
DA:365,2
DA:366,2
DA:368,1
DA:370,1
DA:371,1
DA:372,1
DA:373,1
DA:374,0
DA:375,1
DA:377,3
DA:378,2
DA:379,2
DA:380,2
DA:382,2
LF:251
LH:229
end_of_record
TN:
SF:/home/angelina/Рабочий стол/proga/lab3/n2.2/queue.h
FN:120,125,_ZNK5Queue13serializeTextERSo
FN:127,144,_ZN5Queue15deserializeTextERSi
FN:15,20,_ZN5QueueC2Ei
FN:22,22,_ZN5QueueD2Ev
FN:24,36,_ZN5Queue9QueuePushERKNSt7__cxx1112basic_stringIcSt11char_traitsIcESaIcEEE
FN:38,51,_ZN5Queue8QueuePopB5cxx11Ev
FN:53,73,_ZN5Queue12QueueDisplayEv
FN:75,75,_ZN5Queue7setHeadEi
FN:76,76,_ZN5Queue7setTailEi
FN:78,78,_ZNK5Queue7getHeadEv
FN:79,79,_ZNK5Queue7getTailEv
FN:80,80,_ZNK5Queue9getLengthEv
FN:81,81,_ZN5Queue8getArrayB5cxx11Ev
FN:84,94,_ZNK5Queue15serializeBinaryERSo
FN:96,118,_ZN5Queue17deserializeBinaryERSi
FNDA:1,_ZNK5Queue13serializeTextERSo
FNDA:1,_ZN5Queue15deserializeTextERSi
FNDA:7,_ZN5QueueC2Ei
FNDA:7,_ZN5QueueD2Ev
FNDA:11,_ZN5Queue9QueuePushERKNSt7__cxx1112basic_stringIcSt11char_traitsIcESaIcEEE
FNDA:9,_ZN5Queue8QueuePopB5cxx11Ev
FNDA:2,_ZN5Queue12QueueDisplayEv
FNDA:1,_ZN5Queue7setHeadEi
FNDA:1,_ZN5Queue7setTailEi
FNDA:1,_ZNK5Queue7getHeadEv
FNDA:1,_ZNK5Queue7getTailEv
FNDA:1,_ZNK5Queue9getLengthEv
FNDA:1,_ZN5Queue8getArrayB5cxx11Ev
FNDA:1,_ZNK5Queue15serializeBinaryERSo
FNDA:1,_ZN5Queue17deserializeBinaryERSi
FNF:15
FNH:15
DA:15,7
DA:16,7
DA:17,41
DA:18,7
DA:19,7
DA:20,7
DA:22,41
DA:24,11
DA:25,11
DA:26,1
DA:27,2
DA:29,10
DA:30,10
DA:31,0
DA:33,10
DA:35,10
DA:38,9
DA:39,9
DA:40,3
DA:41,6
DA:43,6
DA:44,6
DA:45,0
DA:47,6
DA:49,6
DA:50,6
DA:53,2
DA:54,2
DA:55,1
DA:56,1
DA:59,1
DA:60,1
DA:61,3
DA:62,2
DA:65,0
DA:66,0
DA:68,0
DA:69,0
DA:72,1
DA:75,1
DA:76,1
DA:78,1
DA:79,1
DA:80,1
DA:81,1
DA:84,1
DA:85,1
DA:86,1
DA:87,1
DA:89,4
DA:90,3
DA:91,3
DA:92,3
DA:94,1
DA:96,1
DA:98,1
DA:99,0
DA:100,1
DA:101,1
DA:103,1
DA:104,0
DA:105,0
DA:106,0
DA:108,1
DA:109,1
DA:111,4
DA:113,3
DA:114,3
DA:115,3
DA:116,3
DA:117,3
DA:120,1
DA:121,1
DA:122,6
DA:123,5
DA:125,1
DA:127,1
DA:129,1
DA:130,0
DA:131,1
DA:133,1
DA:134,0
DA:135,0
DA:136,0
DA:138,1
DA:139,1
DA:141,6
DA:142,5
LF:88
LH:74
end_of_record
TN:
SF:/home/angelina/Рабочий стол/proga/lab3/n2.2/singlyLinkedList.h
FN:106,123,_ZN16SinglyLinkedList16AddElementBeforeERKNSt7__cxx1112basic_stringIcSt11char_traitsIcESaIcEEES7_
FN:125,133,_ZN16SinglyLinkedList15AddElementAfterERKNSt7__cxx1112basic_stringIcSt11char_traitsIcESaIcEEES7_
FN:135,146,_ZN16SinglyLinkedList16AddElementAtTailERKNSt7__cxx1112basic_stringIcSt11char_traitsIcESaIcEEE
FN:148,169,_ZN16SinglyLinkedList19DeleteElementBeforeERKNSt7__cxx1112basic_stringIcSt11char_traitsIcESaIcEEE
FN:171,186,_ZN16SinglyLinkedList18DeleteElementAfterERKNSt7__cxx1112basic_stringIcSt11char_traitsIcESaIcEEE
FN:188,194,_ZN16SinglyLinkedList19DeleteElementAtHeadB5cxx11Ev
FN:196,211,_ZN16SinglyLinkedList19DeleteElementAtTailB5cxx11Ev
FN:21,24,_ZN16SinglyLinkedListC2Ev
FN:213,231,_ZN16SinglyLinkedList20DeleteElementByValueERKNSt7__cxx1112basic_stringIcSt11char_traitsIcESaIcEEE
FN:247,251,_ZN16SinglyLinkedList13SearchElementERKNSt7__cxx1112basic_stringIcSt11char_traitsIcESaIcEEE
FN:255,263,_ZNK16SinglyLinkedList7GetSizeEv
FN:26,29,_ZN16SinglyLinkedListD2Ev
FN:265,278,_ZNK16SinglyLinkedList15serializeBinaryERSo
FN:280,295,_ZN16SinglyLinkedList17deserializeBinaryERSi
FN:297,306,_ZNK16SinglyLinkedList13serializeTextERSo
FN:308,322,_ZN16SinglyLinkedList15deserializeTextERSi
FN:31,37,_ZN16SinglyLinkedList5ClearEv
FN:39,44,_ZN16SinglyLinkedList8AddAfterEPNS_10SinglyNodeERKNSt7__cxx1112basic_stringIcSt11char_traitsIcESaIcEEE
FN:46,49,_ZN16SinglyLinkedList7AddHeadERKNSt7__cxx1112basic_stringIcSt11char_traitsIcESaIcEEE
FN:51,56,_ZN16SinglyLinkedList7AddTailEPNS_10SinglyNodeERKNSt7__cxx1112basic_stringIcSt11char_traitsIcESaIcEEE
FN:58,66,_ZN16SinglyLinkedList11DeleteAfterB5cxx11EPNS_10SinglyNodeE
FN:68,76,_ZN16SinglyLinkedList10DeleteHeadB5cxx11Ev
FN:85,104,_ZN16SinglyLinkedList11FindByValueERKNSt7__cxx1112basic_stringIcSt11char_traitsIcESaIcEEEPi
FNDA:2,_ZN16SinglyLinkedList16AddElementBeforeERKNSt7__cxx1112basic_stringIcSt11char_traitsIcESaIcEEES7_
FNDA:2,_ZN16SinglyLinkedList15AddElementAfterERKNSt7__cxx1112basic_stringIcSt11char_traitsIcESaIcEEES7_
FNDA:15,_ZN16SinglyLinkedList16AddElementAtTailERKNSt7__cxx1112basic_stringIcSt11char_traitsIcESaIcEEE
FNDA:3,_ZN16SinglyLinkedList19DeleteElementBeforeERKNSt7__cxx1112basic_stringIcSt11char_traitsIcESaIcEEE
FNDA:3,_ZN16SinglyLinkedList18DeleteElementAfterERKNSt7__cxx1112basic_stringIcSt11char_traitsIcESaIcEEE
FNDA:9,_ZN16SinglyLinkedList19DeleteElementAtHeadB5cxx11Ev
FNDA:2,_ZN16SinglyLinkedList19DeleteElementAtTailB5cxx11Ev
FNDA:11,_ZN16SinglyLinkedListC2Ev
FNDA:2,_ZN16SinglyLinkedList20DeleteElementByValueERKNSt7__cxx1112basic_stringIcSt11char_traitsIcESaIcEEE
FNDA:6,_ZN16SinglyLinkedList13SearchElementERKNSt7__cxx1112basic_stringIcSt11char_traitsIcESaIcEEE
FNDA:2,_ZNK16SinglyLinkedList7GetSizeEv
FNDA:11,_ZN16SinglyLinkedListD2Ev
FNDA:1,_ZNK16SinglyLinkedList15serializeBinaryERSo
FNDA:1,_ZN16SinglyLinkedList17deserializeBinaryERSi
FNDA:1,_ZNK16SinglyLinkedList13serializeTextERSo
FNDA:1,_ZN16SinglyLinkedList15deserializeTextERSi
FNDA:13,_ZN16SinglyLinkedList5ClearEv
FNDA:1,_ZN16SinglyLinkedList8AddAfterEPNS_10SinglyNodeERKNSt7__cxx1112basic_stringIcSt11char_traitsIcESaIcEEE
FNDA:12,_ZN16SinglyLinkedList7AddHeadERKNSt7__cxx1112basic_stringIcSt11char_traitsIcESaIcEEE
FNDA:11,_ZN16SinglyLinkedList7AddTailEPNS_10SinglyNodeERKNSt7__cxx1112basic_stringIcSt11char_traitsIcESaIcEEE
FNDA:1,_ZN16SinglyLinkedList11DeleteAfterB5cxx11EPNS_10SinglyNodeE
FNDA:9,_ZN16SinglyLinkedList10DeleteHeadB5cxx11Ev
FNDA:18,_ZN16SinglyLinkedList11FindByValueERKNSt7__cxx1112basic_stringIcSt11char_traitsIcESaIcEEEPi
FNF:23
FNH:23
DA:21,11
DA:22,11
DA:23,11
DA:24,11
DA:26,11
DA:27,11
DA:28,11
DA:29,11
DA:31,13
DA:32,40
DA:33,14
DA:34,14
DA:35,14
DA:37,13
DA:39,1
DA:40,1
DA:41,1
DA:42,1
DA:43,1
DA:44,1
DA:46,12
DA:47,12
DA:48,12
DA:49,12
DA:51,11
DA:52,11
DA:53,11
DA:54,11
DA:55,11
DA:56,11
DA:58,1
DA:59,1
DA:60,0
DA:61,1
DA:62,1
DA:63,1
DA:64,1
DA:65,1
DA:66,1
DA:68,9
DA:69,9
DA:70,0
DA:71,9
DA:72,9
DA:73,9
DA:74,9
DA:75,9
DA:76,9
DA:85,18
DA:86,18
DA:87,18
DA:89,28
DA:90,21
DA:91,11
DA:92,8
DA:94,11
DA:96,10
DA:97,10
DA:100,7
DA:101,5
DA:103,7
DA:106,2
DA:107,2
DA:108,2
DA:109,2
DA:110,1
DA:111,1
DA:113,0
DA:114,0
DA:115,0
DA:117,0
DA:120,1
DA:121,1
DA:123,2
DA:125,2
DA:126,2
DA:127,2
DA:128,1
DA:130,1
DA:131,1
DA:133,2
DA:135,15
DA:136,15
DA:137,4
DA:138,4
DA:141,11
DA:142,14
DA:143,3
DA:145,11
DA:148,3
DA:149,3
DA:150,3
DA:151,3
DA:152,2
DA:153,1
DA:154,2
DA:155,1
DA:156,1
DA:158,0
DA:159,0
DA:160,0
DA:162,0
DA:165,1
DA:166,1
DA:167,2
DA:171,3
DA:172,3
DA:173,3
DA:174,2
DA:175,1
DA:177,1
DA:178,1
DA:179,2
DA:182,1
DA:183,1
DA:184,2
DA:188,9
DA:189,9
DA:190,3
DA:191,6
DA:193,6
DA:196,2
DA:197,2
DA:198,1
DA:199,2
DA:202,1
DA:203,1
DA:206,0
DA:207,0
DA:208,0
DA:210,0
DA:213,2
DA:214,2
DA:215,2
DA:216,2
DA:217,1
DA:218,1
DA:220,0
DA:221,0
DA:222,0
DA:224,0
DA:227,1
DA:228,1
DA:229,2
DA:247,6
DA:248,6
DA:249,6
DA:250,6
DA:255,2
DA:256,2
DA:257,2
DA:258,7
DA:259,5
DA:260,5
DA:262,2
DA:265,1
DA:266,1
DA:268,1
DA:270,1
DA:271,4
DA:272,3
DA:273,3
DA:274,3
DA:276,3
DA:278,1
DA:280,1
DA:281,1
DA:283,1
DA:284,1
DA:286,4
DA:287,3
DA:288,3
DA:290,3
DA:291,3
DA:293,3
DA:294,3
DA:295,1
DA:297,1
DA:298,1
DA:299,1
DA:301,1
DA:302,3
DA:303,2
DA:304,2
DA:306,1
DA:308,1
DA:309,1
DA:311,1
DA:312,1
DA:313,0
DA:315,1
DA:317,3
DA:318,2
DA:319,2
DA:320,2
DA:321,2
LF:196
LH:177
end_of_record
TN:
SF:/home/angelina/Рабочий стол/proga/lab3/n2.2/stack.h
FN:102,118,_ZN5Stack15deserializeTextERSi
FN:14,18,_ZN5StackC2Ei
FN:20,20,_ZN5StackD2Ev
FN:22,30,_ZN5Stack9StackPushERKNSt7__cxx1112basic_stringIcSt11char_traitsIcESaIcEEE
FN:32,40,_ZN5Stack8StackPopB5cxx11Ev
FN:42,53,_ZN5Stack12StackDisplayEv
FN:55,55,_ZN5Stack6setTopEi
FN:57,57,_ZNK5Stack6getTopEv
FN:58,58,_ZNK5Stack9getLengthEv
FN:59,59,_ZN5Stack8getArrayB5cxx11Ev
FN:62,71,_ZNK5Stack15serializeBinaryERSo
FN:73,93,_ZN5Stack17deserializeBinaryERSi
FN:95,100,_ZNK5Stack13serializeTextERSo
FNDA:1,_ZN5Stack15deserializeTextERSi
FNDA:7,_ZN5StackC2Ei
FNDA:7,_ZN5StackD2Ev
FNDA:13,_ZN5Stack9StackPushERKNSt7__cxx1112basic_stringIcSt11char_traitsIcESaIcEEE
FNDA:11,_ZN5Stack8StackPopB5cxx11Ev
FNDA:2,_ZN5Stack12StackDisplayEv
FNDA:1,_ZN5Stack6setTopEi
FNDA:3,_ZNK5Stack6getTopEv
FNDA:2,_ZNK5Stack9getLengthEv
FNDA:1,_ZN5Stack8getArrayB5cxx11Ev
FNDA:1,_ZNK5Stack15serializeBinaryERSo
FNDA:1,_ZN5Stack17deserializeBinaryERSi
FNDA:1,_ZNK5Stack13serializeTextERSo
FNF:13
FNH:13
DA:14,7
DA:15,7
DA:16,43
DA:17,7
DA:18,7
DA:20,47
DA:22,13
DA:23,13
DA:24,1
DA:25,2
DA:27,12
DA:28,12
DA:29,12
DA:32,11
DA:33,11
DA:34,2
DA:35,4
DA:37,9
DA:38,9
DA:42,2
DA:43,2
DA:44,1
DA:45,1
DA:48,1
DA:49,3
DA:50,2
DA:52,1
DA:55,1
DA:57,3
DA:58,2
DA:59,1
DA:62,1
DA:63,1
DA:64,1
DA:66,3
DA:67,2
DA:68,2
DA:69,2
DA:71,1
DA:73,1
DA:75,1
DA:76,0
DA:77,1
DA:79,1
DA:80,0
DA:81,0
DA:82,0
DA:84,1
DA:86,3
DA:88,2
DA:89,2
DA:90,2
DA:91,2
DA:92,2
DA:95,1
DA:96,1
DA:97,4
DA:98,3
DA:100,1
DA:102,1
DA:104,1
DA:105,0
DA:106,1
DA:108,1
DA:109,2
DA:110,1
DA:111,6
DA:113,1
DA:115,4
DA:116,3
LF:70
LH:65
end_of_record
TN:
SF:/home/angelina/Рабочий стол/proga/lab3/n2.2/test_array_gtest.cpp
FN:13,13,_ZN31ArrayTest_AddToEndWhenFull_Test8TestBodyEv
FN:13,13,_ZN31ArrayTest_AddToEndWhenFull_TestC2Ev
FN:13,13,_ZN31ArrayTest_AddToEndWhenFull_TestD0Ev
FN:13,13,_ZN31ArrayTest_AddToEndWhenFull_TestD2Ev
FN:20,20,_ZN30ArrayTest_AddByIndexValid_Test8TestBodyEv
FN:20,20,_ZN30ArrayTest_AddByIndexValid_TestC2Ev
FN:20,20,_ZN30ArrayTest_AddByIndexValid_TestD0Ev
FN:20,20,_ZN30ArrayTest_AddByIndexValid_TestD2Ev
FN:28,28,_ZN32ArrayTest_AddByIndexInvalid_Test8TestBodyEv
FN:28,28,_ZN32ArrayTest_AddByIndexInvalid_TestC2Ev
FN:28,28,_ZN32ArrayTest_AddByIndexInvalid_TestD0Ev
FN:28,28,_ZN32ArrayTest_AddByIndexInvalid_TestD2Ev
FN:35,35,_ZN33ArrayTest_DeleteByIndexValid_Test8TestBodyEv
FN:35,35,_ZN33ArrayTest_DeleteByIndexValid_TestC2Ev
FN:35,35,_ZN33ArrayTest_DeleteByIndexValid_TestD0Ev
FN:35,35,_ZN33ArrayTest_DeleteByIndexValid_TestD2Ev
FN:4,4,_ZN29ArrayTest_AddToEndAndGet_Test8TestBodyEv
FN:4,4,_ZN29ArrayTest_AddToEndAndGet_TestC2Ev
FN:4,4,_ZN29ArrayTest_AddToEndAndGet_TestD0Ev
FN:4,4,_ZN29ArrayTest_AddToEndAndGet_TestD2Ev
FN:44,44,_ZN35ArrayTest_DeleteByIndexInvalid_Test8TestBodyEv
FN:44,44,_ZN35ArrayTest_DeleteByIndexInvalid_TestC2Ev
FN:44,44,_ZN35ArrayTest_DeleteByIndexInvalid_TestD0Ev
FN:44,44,_ZN35ArrayTest_DeleteByIndexInvalid_TestD2Ev
FN:50,50,_ZN34ArrayTest_ReplaceByIndexValid_Test8TestBodyEv
FN:50,50,_ZN34ArrayTest_ReplaceByIndexValid_TestC2Ev
FN:50,50,_ZN34ArrayTest_ReplaceByIndexValid_TestD0Ev
FN:50,50,_ZN34ArrayTest_ReplaceByIndexValid_TestD2Ev
FN:57,57,_ZN36ArrayTest_ReplaceByIndexInvalid_Test8TestBodyEv
FN:57,57,_ZN36ArrayTest_ReplaceByIndexInvalid_TestC2Ev
FN:57,57,_ZN36ArrayTest_ReplaceByIndexInvalid_TestD0Ev
FN:57,57,_ZN36ArrayTest_ReplaceByIndexInvalid_TestD2Ev
FN:63,63,_ZN33ArrayTest_SetAndGetElementAt_Test8TestBodyEv
FN:63,63,_ZN33ArrayTest_SetAndGetElementAt_TestC2Ev
FN:63,63,_ZN33ArrayTest_SetAndGetElementAt_TestD0Ev
FN:63,63,_ZN33ArrayTest_SetAndGetElementAt_TestD2Ev
FN:70,73,_ZN29ArrayTest_GetLengthValue_Test8TestBodyEv
FN:70,73,_ZN29ArrayTest_GetLengthValue_TestC2Ev
FN:70,73,_ZN29ArrayTest_GetLengthValue_TestD0Ev
FN:70,73,_ZN29ArrayTest_GetLengthValue_TestD2Ev
FN:75,89,_ZN34ArrayTest_BinarySerialization_Test8TestBodyEv
FN:75,89,_ZN34ArrayTest_BinarySerialization_TestC2Ev
FN:75,89,_ZN34ArrayTest_BinarySerialization_TestD0Ev
FN:75,89,_ZN34ArrayTest_BinarySerialization_TestD2Ev
FN:91,91,_ZN32ArrayTest_TextSerialization_Test8TestBodyEv
FN:91,91,_ZN32ArrayTest_TextSerialization_TestC2Ev
FN:91,91,_ZN32ArrayTest_TextSerialization_TestD0Ev
FN:91,91,_ZN32ArrayTest_TextSerialization_TestD2Ev
FNDA:1,_ZN31ArrayTest_AddToEndWhenFull_Test8TestBodyEv
FNDA:1,_ZN31ArrayTest_AddToEndWhenFull_TestC2Ev
FNDA:1,_ZN31ArrayTest_AddToEndWhenFull_TestD0Ev
FNDA:1,_ZN31ArrayTest_AddToEndWhenFull_TestD2Ev
FNDA:1,_ZN30ArrayTest_AddByIndexValid_Test8TestBodyEv
FNDA:1,_ZN30ArrayTest_AddByIndexValid_TestC2Ev
FNDA:1,_ZN30ArrayTest_AddByIndexValid_TestD0Ev
FNDA:1,_ZN30ArrayTest_AddByIndexValid_TestD2Ev
FNDA:1,_ZN32ArrayTest_AddByIndexInvalid_Test8TestBodyEv
FNDA:1,_ZN32ArrayTest_AddByIndexInvalid_TestC2Ev
FNDA:1,_ZN32ArrayTest_AddByIndexInvalid_TestD0Ev
FNDA:1,_ZN32ArrayTest_AddByIndexInvalid_TestD2Ev
FNDA:1,_ZN33ArrayTest_DeleteByIndexValid_Test8TestBodyEv
FNDA:1,_ZN33ArrayTest_DeleteByIndexValid_TestC2Ev
FNDA:1,_ZN33ArrayTest_DeleteByIndexValid_TestD0Ev
FNDA:1,_ZN33ArrayTest_DeleteByIndexValid_TestD2Ev
FNDA:1,_ZN29ArrayTest_AddToEndAndGet_Test8TestBodyEv
FNDA:1,_ZN29ArrayTest_AddToEndAndGet_TestC2Ev
FNDA:1,_ZN29ArrayTest_AddToEndAndGet_TestD0Ev
FNDA:1,_ZN29ArrayTest_AddToEndAndGet_TestD2Ev
FNDA:1,_ZN35ArrayTest_DeleteByIndexInvalid_Test8TestBodyEv
FNDA:1,_ZN35ArrayTest_DeleteByIndexInvalid_TestC2Ev
FNDA:1,_ZN35ArrayTest_DeleteByIndexInvalid_TestD0Ev
FNDA:1,_ZN35ArrayTest_DeleteByIndexInvalid_TestD2Ev
FNDA:1,_ZN34ArrayTest_ReplaceByIndexValid_Test8TestBodyEv
FNDA:1,_ZN34ArrayTest_ReplaceByIndexValid_TestC2Ev
FNDA:1,_ZN34ArrayTest_ReplaceByIndexValid_TestD0Ev
FNDA:1,_ZN34ArrayTest_ReplaceByIndexValid_TestD2Ev
FNDA:1,_ZN36ArrayTest_ReplaceByIndexInvalid_Test8TestBodyEv
FNDA:1,_ZN36ArrayTest_ReplaceByIndexInvalid_TestC2Ev
FNDA:1,_ZN36ArrayTest_ReplaceByIndexInvalid_TestD0Ev
FNDA:1,_ZN36ArrayTest_ReplaceByIndexInvalid_TestD2Ev
FNDA:1,_ZN33ArrayTest_SetAndGetElementAt_Test8TestBodyEv
FNDA:1,_ZN33ArrayTest_SetAndGetElementAt_TestC2Ev
FNDA:1,_ZN33ArrayTest_SetAndGetElementAt_TestD0Ev
FNDA:1,_ZN33ArrayTest_SetAndGetElementAt_TestD2Ev
FNDA:1,_ZN29ArrayTest_GetLengthValue_Test8TestBodyEv
FNDA:1,_ZN29ArrayTest_GetLengthValue_TestC2Ev
FNDA:1,_ZN29ArrayTest_GetLengthValue_TestD0Ev
FNDA:1,_ZN29ArrayTest_GetLengthValue_TestD2Ev
FNDA:1,_ZN34ArrayTest_BinarySerialization_Test8TestBodyEv
FNDA:1,_ZN34ArrayTest_BinarySerialization_TestC2Ev
FNDA:1,_ZN34ArrayTest_BinarySerialization_TestD0Ev
FNDA:1,_ZN34ArrayTest_BinarySerialization_TestD2Ev
FNDA:1,_ZN32ArrayTest_TextSerialization_Test8TestBodyEv
FNDA:1,_ZN32ArrayTest_TextSerialization_TestC2Ev
FNDA:1,_ZN32ArrayTest_TextSerialization_TestD0Ev
FNDA:1,_ZN32ArrayTest_TextSerialization_TestD2Ev
FNF:48
FNH:48
DA:4,4
DA:5,1
DA:6,2
DA:7,1
DA:8,1
DA:9,1
DA:10,1
DA:11,1
DA:13,4
DA:14,1
DA:15,2
DA:16,1
DA:17,1
DA:18,1
DA:20,4
DA:21,1
DA:22,2
DA:23,2
DA:24,1
DA:25,1
DA:26,1
DA:28,4
DA:29,1
DA:30,2
DA:31,1
DA:32,1
DA:33,1
DA:35,4
DA:36,1
DA:37,2
DA:38,1
DA:39,1
DA:40,1
DA:41,1
DA:42,1
DA:44,4
DA:45,1
DA:46,1
DA:47,1
DA:48,1
DA:50,4
DA:51,1
DA:52,2
DA:53,1
DA:54,1
DA:55,1
DA:57,4
DA:58,1
DA:59,1
DA:60,1
DA:61,1
DA:63,4
DA:64,1
DA:65,1
DA:66,1
DA:67,1
DA:68,1
DA:70,4
DA:71,1
DA:72,1
DA:73,1
DA:75,4
DA:76,1
DA:77,2
DA:78,1
DA:80,1
DA:81,1
DA:83,1
DA:84,1
DA:86,1
DA:87,1
DA:88,1
DA:89,1
DA:91,4
DA:92,1
DA:93,2
DA:94,1
DA:96,1
DA:97,1
DA:99,1
DA:100,1
DA:102,1
DA:103,1
DA:104,1
DA:105,1
LF:85
LH:85
end_of_record
TN:
SF:/home/angelina/Рабочий стол/proga/lab3/n2.2/test_dlist_gtest.cpp
FN:104,104,_ZN49DoubleLinkedListTest_DisplayListDoesNotCrash_Test8TestBodyEv
FN:104,104,_ZN49DoubleLinkedListTest_DisplayListDoesNotCrash_TestC2Ev
FN:104,104,_ZN49DoubleLinkedListTest_DisplayListDoesNotCrash_TestD0Ev
FN:104,104,_ZN49DoubleLinkedListTest_DisplayListDoesNotCrash_TestD2Ev
FN:115,129,_ZN43DoubleLinkedListTest_TextSerialization_Test8TestBodyEv
FN:115,129,_ZN43DoubleLinkedListTest_TextSerialization_TestC2Ev
FN:115,129,_ZN43DoubleLinkedListTest_TextSerialization_TestD0Ev
FN:115,129,_ZN43DoubleLinkedListTest_TextSerialization_TestD2Ev
FN:13,13,_ZN50DoubleLinkedListTest_AddBeforeCoversAddBefore_Test8TestBodyEv
FN:13,13,_ZN50DoubleLinkedListTest_AddBeforeCoversAddBefore_TestC2Ev
FN:13,13,_ZN50DoubleLinkedListTest_AddBeforeCoversAddBefore_TestD0Ev
FN:13,13,_ZN50DoubleLinkedListTest_AddBeforeCoversAddBefore_TestD2Ev
FN:131,144,_ZN45DoubleLinkedListTest_BinarySerialization_Test8TestBodyEv
FN:131,144,_ZN45DoubleLinkedListTest_BinarySerialization_TestC2Ev
FN:131,144,_ZN45DoubleLinkedListTest_BinarySerialization_TestD0Ev
FN:131,144,_ZN45DoubleLinkedListTest_BinarySerialization_TestD2Ev
FN:23,23,_ZN48DoubleLinkedListTest_AddAfterCoversAddAfter_Test8TestBodyEv
FN:23,23,_ZN48DoubleLinkedListTest_AddAfterCoversAddAfter_TestC2Ev
FN:23,23,_ZN48DoubleLinkedListTest_AddAfterCoversAddAfter_TestD0Ev
FN:23,23,_ZN48DoubleLinkedListTest_AddAfterCoversAddAfter_TestD2Ev
FN:33,33,_ZN48DoubleLinkedListTest_AddBeforeAndAfterValid_Test8TestBodyEv
FN:33,33,_ZN48DoubleLinkedListTest_AddBeforeAndAfterValid_TestC2Ev
FN:33,33,_ZN48DoubleLinkedListTest_AddBeforeAndAfterValid_TestD0Ev
FN:33,33,_ZN48DoubleLinkedListTest_AddBeforeAndAfterValid_TestD2Ev
FN:4,4,_ZN40DoubleLinkedListTest_AddHeadAndTail_Test8TestBodyEv
FN:4,4,_ZN40DoubleLinkedListTest_AddHeadAndTail_TestC2Ev
FN:4,4,_ZN40DoubleLinkedListTest_AddHeadAndTail_TestD0Ev
FN:4,4,_ZN40DoubleLinkedListTest_AddHeadAndTail_TestD2Ev
FN:42,42,_ZN50DoubleLinkedListTest_AddBeforeAndAfterInvalid_Test8TestBodyEv
FN:42,42,_ZN50DoubleLinkedListTest_AddBeforeAndAfterInvalid_TestC2Ev
FN:42,42,_ZN50DoubleLinkedListTest_AddBeforeAndAfterInvalid_TestD0Ev
FN:42,42,_ZN50DoubleLinkedListTest_AddBeforeAndAfterInvalid_TestD2Ev
FN:54,54,_ZN40DoubleLinkedListTest_DeleteHeadTail_Test8TestBodyEv
FN:54,54,_ZN40DoubleLinkedListTest_DeleteHeadTail_TestC2Ev
FN:54,54,_ZN40DoubleLinkedListTest_DeleteHeadTail_TestD0Ev
FN:54,54,_ZN40DoubleLinkedListTest_DeleteHeadTail_TestD2Ev
FN:63,63,_ZN39DoubleLinkedListTest_DeleteByValue_Test8TestBodyEv
FN:63,63,_ZN39DoubleLinkedListTest_DeleteByValue_TestC2Ev
FN:63,63,_ZN39DoubleLinkedListTest_DeleteByValue_TestD0Ev
FN:63,63,_ZN39DoubleLinkedListTest_DeleteByValue_TestD2Ev
FN:74,74,_ZN48DoubleLinkedListTest_DeleteBeforeAfterValid_Test8TestBodyEv
FN:74,74,_ZN48DoubleLinkedListTest_DeleteBeforeAfterValid_TestC2Ev
FN:74,74,_ZN48DoubleLinkedListTest_DeleteBeforeAfterValid_TestD0Ev
FN:74,74,_ZN48DoubleLinkedListTest_DeleteBeforeAfterValid_TestD2Ev
FN:83,83,_ZN50DoubleLinkedListTest_DeleteBeforeAfterInvalid_Test8TestBodyEv
FN:83,83,_ZN50DoubleLinkedListTest_DeleteBeforeAfterInvalid_TestC2Ev
FN:83,83,_ZN50DoubleLinkedListTest_DeleteBeforeAfterInvalid_TestD0Ev
FN:83,83,_ZN50DoubleLinkedListTest_DeleteBeforeAfterInvalid_TestD2Ev
FN:93,93,_ZN39DoubleLinkedListTest_SearchAndFind_Test8TestBodyEv
FN:93,93,_ZN39DoubleLinkedListTest_SearchAndFind_TestC2Ev
FN:93,93,_ZN39DoubleLinkedListTest_SearchAndFind_TestD0Ev
FN:93,93,_ZN39DoubleLinkedListTest_SearchAndFind_TestD2Ev
FNDA:1,_ZN49DoubleLinkedListTest_DisplayListDoesNotCrash_Test8TestBodyEv
FNDA:1,_ZN49DoubleLinkedListTest_DisplayListDoesNotCrash_TestC2Ev
FNDA:1,_ZN49DoubleLinkedListTest_DisplayListDoesNotCrash_TestD0Ev
FNDA:1,_ZN49DoubleLinkedListTest_DisplayListDoesNotCrash_TestD2Ev
FNDA:1,_ZN43DoubleLinkedListTest_TextSerialization_Test8TestBodyEv
FNDA:1,_ZN43DoubleLinkedListTest_TextSerialization_TestC2Ev
FNDA:1,_ZN43DoubleLinkedListTest_TextSerialization_TestD0Ev
FNDA:1,_ZN43DoubleLinkedListTest_TextSerialization_TestD2Ev
FNDA:1,_ZN50DoubleLinkedListTest_AddBeforeCoversAddBefore_Test8TestBodyEv
FNDA:1,_ZN50DoubleLinkedListTest_AddBeforeCoversAddBefore_TestC2Ev
FNDA:1,_ZN50DoubleLinkedListTest_AddBeforeCoversAddBefore_TestD0Ev
FNDA:1,_ZN50DoubleLinkedListTest_AddBeforeCoversAddBefore_TestD2Ev
FNDA:1,_ZN45DoubleLinkedListTest_BinarySerialization_Test8TestBodyEv
FNDA:1,_ZN45DoubleLinkedListTest_BinarySerialization_TestC2Ev
FNDA:1,_ZN45DoubleLinkedListTest_BinarySerialization_TestD0Ev
FNDA:1,_ZN45DoubleLinkedListTest_BinarySerialization_TestD2Ev
FNDA:1,_ZN48DoubleLinkedListTest_AddAfterCoversAddAfter_Test8TestBodyEv
FNDA:1,_ZN48DoubleLinkedListTest_AddAfterCoversAddAfter_TestC2Ev
FNDA:1,_ZN48DoubleLinkedListTest_AddAfterCoversAddAfter_TestD0Ev
FNDA:1,_ZN48DoubleLinkedListTest_AddAfterCoversAddAfter_TestD2Ev
FNDA:1,_ZN48DoubleLinkedListTest_AddBeforeAndAfterValid_Test8TestBodyEv
FNDA:1,_ZN48DoubleLinkedListTest_AddBeforeAndAfterValid_TestC2Ev
FNDA:1,_ZN48DoubleLinkedListTest_AddBeforeAndAfterValid_TestD0Ev
FNDA:1,_ZN48DoubleLinkedListTest_AddBeforeAndAfterValid_TestD2Ev
FNDA:1,_ZN40DoubleLinkedListTest_AddHeadAndTail_Test8TestBodyEv
FNDA:1,_ZN40DoubleLinkedListTest_AddHeadAndTail_TestC2Ev
FNDA:1,_ZN40DoubleLinkedListTest_AddHeadAndTail_TestD0Ev
FNDA:1,_ZN40DoubleLinkedListTest_AddHeadAndTail_TestD2Ev
FNDA:1,_ZN50DoubleLinkedListTest_AddBeforeAndAfterInvalid_Test8TestBodyEv
FNDA:1,_ZN50DoubleLinkedListTest_AddBeforeAndAfterInvalid_TestC2Ev
FNDA:1,_ZN50DoubleLinkedListTest_AddBeforeAndAfterInvalid_TestD0Ev
FNDA:1,_ZN50DoubleLinkedListTest_AddBeforeAndAfterInvalid_TestD2Ev
FNDA:1,_ZN40DoubleLinkedListTest_DeleteHeadTail_Test8TestBodyEv
FNDA:1,_ZN40DoubleLinkedListTest_DeleteHeadTail_TestC2Ev
FNDA:1,_ZN40DoubleLinkedListTest_DeleteHeadTail_TestD0Ev
FNDA:1,_ZN40DoubleLinkedListTest_DeleteHeadTail_TestD2Ev
FNDA:1,_ZN39DoubleLinkedListTest_DeleteByValue_Test8TestBodyEv
FNDA:1,_ZN39DoubleLinkedListTest_DeleteByValue_TestC2Ev
FNDA:1,_ZN39DoubleLinkedListTest_DeleteByValue_TestD0Ev
FNDA:1,_ZN39DoubleLinkedListTest_DeleteByValue_TestD2Ev
FNDA:1,_ZN48DoubleLinkedListTest_DeleteBeforeAfterValid_Test8TestBodyEv
FNDA:1,_ZN48DoubleLinkedListTest_DeleteBeforeAfterValid_TestC2Ev
FNDA:1,_ZN48DoubleLinkedListTest_DeleteBeforeAfterValid_TestD0Ev
FNDA:1,_ZN48DoubleLinkedListTest_DeleteBeforeAfterValid_TestD2Ev
FNDA:1,_ZN50DoubleLinkedListTest_DeleteBeforeAfterInvalid_Test8TestBodyEv
FNDA:1,_ZN50DoubleLinkedListTest_DeleteBeforeAfterInvalid_TestC2Ev
FNDA:1,_ZN50DoubleLinkedListTest_DeleteBeforeAfterInvalid_TestD0Ev
FNDA:1,_ZN50DoubleLinkedListTest_DeleteBeforeAfterInvalid_TestD2Ev
FNDA:1,_ZN39DoubleLinkedListTest_SearchAndFind_Test8TestBodyEv
FNDA:1,_ZN39DoubleLinkedListTest_SearchAndFind_TestC2Ev
FNDA:1,_ZN39DoubleLinkedListTest_SearchAndFind_TestD0Ev
FNDA:1,_ZN39DoubleLinkedListTest_SearchAndFind_TestD2Ev
FNF:52
FNH:52
DA:4,4
DA:5,1
DA:6,2
DA:7,2
DA:8,1
DA:9,2
DA:10,1
DA:11,1
DA:13,4
DA:14,1
DA:15,2
DA:16,2
DA:17,2
DA:18,3
DA:19,2
DA:20,1
DA:21,1
DA:23,4
DA:24,1
DA:25,2
DA:26,2
DA:27,2
DA:28,3
DA:29,2
DA:30,1
DA:31,1
DA:33,4
DA:34,1
DA:35,2
DA:36,4
DA:37,3
DA:38,2
DA:39,1
DA:40,1
DA:42,4
DA:43,1
DA:44,1
DA:45,1
DA:46,4
DA:47,3
DA:48,1
DA:49,3
DA:50,2
DA:51,1
DA:52,1
DA:54,4
DA:55,1
DA:56,2
DA:57,1
DA:58,1
DA:59,1
DA:60,1
DA:61,1
DA:63,4
DA:64,1
DA:65,2
DA:66,2
DA:67,2
DA:68,2
DA:69,2
DA:70,3
DA:71,1
DA:72,1
DA:74,4
DA:75,1
DA:76,2
DA:77,2
DA:78,2
DA:79,2
DA:80,2
DA:81,1
DA:83,4
DA:84,1
DA:85,1
DA:86,1
DA:87,3
DA:88,2
DA:89,2
DA:90,1
DA:91,1
DA:93,4
DA:94,1
DA:95,2
DA:96,1
DA:97,1
DA:98,1
DA:99,1
DA:100,1
DA:101,1
DA:102,1
DA:104,4
DA:105,1
DA:106,2
DA:107,1
DA:108,1
DA:109,1
DA:110,1
DA:111,1
DA:112,1
DA:113,1
DA:115,4
DA:116,1
DA:117,2
DA:118,1
DA:120,1
DA:121,1
DA:123,1
DA:124,1
DA:126,1
DA:127,1
DA:128,1
DA:129,1
DA:131,4
DA:132,1
DA:133,2
DA:134,1
DA:136,1
DA:137,1
DA:139,1
DA:140,1
DA:142,1
DA:143,1
DA:144,1
LF:123
LH:123
end_of_record
TN:
SF:/home/angelina/Рабочий стол/proga/lab3/n2.2/test_list_gtest.cpp
FN:12,12,_ZN48SinglyLinkedListTest_AddBeforeAndAfterValid_Test8TestBodyEv
FN:12,12,_ZN48SinglyLinkedListTest_AddBeforeAndAfterValid_TestC2Ev
FN:12,12,_ZN48SinglyLinkedListTest_AddBeforeAndAfterValid_TestD0Ev
FN:12,12,_ZN48SinglyLinkedListTest_AddBeforeAndAfterValid_TestD2Ev
FN:21,21,_ZN50SinglyLinkedListTest_AddBeforeAndAfterInvalid_Test8TestBodyEv
FN:21,21,_ZN50SinglyLinkedListTest_AddBeforeAndAfterInvalid_TestC2Ev
FN:21,21,_ZN50SinglyLinkedListTest_AddBeforeAndAfterInvalid_TestD0Ev
FN:21,21,_ZN50SinglyLinkedListTest_AddBeforeAndAfterInvalid_TestD2Ev
FN:30,30,_ZN54SinglyLinkedListTest_DeleteByValueValidAndInvalid_Test8TestBodyEv
FN:30,30,_ZN54SinglyLinkedListTest_DeleteByValueValidAndInvalid_TestC2Ev
FN:30,30,_ZN54SinglyLinkedListTest_DeleteByValueValidAndInvalid_TestD0Ev
FN:30,30,_ZN54SinglyLinkedListTest_DeleteByValueValidAndInvalid_TestD2Ev
FN:38,38,_ZN45SinglyLinkedListTest_DeleteHeadTailEmpty_Test8TestBodyEv
FN:38,38,_ZN45SinglyLinkedListTest_DeleteHeadTailEmpty_TestC2Ev
FN:38,38,_ZN45SinglyLinkedListTest_DeleteHeadTailEmpty_TestD0Ev
FN:38,38,_ZN45SinglyLinkedListTest_DeleteHeadTailEmpty_TestD2Ev
FN:4,4,_ZN40SinglyLinkedListTest_AddHeadAndTail_Test8TestBodyEv
FN:4,4,_ZN40SinglyLinkedListTest_AddHeadAndTail_TestC2Ev
FN:4,4,_ZN40SinglyLinkedListTest_AddHeadAndTail_TestD0Ev
FN:4,4,_ZN40SinglyLinkedListTest_AddHeadAndTail_TestD2Ev
FN:48,48,_ZN51SinglyLinkedListTest_DeleteBeforeAndAfterValid_Test8TestBodyEv
FN:48,48,_ZN51SinglyLinkedListTest_DeleteBeforeAndAfterValid_TestC2Ev
FN:48,48,_ZN51SinglyLinkedListTest_DeleteBeforeAndAfterValid_TestD0Ev
FN:48,48,_ZN51SinglyLinkedListTest_DeleteBeforeAndAfterValid_TestD2Ev
FN:57,57,_ZN53SinglyLinkedListTest_DeleteBeforeAndAfterInvalid_Test8TestBodyEv
FN:57,57,_ZN53SinglyLinkedListTest_DeleteBeforeAndAfterInvalid_TestC2Ev
FN:57,57,_ZN53SinglyLinkedListTest_DeleteBeforeAndAfterInvalid_TestD0Ev
FN:57,57,_ZN53SinglyLinkedListTest_DeleteBeforeAndAfterInvalid_TestD2Ev
FN:66,80,_ZN43SinglyLinkedListTest_SerializationText_Test8TestBodyEv
FN:66,80,_ZN43SinglyLinkedListTest_SerializationText_TestC2Ev
FN:66,80,_ZN43SinglyLinkedListTest_SerializationText_TestD0Ev
FN:66,80,_ZN43SinglyLinkedListTest_SerializationText_TestD2Ev
FN:82,82,_ZN45SinglyLinkedListTest_SerializationBinary_Test8TestBodyEv
FN:82,82,_ZN45SinglyLinkedListTest_SerializationBinary_TestC2Ev
FN:82,82,_ZN45SinglyLinkedListTest_SerializationBinary_TestD0Ev
FN:82,82,_ZN45SinglyLinkedListTest_SerializationBinary_TestD2Ev
FNDA:1,_ZN48SinglyLinkedListTest_AddBeforeAndAfterValid_Test8TestBodyEv
FNDA:1,_ZN48SinglyLinkedListTest_AddBeforeAndAfterValid_TestC2Ev
FNDA:1,_ZN48SinglyLinkedListTest_AddBeforeAndAfterValid_TestD0Ev
FNDA:1,_ZN48SinglyLinkedListTest_AddBeforeAndAfterValid_TestD2Ev
FNDA:1,_ZN50SinglyLinkedListTest_AddBeforeAndAfterInvalid_Test8TestBodyEv
FNDA:1,_ZN50SinglyLinkedListTest_AddBeforeAndAfterInvalid_TestC2Ev
FNDA:1,_ZN50SinglyLinkedListTest_AddBeforeAndAfterInvalid_TestD0Ev
FNDA:1,_ZN50SinglyLinkedListTest_AddBeforeAndAfterInvalid_TestD2Ev
FNDA:1,_ZN54SinglyLinkedListTest_DeleteByValueValidAndInvalid_Test8TestBodyEv
FNDA:1,_ZN54SinglyLinkedListTest_DeleteByValueValidAndInvalid_TestC2Ev
FNDA:1,_ZN54SinglyLinkedListTest_DeleteByValueValidAndInvalid_TestD0Ev
FNDA:1,_ZN54SinglyLinkedListTest_DeleteByValueValidAndInvalid_TestD2Ev
FNDA:1,_ZN45SinglyLinkedListTest_DeleteHeadTailEmpty_Test8TestBodyEv
FNDA:1,_ZN45SinglyLinkedListTest_DeleteHeadTailEmpty_TestC2Ev
FNDA:1,_ZN45SinglyLinkedListTest_DeleteHeadTailEmpty_TestD0Ev
FNDA:1,_ZN45SinglyLinkedListTest_DeleteHeadTailEmpty_TestD2Ev
FNDA:1,_ZN40SinglyLinkedListTest_AddHeadAndTail_Test8TestBodyEv
FNDA:1,_ZN40SinglyLinkedListTest_AddHeadAndTail_TestC2Ev
FNDA:1,_ZN40SinglyLinkedListTest_AddHeadAndTail_TestD0Ev
FNDA:1,_ZN40SinglyLinkedListTest_AddHeadAndTail_TestD2Ev
FNDA:1,_ZN51SinglyLinkedListTest_DeleteBeforeAndAfterValid_Test8TestBodyEv
FNDA:1,_ZN51SinglyLinkedListTest_DeleteBeforeAndAfterValid_TestC2Ev
FNDA:1,_ZN51SinglyLinkedListTest_DeleteBeforeAndAfterValid_TestD0Ev
FNDA:1,_ZN51SinglyLinkedListTest_DeleteBeforeAndAfterValid_TestD2Ev
FNDA:1,_ZN53SinglyLinkedListTest_DeleteBeforeAndAfterInvalid_Test8TestBodyEv
FNDA:1,_ZN53SinglyLinkedListTest_DeleteBeforeAndAfterInvalid_TestC2Ev
FNDA:1,_ZN53SinglyLinkedListTest_DeleteBeforeAndAfterInvalid_TestD0Ev
FNDA:1,_ZN53SinglyLinkedListTest_DeleteBeforeAndAfterInvalid_TestD2Ev
FNDA:1,_ZN43SinglyLinkedListTest_SerializationText_Test8TestBodyEv
FNDA:1,_ZN43SinglyLinkedListTest_SerializationText_TestC2Ev
FNDA:1,_ZN43SinglyLinkedListTest_SerializationText_TestD0Ev
FNDA:1,_ZN43SinglyLinkedListTest_SerializationText_TestD2Ev
FNDA:1,_ZN45SinglyLinkedListTest_SerializationBinary_Test8TestBodyEv
FNDA:1,_ZN45SinglyLinkedListTest_SerializationBinary_TestC2Ev
FNDA:1,_ZN45SinglyLinkedListTest_SerializationBinary_TestD0Ev
FNDA:1,_ZN45SinglyLinkedListTest_SerializationBinary_TestD2Ev
FNF:36
FNH:36
DA:4,4
DA:5,1
DA:6,2
DA:7,2
DA:8,2
DA:9,2
DA:10,1
DA:12,4
DA:13,1
DA:14,2
DA:15,4
DA:16,4
DA:17,2
DA:18,2
DA:19,1
DA:21,4
DA:22,1
DA:23,2
DA:24,4
DA:25,4
DA:26,2
DA:27,2
DA:28,1
DA:30,4
DA:31,1
DA:32,2
DA:33,2
DA:34,2
DA:35,2
DA:36,1
DA:38,4
DA:39,1
DA:40,1
DA:41,1
DA:42,2
DA:43,1
DA:44,1
DA:45,1
DA:46,1
DA:48,4
DA:49,1
DA:50,2
DA:51,2
DA:52,2
DA:53,2
DA:54,2
DA:55,1
DA:57,4
DA:58,1
DA:59,3
DA:60,2
DA:61,2
DA:62,2
DA:63,2
DA:64,1
DA:66,4
DA:67,1
DA:68,2
DA:69,1
DA:71,1
DA:72,1
DA:74,1
DA:75,1
DA:77,1
DA:78,1
DA:79,1
DA:80,1
DA:82,4
DA:83,1
DA:84,2
DA:85,2
DA:86,1
DA:88,1
DA:89,1
DA:91,1
DA:92,1
DA:94,1
DA:95,1
DA:96,1
DA:97,1
DA:98,1
LF:81
LH:81
end_of_record
TN:
SF:/home/angelina/Рабочий стол/proga/lab3/n2.2/test_queue_gtest.cpp
FN:14,14,_ZN36QueueTest_DisplayEmptyAndFilled_Test8TestBodyEv
FN:14,14,_ZN36QueueTest_DisplayEmptyAndFilled_TestC2Ev
FN:14,14,_ZN36QueueTest_DisplayEmptyAndFilled_TestD0Ev
FN:14,14,_ZN36QueueTest_DisplayEmptyAndFilled_TestD2Ev
FN:29,29,_ZN37QueueTest_SerializationAccessors_Test8TestBodyEv
FN:29,29,_ZN37QueueTest_SerializationAccessors_TestC2Ev
FN:29,29,_ZN37QueueTest_SerializationAccessors_TestD0Ev
FN:29,29,_ZN37QueueTest_SerializationAccessors_TestD2Ev
FN:4,4,_ZN27QueueTest_PushPopBasic_Test8TestBodyEv
FN:4,4,_ZN27QueueTest_PushPopBasic_TestC2Ev
FN:4,4,_ZN27QueueTest_PushPopBasic_TestD0Ev
FN:4,4,_ZN27QueueTest_PushPopBasic_TestD2Ev
FN:46,46,_ZN36QueueSerialization_BinaryFormat_Test8TestBodyEv
FN:46,46,_ZN36QueueSerialization_BinaryFormat_TestC2Ev
FN:46,46,_ZN36QueueSerialization_BinaryFormat_TestD0Ev
FN:46,46,_ZN36QueueSerialization_BinaryFormat_TestD2Ev
FN:62,62,_ZN34QueueSerialization_TextFormat_Test8TestBodyEv
FN:62,62,_ZN34QueueSerialization_TextFormat_TestC2Ev
FN:62,62,_ZN34QueueSerialization_TextFormat_TestD0Ev
FN:62,62,_ZN34QueueSerialization_TextFormat_TestD2Ev
FNDA:1,_ZN36QueueTest_DisplayEmptyAndFilled_Test8TestBodyEv
FNDA:1,_ZN36QueueTest_DisplayEmptyAndFilled_TestC2Ev
FNDA:1,_ZN36QueueTest_DisplayEmptyAndFilled_TestD0Ev
FNDA:1,_ZN36QueueTest_DisplayEmptyAndFilled_TestD2Ev
FNDA:1,_ZN37QueueTest_SerializationAccessors_Test8TestBodyEv
FNDA:1,_ZN37QueueTest_SerializationAccessors_TestC2Ev
FNDA:1,_ZN37QueueTest_SerializationAccessors_TestD0Ev
FNDA:1,_ZN37QueueTest_SerializationAccessors_TestD2Ev
FNDA:1,_ZN27QueueTest_PushPopBasic_Test8TestBodyEv
FNDA:1,_ZN27QueueTest_PushPopBasic_TestC2Ev
FNDA:1,_ZN27QueueTest_PushPopBasic_TestD0Ev
FNDA:1,_ZN27QueueTest_PushPopBasic_TestD2Ev
FNDA:1,_ZN36QueueSerialization_BinaryFormat_Test8TestBodyEv
FNDA:1,_ZN36QueueSerialization_BinaryFormat_TestC2Ev
FNDA:1,_ZN36QueueSerialization_BinaryFormat_TestD0Ev
FNDA:1,_ZN36QueueSerialization_BinaryFormat_TestD2Ev
FNDA:1,_ZN34QueueSerialization_TextFormat_Test8TestBodyEv
FNDA:1,_ZN34QueueSerialization_TextFormat_TestC2Ev
FNDA:1,_ZN34QueueSerialization_TextFormat_TestD0Ev
FNDA:1,_ZN34QueueSerialization_TextFormat_TestD2Ev
FNF:20
FNH:20
DA:4,4
DA:5,1
DA:6,3
DA:7,2
DA:8,2
DA:9,1
DA:10,1
DA:11,1
DA:12,1
DA:14,4
DA:15,1
DA:16,1
DA:17,1
DA:18,1
DA:19,1
DA:21,2
DA:22,1
DA:23,1
DA:24,1
DA:25,2
DA:26,1
DA:27,1
DA:29,4
DA:30,1
DA:31,2
DA:32,1
DA:34,1
DA:35,1
DA:36,1
DA:37,1
DA:38,1
DA:39,1
DA:41,1
DA:42,1
DA:43,1
DA:44,1
DA:46,4
DA:47,1
DA:48,2
DA:49,1
DA:51,1
DA:52,1
DA:54,1
DA:55,1
DA:57,1
DA:58,1
DA:59,1
DA:60,1
DA:62,4
DA:63,1
DA:64,2
DA:65,1
DA:67,1
DA:68,1
DA:70,1
DA:71,1
DA:73,1
DA:74,1
DA:75,1
LF:59
LH:59
end_of_record
TN:
SF:/home/angelina/Рабочий стол/proga/lab3/n2.2/test_stack_gtest.cpp
FN:16,16,_ZN36StackTest_DisplayEmptyAndFilled_Test8TestBodyEv
FN:16,16,_ZN36StackTest_DisplayEmptyAndFilled_TestC2Ev
FN:16,16,_ZN36StackTest_DisplayEmptyAndFilled_TestD0Ev
FN:16,16,_ZN36StackTest_DisplayEmptyAndFilled_TestD2Ev
FN:31,31,_ZN37StackTest_SerializationAccessors_Test8TestBodyEv
FN:31,31,_ZN37StackTest_SerializationAccessors_TestC2Ev
FN:31,31,_ZN37StackTest_SerializationAccessors_TestD0Ev
FN:31,31,_ZN37StackTest_SerializationAccessors_TestD2Ev
FN:4,4,_ZN27StackTest_PushPopBasic_Test8TestBodyEv
FN:4,4,_ZN27StackTest_PushPopBasic_TestC2Ev
FN:4,4,_ZN27StackTest_PushPopBasic_TestD0Ev
FN:4,4,_ZN27StackTest_PushPopBasic_TestD2Ev
FN:46,46,_ZN32StackTest_TextSerialization_Test8TestBodyEv
FN:46,46,_ZN32StackTest_TextSerialization_TestC2Ev
FN:46,46,_ZN32StackTest_TextSerialization_TestD0Ev
FN:46,46,_ZN32StackTest_TextSerialization_TestD2Ev
FN:67,67,_ZN34StackTest_BinarySerialization_Test8TestBodyEv
FN:67,67,_ZN34StackTest_BinarySerialization_TestC2Ev
FN:67,67,_ZN34StackTest_BinarySerialization_TestD0Ev
FN:67,67,_ZN34StackTest_BinarySerialization_TestD2Ev
FNDA:1,_ZN36StackTest_DisplayEmptyAndFilled_Test8TestBodyEv
FNDA:1,_ZN36StackTest_DisplayEmptyAndFilled_TestC2Ev
FNDA:1,_ZN36StackTest_DisplayEmptyAndFilled_TestD0Ev
FNDA:1,_ZN36StackTest_DisplayEmptyAndFilled_TestD2Ev
FNDA:1,_ZN37StackTest_SerializationAccessors_Test8TestBodyEv
FNDA:1,_ZN37StackTest_SerializationAccessors_TestC2Ev
FNDA:1,_ZN37StackTest_SerializationAccessors_TestD0Ev
FNDA:1,_ZN37StackTest_SerializationAccessors_TestD2Ev
FNDA:1,_ZN27StackTest_PushPopBasic_Test8TestBodyEv
FNDA:1,_ZN27StackTest_PushPopBasic_TestC2Ev
FNDA:1,_ZN27StackTest_PushPopBasic_TestD0Ev
FNDA:1,_ZN27StackTest_PushPopBasic_TestD2Ev
FNDA:1,_ZN32StackTest_TextSerialization_Test8TestBodyEv
FNDA:1,_ZN32StackTest_TextSerialization_TestC2Ev
FNDA:1,_ZN32StackTest_TextSerialization_TestD0Ev
FNDA:1,_ZN32StackTest_TextSerialization_TestD2Ev
FNDA:1,_ZN34StackTest_BinarySerialization_Test8TestBodyEv
FNDA:1,_ZN34StackTest_BinarySerialization_TestC2Ev
FNDA:1,_ZN34StackTest_BinarySerialization_TestD0Ev
FNDA:1,_ZN34StackTest_BinarySerialization_TestD2Ev
FNF:20
FNH:20
DA:4,4
DA:5,1
DA:6,3
DA:7,2
DA:8,2
DA:9,2
DA:10,1
DA:11,1
DA:12,1
DA:13,1
DA:14,1
DA:16,4
DA:17,1
DA:18,1
DA:19,1
DA:20,1
DA:21,1
DA:23,2
DA:24,1
DA:25,1
DA:26,1
DA:27,2
DA:28,1
DA:29,1
DA:31,4
DA:32,1
DA:33,2
DA:34,1
DA:36,1
DA:37,1
DA:38,1
DA:39,1
DA:40,1
DA:42,1
DA:43,1
DA:44,1
DA:46,4
DA:47,1
DA:48,2
DA:49,2
DA:50,1
DA:52,1
DA:53,1
DA:55,1
DA:56,1
DA:58,1
DA:59,1
DA:61,1
DA:62,1
DA:63,1
DA:64,1
DA:65,1
DA:67,4
DA:68,1
DA:69,2
DA:70,1
DA:72,1
DA:73,1
DA:75,1
DA:76,1
DA:78,1
DA:79,1
DA:80,1
DA:81,1
LF:64
LH:64
end_of_record
TN:
SF:/home/angelina/Рабочий стол/proga/lab3/n2.2/test_tree_gtest.cpp
FN:15,15,_ZN24TreeTest_IsFullTree_Test8TestBodyEv
FN:15,15,_ZN24TreeTest_IsFullTree_TestC2Ev
FN:15,15,_ZN24TreeTest_IsFullTree_TestD0Ev
FN:15,15,_ZN24TreeTest_IsFullTree_TestD2Ev
FN:26,26,_ZN24TreeTest_Traversals_Test8TestBodyEv
FN:26,26,_ZN24TreeTest_Traversals_TestC2Ev
FN:26,26,_ZN24TreeTest_Traversals_TestD0Ev
FN:26,26,_ZN24TreeTest_Traversals_TestD2Ev
FN:4,4,_ZN29TreeTest_InsertAndSearch_Test8TestBodyEv
FN:4,4,_ZN29TreeTest_InsertAndSearch_TestC2Ev
FN:4,4,_ZN29TreeTest_InsertAndSearch_TestD0Ev
FN:4,4,_ZN29TreeTest_InsertAndSearch_TestD2Ev
FN:53,53,_ZN23TreeTest_ClearTree_Test8TestBodyEv
FN:53,53,_ZN23TreeTest_ClearTree_TestC2Ev
FN:53,53,_ZN23TreeTest_ClearTree_TestD0Ev
FN:53,53,_ZN23TreeTest_ClearTree_TestD2Ev
FN:62,62,_ZN35TreeSerialization_BinaryFormat_Test8TestBodyEv
FN:62,62,_ZN35TreeSerialization_BinaryFormat_TestC2Ev
FN:62,62,_ZN35TreeSerialization_BinaryFormat_TestD0Ev
FN:62,62,_ZN35TreeSerialization_BinaryFormat_TestD2Ev
FN:80,80,_ZN33TreeSerialization_TextFormat_Test8TestBodyEv
FN:80,80,_ZN33TreeSerialization_TextFormat_TestC2Ev
FN:80,80,_ZN33TreeSerialization_TextFormat_TestD0Ev
FN:80,80,_ZN33TreeSerialization_TextFormat_TestD2Ev
FNDA:1,_ZN24TreeTest_IsFullTree_Test8TestBodyEv
FNDA:1,_ZN24TreeTest_IsFullTree_TestC2Ev
FNDA:1,_ZN24TreeTest_IsFullTree_TestD0Ev
FNDA:1,_ZN24TreeTest_IsFullTree_TestD2Ev
FNDA:1,_ZN24TreeTest_Traversals_Test8TestBodyEv
FNDA:1,_ZN24TreeTest_Traversals_TestC2Ev
FNDA:1,_ZN24TreeTest_Traversals_TestD0Ev
FNDA:1,_ZN24TreeTest_Traversals_TestD2Ev
FNDA:1,_ZN29TreeTest_InsertAndSearch_Test8TestBodyEv
FNDA:1,_ZN29TreeTest_InsertAndSearch_TestC2Ev
FNDA:1,_ZN29TreeTest_InsertAndSearch_TestD0Ev
FNDA:1,_ZN29TreeTest_InsertAndSearch_TestD2Ev
FNDA:1,_ZN23TreeTest_ClearTree_Test8TestBodyEv
FNDA:1,_ZN23TreeTest_ClearTree_TestC2Ev
FNDA:1,_ZN23TreeTest_ClearTree_TestD0Ev
FNDA:1,_ZN23TreeTest_ClearTree_TestD2Ev
FNDA:1,_ZN35TreeSerialization_BinaryFormat_Test8TestBodyEv
FNDA:1,_ZN35TreeSerialization_BinaryFormat_TestC2Ev
FNDA:1,_ZN35TreeSerialization_BinaryFormat_TestD0Ev
FNDA:1,_ZN35TreeSerialization_BinaryFormat_TestD2Ev
FNDA:1,_ZN33TreeSerialization_TextFormat_Test8TestBodyEv
FNDA:1,_ZN33TreeSerialization_TextFormat_TestC2Ev
FNDA:1,_ZN33TreeSerialization_TextFormat_TestD0Ev
FNDA:1,_ZN33TreeSerialization_TextFormat_TestD2Ev
FNF:24
FNH:24
DA:4,4
DA:5,1
DA:6,1
DA:7,1
DA:8,1
DA:9,1
DA:11,1
DA:12,1
DA:13,1
DA:15,4
DA:16,1
DA:17,1
DA:18,1
DA:19,1
DA:20,1
DA:22,1
DA:23,1
DA:24,1
DA:26,4
DA:27,1
DA:28,1
DA:29,1
DA:30,1
DA:32,1
DA:33,1
DA:34,1
DA:35,1
DA:37,1
DA:38,1
DA:39,2
DA:40,1
DA:42,1
DA:43,1
DA:44,2
DA:45,1
DA:47,1
DA:48,1
DA:49,2
DA:50,1
DA:51,1
DA:53,4
DA:54,1
DA:55,1
DA:56,1
DA:57,1
DA:58,1
DA:59,1
DA:60,1
DA:62,4
DA:63,1
DA:64,1
DA:65,1
DA:66,1
DA:68,1
DA:69,1
DA:71,1
DA:72,1
DA:74,1
DA:75,1
DA:76,1
DA:77,1
DA:78,1
DA:80,4
DA:81,1
DA:82,1
DA:83,1
DA:85,1
DA:86,1
DA:88,1
DA:89,1
DA:91,1
DA:92,1
DA:93,1
DA:94,1
LF:74
LH:74
end_of_record
TN:
SF:/home/angelina/Рабочий стол/proga/lab3/n2.2/tree.h
FN:130,136,_ZN4Tree22printPreOrderRecursiveEPNS_8TreeNodeE
FN:138,144,_ZN4Tree23printPostOrderRecursiveEPNS_8TreeNodeE
FN:146,157,_ZN4Tree16printLevelSimpleEPNS_8TreeNodeEiRb
FN:159,174,_ZN4Tree24printLevelOrderRecursiveEPNS_8TreeNodeE
FN:176,183,_ZN4Tree18clearTreeRecursiveERPNS_8TreeNodeE
FN:193,193,_ZNK4Tree7getRootEv
FN:195,195,_ZN4Tree9clearTreeEv
FN:20,25,_ZNK4Tree19countNodesRecursiveEPNS_8TreeNodeE
FN:201,205,_ZNK4Tree15serializeBinaryERSo
FN:207,218,_ZN4Tree17deserializeBinaryERSi
FN:220,224,_ZNK4Tree13serializeTextERSo
FN:226,237,_ZN4Tree15deserializeTextERSi
FN:27,39,_ZNK4Tree17serializePreOrderEPNS_8TreeNodeERSob
FN:42,42,_ZN4TreeC2Ev
FN:44,44,_ZN4TreeD2Ev
FN:46,52,_ZN4Tree10createNodeEi
FN:54,67,_ZN4Tree15insertRecursiveERPNS_8TreeNodeEi
FN:69,69,_ZN4Tree6insertEi
FN:71,83,_ZN4Tree15searchRecursiveEPNS_8TreeNodeEi
FN:85,96,_ZN4Tree15isFullRecursiveEPNS_8TreeNodeE
FN:98,104,_ZN4Tree21printInOrderRecursiveEPNS_8TreeNodeE
FNDA:7,_ZN4Tree22printPreOrderRecursiveEPNS_8TreeNodeE
FNDA:7,_ZN4Tree23printPostOrderRecursiveEPNS_8TreeNodeE
FNDA:11,_ZN4Tree16printLevelSimpleEPNS_8TreeNodeEiRb
FNDA:1,_ZN4Tree24printLevelOrderRecursiveEPNS_8TreeNodeE
FNDA:57,_ZN4Tree18clearTreeRecursiveERPNS_8TreeNodeE
FNDA:16,_ZNK4Tree7getRootEv
FNDA:3,_ZN4Tree9clearTreeEv
FNDA:12,_ZNK4Tree19countNodesRecursiveEPNS_8TreeNodeE
FNDA:1,_ZNK4Tree15serializeBinaryERSo
FNDA:1,_ZN4Tree17deserializeBinaryERSi
FNDA:1,_ZNK4Tree13serializeTextERSo
FNDA:1,_ZN4Tree15deserializeTextERSi
FNDA:12,_ZNK4Tree17serializePreOrderEPNS_8TreeNodeERSob
FNDA:8,_ZN4TreeC2Ev
FNDA:8,_ZN4TreeD2Ev
FNDA:23,_ZN4Tree10createNodeEi
FNDA:41,_ZN4Tree15insertRecursiveERPNS_8TreeNodeEi
FNDA:24,_ZN4Tree6insertEi
FNDA:18,_ZN4Tree15searchRecursiveEPNS_8TreeNodeEi
FNDA:5,_ZN4Tree15isFullRecursiveEPNS_8TreeNodeE
FNDA:7,_ZN4Tree21printInOrderRecursiveEPNS_8TreeNodeE
FNF:21
FNH:21
DA:20,12
DA:21,12
DA:22,7
DA:23,5
DA:24,5
DA:27,12
DA:28,12
DA:29,7
DA:31,5
DA:32,3
DA:34,2
DA:37,5
DA:38,5
DA:42,8
DA:44,8
DA:46,23
DA:47,23
DA:48,23
DA:49,23
DA:50,23
DA:51,23
DA:54,41
DA:55,41
DA:56,23
DA:57,23
DA:60,18
DA:61,7
DA:62,11
DA:63,10
DA:65,1
DA:69,24
DA:71,18
DA:72,18
DA:73,3
DA:75,15
DA:76,6
DA:78,9
DA:79,3
DA:81,6
DA:85,5
DA:86,5
DA:87,0
DA:89,5
DA:90,2
DA:92,3
DA:93,2
DA:95,1
DA:98,7
DA:99,7
DA:100,3
DA:101,3
DA:102,3
DA:104,7
DA:130,7
DA:131,7
DA:132,3
DA:133,3
DA:134,3
DA:136,7
DA:138,7
DA:139,7
DA:140,3
DA:141,3
DA:142,3
DA:144,7
DA:146,11
DA:147,11
DA:148,4
DA:150,7
DA:151,3
DA:152,3
DA:154,4
DA:155,4
DA:159,1
DA:160,1
DA:161,0
DA:162,0
DA:165,1
DA:168,3
DA:169,3
DA:170,3
DA:171,3
DA:173,1
DA:176,57
DA:177,57
DA:178,34
DA:179,23
DA:180,23
DA:181,23
DA:182,23
DA:193,16
DA:195,3
DA:201,1
DA:202,1
DA:203,1
DA:204,1
DA:205,1
DA:207,1
DA:208,1
DA:209,1
DA:210,1
DA:211,0
DA:213,4
DA:215,3
DA:216,3
DA:220,1
DA:221,1
DA:222,1
DA:223,1
DA:224,1
DA:226,1
DA:227,1
DA:228,1
DA:229,1
DA:230,0
DA:232,3
DA:234,2
DA:235,2
LF:118
LH:113
end_of_record
TN:
SF:/usr/include/c++/13/bits/alloc_traits.h
FNF:0
FNH:0
DA:482,19
DA:517,28
DA:538,29
DA:542,29
DA:562,13
DA:574,33
DA:948,22
DA:949,22
LF:8
LH:8
end_of_record
TN:
SF:/usr/include/c++/13/bits/allocator.h
FNF:0
FNH:0
DA:163,191
DA:168,10
DA:184,191
LF:3
LH:3
end_of_record
TN:
SF:/usr/include/c++/13/bits/basic_string.h
FN:3710,3716,_ZSteqIcSt11char_traitsIcESaIcEEbRKNSt7__cxx1112basic_stringIT_T0_T1_EESA_
FN:3727,3732,_ZSteqIcSt11char_traitsIcESaIcEEbRKNSt7__cxx1112basic_stringIT_T0_T1_EEPKS5_
FN:641,650,_ZNSt7__cxx1112basic_stringIcSt11char_traitsIcESaIcEEC2IS3_EEPKcRKS3_
FN:664,666,_ZNSt7__cxx1112basic_stringIcSt11char_traitsIcESaIcEEC2IS3_EEmcRKS3_
FNDA:59,_ZSteqIcSt11char_traitsIcESaIcEEbRKNSt7__cxx1112basic_stringIT_T0_T1_EESA_
FNDA:77,_ZSteqIcSt11char_traitsIcESaIcEEbRKNSt7__cxx1112basic_stringIT_T0_T1_EEPKS5_
FNDA:219,_ZNSt7__cxx1112basic_stringIcSt11char_traitsIcESaIcEEC2IS3_EEPKcRKS3_
FNDA:12,_ZNSt7__cxx1112basic_stringIcSt11char_traitsIcESaIcEEC2IS3_EEmcRKS3_
FNF:4
FNH:4
DA:355,169
DA:641,219
DA:642,219
DA:645,219
DA:646,0
DA:648,219
DA:649,219
DA:650,219
DA:664,12
DA:665,12
DA:666,12
DA:3710,59
DA:3714,59
DA:3715,59
DA:3727,77
DA:3730,77
DA:3731,77
LF:17
LH:16
end_of_record
TN:
SF:/usr/include/c++/13/bits/basic_string.tcc
FN:221,252,_ZNSt7__cxx1112basic_stringIcSt11char_traitsIcESaIcEE12_M_constructIPKcEEvT_S8_St20forward_iterator_tag
FN:221,252,_ZNSt7__cxx1112basic_stringIcSt11char_traitsIcESaIcEE12_M_constructIPcEEvT_S7_St20forward_iterator_tag
FN:239,239,_ZZNSt7__cxx1112basic_stringIcSt11char_traitsIcESaIcEE12_M_constructIPKcEEvT_S8_St20forward_iterator_tagEN6_GuardC2EPS4_
FN:239,239,_ZZNSt7__cxx1112basic_stringIcSt11char_traitsIcESaIcEE12_M_constructIPcEEvT_S7_St20forward_iterator_tagEN6_GuardC2EPS4_
FN:242,242,_ZZNSt7__cxx1112basic_stringIcSt11char_traitsIcESaIcEE12_M_constructIPKcEEvT_S8_St20forward_iterator_tagEN6_GuardD2Ev
FN:242,242,_ZZNSt7__cxx1112basic_stringIcSt11char_traitsIcESaIcEE12_M_constructIPcEEvT_S7_St20forward_iterator_tagEN6_GuardD2Ev
FNDA:219,_ZNSt7__cxx1112basic_stringIcSt11char_traitsIcESaIcEE12_M_constructIPKcEEvT_S8_St20forward_iterator_tag
FNDA:0,_ZNSt7__cxx1112basic_stringIcSt11char_traitsIcESaIcEE12_M_constructIPcEEvT_S7_St20forward_iterator_tag
FNDA:219,_ZZNSt7__cxx1112basic_stringIcSt11char_traitsIcESaIcEE12_M_constructIPKcEEvT_S8_St20forward_iterator_tagEN6_GuardC2EPS4_
FNDA:0,_ZZNSt7__cxx1112basic_stringIcSt11char_traitsIcESaIcEE12_M_constructIPcEEvT_S7_St20forward_iterator_tagEN6_GuardC2EPS4_
FNDA:219,_ZZNSt7__cxx1112basic_stringIcSt11char_traitsIcESaIcEE12_M_constructIPKcEEvT_S8_St20forward_iterator_tagEN6_GuardD2Ev
FNDA:0,_ZZNSt7__cxx1112basic_stringIcSt11char_traitsIcESaIcEE12_M_constructIPcEEvT_S7_St20forward_iterator_tagEN6_GuardD2Ev
FNF:6
FNH:3
DA:221,219
DA:225,219
DA:227,219
DA:229,50
DA:230,50
DA:239,219
DA:242,219
DA:245,219
DA:247,219
DA:249,219
DA:251,219
DA:252,219
LF:12
LH:12
end_of_record
TN:
SF:/usr/include/c++/13/bits/char_traits.h
FN:136,137,_ZN9__gnu_cxx11char_traitsIcE2eqERKcS3_
FN:199,206,_ZN9__gnu_cxx11char_traitsIcE6lengthEPKc
FN:366,371,_ZNSt11char_traitsIcE2ltERKcS2_
FN:374,390,_ZNSt11char_traitsIcE7compareEPKcS2_m
FN:393,400,_ZNSt11char_traitsIcE6lengthEPKc
FN:427,436,_ZNSt11char_traitsIcE4copyEPcPKcm
FNDA:0,_ZN9__gnu_cxx11char_traitsIcE2eqERKcS3_
FNDA:0,_ZN9__gnu_cxx11char_traitsIcE6lengthEPKc
FNDA:0,_ZNSt11char_traitsIcE2ltERKcS2_
FNDA:124,_ZNSt11char_traitsIcE7compareEPKcS2_m
FNDA:296,_ZNSt11char_traitsIcE6lengthEPKc
FNDA:0,_ZNSt11char_traitsIcE4copyEPcPKcm
FNF:6
FNH:2
DA:136,0
DA:137,0
DA:199,0
DA:202,0
DA:203,0
DA:204,0
DA:205,0
DA:366,0
DA:369,0
DA:370,0
DA:374,124
DA:376,124
DA:377,22
DA:379,102
DA:381,0
DA:382,0
DA:383,0
DA:384,0
DA:385,0
DA:386,0
DA:389,102
DA:393,296
DA:396,296
DA:397,0
DA:399,296
DA:427,0
DA:429,0
DA:430,0
DA:435,0
LF:29
LH:8
end_of_record
TN:
SF:/usr/include/c++/13/bits/ios_base.h
FN:130,131,_ZStorSt13_Ios_OpenmodeS_
FNDA:2,_ZStorSt13_Ios_OpenmodeS_
FNF:1
FNH:1
DA:130,2
DA:131,2
LF:2
LH:2
end_of_record
TN:
SF:/usr/include/c++/13/bits/move.h
FN:51,52,_ZSt11__addressofINSt7__cxx1112basic_stringIcSt11char_traitsIcESaIcEEEEPT_RS6_
FN:70,71,_ZSt7forwardINSt7__cxx1112basic_stringIcSt11char_traitsIcESaIcEEEEOT_RNSt16remove_referenceIS6_E4typeE
FN:70,71,_ZSt7forwardIRKNSt7__cxx1112basic_stringIcSt11char_traitsIcESaIcEEEEOT_RNSt16remove_referenceIS8_E4typeE
FN:70,71,_ZSt7forwardIRKPKcEOT_RNSt16remove_referenceIS4_E4typeE
FN:70,71,_ZSt7forwardISt14default_deleteINSt7__cxx1112basic_stringIcSt11char_traitsIcESaIcEEEEEOT_RNSt16remove_referenceIS8_E4typeE
FN:97,98,_ZSt4moveIRNSt7__cxx1112basic_stringIcSt11char_traitsIcESaIcEEEEONSt16remove_referenceIT_E4typeEOS8_
FN:97,98,_ZSt4moveIRPNSt7__cxx1112basic_stringIcSt11char_traitsIcESaIcEEEEONSt16remove_referenceIT_E4typeEOS9_
FN:97,98,_ZSt4moveIRPNSt7__cxx1118basic_stringstreamIcSt11char_traitsIcESaIcEEEEONSt16remove_referenceIT_E4typeEOS9_
FN:97,98,_ZSt4moveIRSaIcEEONSt16remove_referenceIT_E4typeEOS3_
FNDA:100,_ZSt11__addressofINSt7__cxx1112basic_stringIcSt11char_traitsIcESaIcEEEEPT_RS6_
FNDA:26,_ZSt7forwardINSt7__cxx1112basic_stringIcSt11char_traitsIcESaIcEEEEOT_RNSt16remove_referenceIS6_E4typeE
FNDA:46,_ZSt7forwardIRKNSt7__cxx1112basic_stringIcSt11char_traitsIcESaIcEEEEOT_RNSt16remove_referenceIS8_E4typeE
FNDA:16,_ZSt7forwardIRKPKcEOT_RNSt16remove_referenceIS4_E4typeE
FNDA:0,_ZSt7forwardISt14default_deleteINSt7__cxx1112basic_stringIcSt11char_traitsIcESaIcEEEEEOT_RNSt16remove_referenceIS8_E4typeE
FNDA:13,_ZSt4moveIRNSt7__cxx1112basic_stringIcSt11char_traitsIcESaIcEEEEONSt16remove_referenceIT_E4typeEOS8_
FNDA:0,_ZSt4moveIRPNSt7__cxx1112basic_stringIcSt11char_traitsIcESaIcEEEEONSt16remove_referenceIT_E4typeEOS9_
FNDA:0,_ZSt4moveIRPNSt7__cxx1118basic_stringstreamIcSt11char_traitsIcESaIcEEEEONSt16remove_referenceIT_E4typeEOS9_
FNDA:0,_ZSt4moveIRSaIcEEONSt16remove_referenceIT_E4typeEOS3_
FNF:9
FNH:5
DA:51,100
DA:52,100
DA:70,88
DA:71,88
DA:97,13
DA:98,13
LF:6
LH:6
end_of_record
TN:
SF:/usr/include/c++/13/bits/new_allocator.h
FN:104,104,_ZNSt15__new_allocatorINSt7__cxx1112basic_stringIcSt11char_traitsIcESaIcEEEED2Ev
FN:104,104,_ZNSt15__new_allocatorIcED2Ev
FN:126,152,_ZNSt15__new_allocatorINSt7__cxx1112basic_stringIcSt11char_traitsIcESaIcEEEE8allocateEmPKv
FN:156,173,_ZNSt15__new_allocatorINSt7__cxx1112basic_stringIcSt11char_traitsIcESaIcEEEE10deallocateEPS5_m
FNDA:32,_ZNSt15__new_allocatorINSt7__cxx1112basic_stringIcSt11char_traitsIcESaIcEEEED2Ev
FNDA:231,_ZNSt15__new_allocatorIcED2Ev
FNDA:19,_ZNSt15__new_allocatorINSt7__cxx1112basic_stringIcSt11char_traitsIcESaIcEEEE8allocateEmPKv
FNDA:28,_ZNSt15__new_allocatorINSt7__cxx1112basic_stringIcSt11char_traitsIcESaIcEEEE10deallocateEPS5_m
FNF:4
FNH:4
DA:88,191
DA:92,10
DA:104,263
DA:126,19
DA:134,19
DA:138,0
DA:139,0
DA:140,0
DA:151,19
DA:156,28
DA:172,28
DA:183,33
DA:191,29
DA:198,13
DA:233,52
LF:15
LH:12
end_of_record
TN:
SF:/usr/include/c++/13/bits/stl_algobase.h
FN:1167,1173,_ZNSt7__equalILb0EE5equalIPKNSt7__cxx1112basic_stringIcSt11char_traitsIcESaIcEEES9_EEbT_SA_T0_
FN:1213,1220,_ZSt12__equal_aux1IPKNSt7__cxx1112basic_stringIcSt11char_traitsIcESaIcEEES7_EbT_S8_T0_
FN:1225,1230,_ZSt11__equal_auxIN9__gnu_cxx17__normal_iteratorIPKNSt7__cxx1112basic_stringIcSt11char_traitsIcESaIcEEESt6vectorIS7_SaIS7_EEEESD_EbT_SE_T0_
FN:1547,1558,_ZSt5equalIN9__gnu_cxx17__normal_iteratorIPKNSt7__cxx1112basic_stringIcSt11char_traitsIcESaIcEEESt6vectorIS7_SaIS7_EEEESD_EbT_SE_T0_
FN:233,241,_ZSt3minImERKT_S2_S2_
FN:257,265,_ZSt3maxImERKT_S2_S2_
FN:316,318,_ZSt12__niter_baseIPNSt7__cxx1112basic_stringIcSt11char_traitsIcESaIcEEEET_S7_
FNDA:5,_ZNSt7__equalILb0EE5equalIPKNSt7__cxx1112basic_stringIcSt11char_traitsIcESaIcEEES9_EEbT_SA_T0_
FNDA:5,_ZSt12__equal_aux1IPKNSt7__cxx1112basic_stringIcSt11char_traitsIcESaIcEEES7_EbT_S8_T0_
FNDA:5,_ZSt11__equal_auxIN9__gnu_cxx17__normal_iteratorIPKNSt7__cxx1112basic_stringIcSt11char_traitsIcESaIcEEESt6vectorIS7_SaIS7_EEEESD_EbT_SE_T0_
FNDA:5,_ZSt5equalIN9__gnu_cxx17__normal_iteratorIPKNSt7__cxx1112basic_stringIcSt11char_traitsIcESaIcEEESt6vectorIS7_SaIS7_EEEESD_EbT_SE_T0_
FNDA:33,_ZSt3minImERKT_S2_S2_
FNDA:14,_ZSt3maxImERKT_S2_S2_
FNDA:84,_ZSt12__niter_baseIPNSt7__cxx1112basic_stringIcSt11char_traitsIcESaIcEEEET_S7_
FNF:7
FNH:7
DA:233,33
DA:238,33
DA:239,0
DA:240,33
DA:257,14
DA:262,14
DA:263,5
DA:264,9
DA:316,84
DA:318,84
DA:1167,5
DA:1169,21
DA:1170,16
DA:1171,0
DA:1172,5
DA:1213,5
DA:1216,5
DA:1219,5
DA:1225,5
DA:1227,5
DA:1229,5
DA:1547,5
DA:1557,5
LF:23
LH:21
end_of_record
TN:
SF:/usr/include/c++/13/bits/stl_construct.h
FN:109,120,_ZSt10_ConstructINSt7__cxx1112basic_stringIcSt11char_traitsIcESaIcEEEJRKPKcEEvPT_DpOT0_
FN:146,153,_ZSt8_DestroyINSt7__cxx1112basic_stringIcSt11char_traitsIcESaIcEEEEvPT_
FN:160,164,_ZNSt12_Destroy_auxILb0EE9__destroyIPNSt7__cxx1112basic_stringIcSt11char_traitsIcESaIcEEEEEvT_S9_
FN:182,197,_ZSt8_DestroyIPNSt7__cxx1112basic_stringIcSt11char_traitsIcESaIcEEEEvT_S7_
FNDA:16,_ZSt10_ConstructINSt7__cxx1112basic_stringIcSt11char_traitsIcESaIcEEEJRKPKcEEvPT_DpOT0_
FNDA:45,_ZSt8_DestroyINSt7__cxx1112basic_stringIcSt11char_traitsIcESaIcEEEEvPT_
FNDA:22,_ZNSt12_Destroy_auxILb0EE9__destroyIPNSt7__cxx1112basic_stringIcSt11char_traitsIcESaIcEEEEEvT_S9_
FNDA:22,_ZSt8_DestroyIPNSt7__cxx1112basic_stringIcSt11char_traitsIcESaIcEEEEvT_S7_
FNF:4
FNH:4
DA:109,16
DA:119,32
DA:120,16
DA:146,45
DA:151,45
DA:153,45
DA:160,22
DA:162,67
DA:163,45
DA:164,22
DA:182,22
DA:196,22
DA:197,22
LF:13
LH:13
end_of_record
TN:
SF:/usr/include/c++/13/bits/stl_iterator.h
FN:1076,1077,_ZN9__gnu_cxx17__normal_iteratorIPKNSt7__cxx1112basic_stringIcSt11char_traitsIcESaIcEEESt6vectorIS6_SaIS6_EEEC2ERKS8_
FN:1076,1077,_ZN9__gnu_cxx17__normal_iteratorIPNSt7__cxx1112basic_stringIcSt11char_traitsIcESaIcEEESt6vectorIS6_SaIS6_EEEC2ERKS7_
FN:1099,1100,_ZNK9__gnu_cxx17__normal_iteratorIPKNSt7__cxx1112basic_stringIcSt11char_traitsIcESaIcEEESt6vectorIS6_SaIS6_EEEdeEv
FN:1109,1113,_ZN9__gnu_cxx17__normal_iteratorIPKNSt7__cxx1112basic_stringIcSt11char_traitsIcESaIcEEESt6vectorIS6_SaIS6_EEEppEv
FN:1162,1163,_ZNK9__gnu_cxx17__normal_iteratorIPKNSt7__cxx1112basic_stringIcSt11char_traitsIcESaIcEEESt6vectorIS6_SaIS6_EEE4baseEv
FN:1162,1163,_ZNK9__gnu_cxx17__normal_iteratorIPNSt7__cxx1112basic_stringIcSt11char_traitsIcESaIcEEESt6vectorIS6_SaIS6_EEE4baseEv
FN:1241,1244,_ZN9__gnu_cxxneIPKNSt7__cxx1112basic_stringIcSt11char_traitsIcESaIcEEESt6vectorIS6_SaIS6_EEEEbRKNS_17__normal_iteratorIT_T0_EESH_
FN:1334,1337,_ZN9__gnu_cxxmiIPNSt7__cxx1112basic_stringIcSt11char_traitsIcESaIcEEESt6vectorIS6_SaIS6_EEEENS_17__normal_iteratorIT_T0_E15difference_typeERKSE_SH_
FN:1357,1359,_ZSt12__niter_baseIPKNSt7__cxx1112basic_stringIcSt11char_traitsIcESaIcEEESt6vectorIS5_SaIS5_EEET_N9__gnu_cxx17__normal_iteratorISB_T0_EE
FNDA:15,_ZN9__gnu_cxx17__normal_iteratorIPKNSt7__cxx1112basic_stringIcSt11char_traitsIcESaIcEEESt6vectorIS6_SaIS6_EEEC2ERKS8_
FNDA:28,_ZN9__gnu_cxx17__normal_iteratorIPNSt7__cxx1112basic_stringIcSt11char_traitsIcESaIcEEESt6vectorIS6_SaIS6_EEEC2ERKS7_
FNDA:0,_ZNK9__gnu_cxx17__normal_iteratorIPKNSt7__cxx1112basic_stringIcSt11char_traitsIcESaIcEEESt6vectorIS6_SaIS6_EEEdeEv
FNDA:0,_ZN9__gnu_cxx17__normal_iteratorIPKNSt7__cxx1112basic_stringIcSt11char_traitsIcESaIcEEESt6vectorIS6_SaIS6_EEEppEv
FNDA:15,_ZNK9__gnu_cxx17__normal_iteratorIPKNSt7__cxx1112basic_stringIcSt11char_traitsIcESaIcEEESt6vectorIS6_SaIS6_EEE4baseEv
FNDA:56,_ZNK9__gnu_cxx17__normal_iteratorIPNSt7__cxx1112basic_stringIcSt11char_traitsIcESaIcEEESt6vectorIS6_SaIS6_EEE4baseEv
FNDA:0,_ZN9__gnu_cxxneIPKNSt7__cxx1112basic_stringIcSt11char_traitsIcESaIcEEESt6vectorIS6_SaIS6_EEEEbRKNS_17__normal_iteratorIT_T0_EESH_
FNDA:14,_ZN9__gnu_cxxmiIPNSt7__cxx1112basic_stringIcSt11char_traitsIcESaIcEEESt6vectorIS6_SaIS6_EEEENS_17__normal_iteratorIT_T0_E15difference_typeERKSE_SH_
FNDA:15,_ZSt12__niter_baseIPKNSt7__cxx1112basic_stringIcSt11char_traitsIcESaIcEEESt6vectorIS5_SaIS5_EEET_N9__gnu_cxx17__normal_iteratorISB_T0_EE
FNF:9
FNH:6
DA:1076,43
DA:1077,43
DA:1099,0
DA:1100,0
DA:1109,0
DA:1111,0
DA:1112,0
DA:1162,71
DA:1163,71
DA:1241,0
DA:1244,0
DA:1334,14
DA:1337,14
DA:1357,15
DA:1359,15
LF:15
LH:8
end_of_record
TN:
SF:/usr/include/c++/13/bits/stl_iterator_base_funcs.h
FNF:0
FNH:0
DA:106,224
DA:151,448
DA:152,448
LF:3
LH:3
end_of_record
TN:
SF:/usr/include/c++/13/bits/stl_iterator_base_types.h
FNF:0
FNH:0
DA:240,229
LF:1
LH:1
end_of_record
TN:
SF:/usr/include/c++/13/bits/stl_uninitialized.h
FN:1069,1079,_ZSt19__relocate_object_aINSt7__cxx1112basic_stringIcSt11char_traitsIcESaIcEEES5_SaIS5_EEvPT_PT0_RT1_
FN:1091,1108,_ZSt14__relocate_a_1IPNSt7__cxx1112basic_stringIcSt11char_traitsIcESaIcEEES6_SaIS5_EET0_T_S9_S8_RT1_
FN:113,128,_ZSt16__do_uninit_copyIPKPKcPNSt7__cxx1112basic_stringIcSt11char_traitsIcESaIcEEEET0_T_SC_SB_
FN:1141,1150,_ZSt12__relocate_aIPNSt7__cxx1112basic_stringIcSt11char_traitsIcESaIcEEES6_SaIS5_EET0_T_S9_S8_RT1_
FN:135,137,_ZNSt20__uninitialized_copyILb0EE13__uninit_copyIPKPKcPNSt7__cxx1112basic_stringIcSt11char_traitsIcESaIcEEEEET0_T_SE_SD_
FN:163,186,_ZSt18uninitialized_copyIPKPKcPNSt7__cxx1112basic_stringIcSt11char_traitsIcESaIcEEEET0_T_SC_SB_
FN:366,374,_ZSt22__uninitialized_copy_aIPKPKcPNSt7__cxx1112basic_stringIcSt11char_traitsIcESaIcEEES9_ET0_T_SC_SB_RSaIT1_E
FNDA:13,_ZSt19__relocate_object_aINSt7__cxx1112basic_stringIcSt11char_traitsIcESaIcEEES5_SaIS5_EEvPT_PT0_RT1_
FNDA:28,_ZSt14__relocate_a_1IPNSt7__cxx1112basic_stringIcSt11char_traitsIcESaIcEEES6_SaIS5_EET0_T_S9_S8_RT1_
FNDA:5,_ZSt16__do_uninit_copyIPKPKcPNSt7__cxx1112basic_stringIcSt11char_traitsIcESaIcEEEET0_T_SC_SB_
FNDA:28,_ZSt12__relocate_aIPNSt7__cxx1112basic_stringIcSt11char_traitsIcESaIcEEES6_SaIS5_EET0_T_S9_S8_RT1_
FNDA:5,_ZNSt20__uninitialized_copyILb0EE13__uninit_copyIPKPKcPNSt7__cxx1112basic_stringIcSt11char_traitsIcESaIcEEEEET0_T_SE_SD_
FNDA:5,_ZSt18uninitialized_copyIPKPKcPNSt7__cxx1112basic_stringIcSt11char_traitsIcESaIcEEEET0_T_SC_SB_
FNDA:5,_ZSt22__uninitialized_copy_aIPKPKcPNSt7__cxx1112basic_stringIcSt11char_traitsIcESaIcEEES9_ET0_T_SC_SB_RSaIT1_E
FNF:7
FNH:7
DA:113,5
DA:116,5
DA:119,21
DA:120,16
DA:121,5
DA:123,0
DA:125,0
DA:126,0
DA:135,5
DA:137,5
DA:163,5
DA:174,5
DA:181,5
DA:185,5
DA:366,5
DA:373,5
DA:1069,13
DA:1077,13
DA:1078,13
DA:1079,13
DA:1091,28
DA:1103,28
DA:1104,41
DA:1105,13
DA:1107,28
DA:1141,28
DA:1147,28
DA:1149,28
LF:28
LH:25
end_of_record
TN:
SF:/usr/include/c++/13/bits/stl_vector.h
FN:1281,1293,_ZNSt6vectorINSt7__cxx1112basic_stringIcSt11char_traitsIcESaIcEEESaIS5_EE9push_backERKS5_
FN:137,143,_ZNSt12_Vector_baseINSt7__cxx1112basic_stringIcSt11char_traitsIcESaIcEEESaIS5_EE12_Vector_implC2Ev
FN:146,148,_ZNSt12_Vector_baseINSt7__cxx1112basic_stringIcSt11char_traitsIcESaIcEEESaIS5_EE12_Vector_implC2ERKS6_
FN:1687,1698,_ZNSt6vectorINSt7__cxx1112basic_stringIcSt11char_traitsIcESaIcEEESaIS5_EE19_M_range_initializeIPKPKcEEvT_SD_St20forward_iterator_tag
FN:1896,1903,_ZNKSt6vectorINSt7__cxx1112basic_stringIcSt11char_traitsIcESaIcEEESaIS5_EE12_M_check_lenEmPKc
FN:1907,1913,_ZNSt6vectorINSt7__cxx1112basic_stringIcSt11char_traitsIcESaIcEEESaIS5_EE17_S_check_init_lenEmRKS6_
FN:1916,1925,_ZNSt6vectorINSt7__cxx1112basic_stringIcSt11char_traitsIcESaIcEEESaIS5_EE11_S_max_sizeERKS6_
FN:2040,2042,_ZSteqINSt7__cxx1112basic_stringIcSt11char_traitsIcESaIcEEESaIS5_EEbRKSt6vectorIT_T0_ESC_
FN:301,302,_ZNSt12_Vector_baseINSt7__cxx1112basic_stringIcSt11char_traitsIcESaIcEEESaIS5_EE19_M_get_Tp_allocatorEv
FN:306,307,_ZNKSt12_Vector_baseINSt7__cxx1112basic_stringIcSt11char_traitsIcESaIcEEESaIS5_EE19_M_get_Tp_allocatorEv
FN:315,315,_ZNSt12_Vector_baseINSt7__cxx1112basic_stringIcSt11char_traitsIcESaIcEEESaIS5_EEC2Ev
FN:321,322,_ZNSt12_Vector_baseINSt7__cxx1112basic_stringIcSt11char_traitsIcESaIcEEESaIS5_EEC2ERKS6_
FN:367,371,_ZNSt12_Vector_baseINSt7__cxx1112basic_stringIcSt11char_traitsIcESaIcEEESaIS5_EED2Ev
FN:378,382,_ZNSt12_Vector_baseINSt7__cxx1112basic_stringIcSt11char_traitsIcESaIcEEESaIS5_EE11_M_allocateEm
FN:386,391,_ZNSt12_Vector_baseINSt7__cxx1112basic_stringIcSt11char_traitsIcESaIcEEESaIS5_EE13_M_deallocateEPS5_m
FN:504,514,_ZNSt6vectorINSt7__cxx1112basic_stringIcSt11char_traitsIcESaIcEEESaIS5_EE11_S_relocateEPS5_S8_S8_RS6_
FN:531,531,_ZNSt6vectorINSt7__cxx1112basic_stringIcSt11char_traitsIcESaIcEEESaIS5_EEC2Ev
FN:707,713,_ZNSt6vectorINSt7__cxx1112basic_stringIcSt11char_traitsIcESaIcEEESaIS5_EEC2IPKPKcvEET_SD_RKS6_
FN:733,738,_ZNSt6vectorINSt7__cxx1112basic_stringIcSt11char_traitsIcESaIcEEESaIS5_EED2Ev
FN:873,874,_ZNSt6vectorINSt7__cxx1112basic_stringIcSt11char_traitsIcESaIcEEESaIS5_EE5beginEv
FN:883,884,_ZNKSt6vectorINSt7__cxx1112basic_stringIcSt11char_traitsIcESaIcEEESaIS5_EE5beginEv
FN:893,894,_ZNSt6vectorINSt7__cxx1112basic_stringIcSt11char_traitsIcESaIcEEESaIS5_EE3endEv
FN:903,904,_ZNKSt6vectorINSt7__cxx1112basic_stringIcSt11char_traitsIcESaIcEEESaIS5_EE3endEv
FN:99,101,_ZNSt12_Vector_baseINSt7__cxx1112basic_stringIcSt11char_traitsIcESaIcEEESaIS5_EE17_Vector_impl_dataC2Ev
FN:992,993,_ZNKSt6vectorINSt7__cxx1112basic_stringIcSt11char_traitsIcESaIcEEESaIS5_EE4sizeEv
FN:998,999,_ZNKSt6vectorINSt7__cxx1112basic_stringIcSt11char_traitsIcESaIcEEESaIS5_EE8max_sizeEv
FNDA:16,_ZNSt6vectorINSt7__cxx1112basic_stringIcSt11char_traitsIcESaIcEEESaIS5_EE9push_backERKS5_
FNDA:5,_ZNSt12_Vector_baseINSt7__cxx1112basic_stringIcSt11char_traitsIcESaIcEEESaIS5_EE12_Vector_implC2Ev
FNDA:5,_ZNSt12_Vector_baseINSt7__cxx1112basic_stringIcSt11char_traitsIcESaIcEEESaIS5_EE12_Vector_implC2ERKS6_
FNDA:5,_ZNSt6vectorINSt7__cxx1112basic_stringIcSt11char_traitsIcESaIcEEESaIS5_EE19_M_range_initializeIPKPKcEEvT_SD_St20forward_iterator_tag
FNDA:14,_ZNKSt6vectorINSt7__cxx1112basic_stringIcSt11char_traitsIcESaIcEEESaIS5_EE12_M_check_lenEmPKc
FNDA:5,_ZNSt6vectorINSt7__cxx1112basic_stringIcSt11char_traitsIcESaIcEEESaIS5_EE17_S_check_init_lenEmRKS6_
FNDA:33,_ZNSt6vectorINSt7__cxx1112basic_stringIcSt11char_traitsIcESaIcEEESaIS5_EE11_S_max_sizeERKS6_
FNDA:5,_ZSteqINSt7__cxx1112basic_stringIcSt11char_traitsIcESaIcEEESaIS5_EEbRKSt6vectorIT_T0_ESC_
FNDA:60,_ZNSt12_Vector_baseINSt7__cxx1112basic_stringIcSt11char_traitsIcESaIcEEESaIS5_EE19_M_get_Tp_allocatorEv
FNDA:28,_ZNKSt12_Vector_baseINSt7__cxx1112basic_stringIcSt11char_traitsIcESaIcEEESaIS5_EE19_M_get_Tp_allocatorEv
FNDA:5,_ZNSt12_Vector_baseINSt7__cxx1112basic_stringIcSt11char_traitsIcESaIcEEESaIS5_EEC2Ev
FNDA:5,_ZNSt12_Vector_baseINSt7__cxx1112basic_stringIcSt11char_traitsIcESaIcEEESaIS5_EEC2ERKS6_
FNDA:22,_ZNSt12_Vector_baseINSt7__cxx1112basic_stringIcSt11char_traitsIcESaIcEEESaIS5_EED2Ev
FNDA:19,_ZNSt12_Vector_baseINSt7__cxx1112basic_stringIcSt11char_traitsIcESaIcEEESaIS5_EE11_M_allocateEm
FNDA:36,_ZNSt12_Vector_baseINSt7__cxx1112basic_stringIcSt11char_traitsIcESaIcEEESaIS5_EE13_M_deallocateEPS5_m
FNDA:28,_ZNSt6vectorINSt7__cxx1112basic_stringIcSt11char_traitsIcESaIcEEESaIS5_EE11_S_relocateEPS5_S8_S8_RS6_
FNDA:5,_ZNSt6vectorINSt7__cxx1112basic_stringIcSt11char_traitsIcESaIcEEESaIS5_EEC2Ev
FNDA:5,_ZNSt6vectorINSt7__cxx1112basic_stringIcSt11char_traitsIcESaIcEEESaIS5_EEC2IPKPKcvEET_SD_RKS6_
FNDA:22,_ZNSt6vectorINSt7__cxx1112basic_stringIcSt11char_traitsIcESaIcEEESaIS5_EED2Ev
FNDA:14,_ZNSt6vectorINSt7__cxx1112basic_stringIcSt11char_traitsIcESaIcEEESaIS5_EE5beginEv
FNDA:10,_ZNKSt6vectorINSt7__cxx1112basic_stringIcSt11char_traitsIcESaIcEEESaIS5_EE5beginEv
FNDA:14,_ZNSt6vectorINSt7__cxx1112basic_stringIcSt11char_traitsIcESaIcEEESaIS5_EE3endEv
FNDA:5,_ZNKSt6vectorINSt7__cxx1112basic_stringIcSt11char_traitsIcESaIcEEESaIS5_EE3endEv
FNDA:10,_ZNSt12_Vector_baseINSt7__cxx1112basic_stringIcSt11char_traitsIcESaIcEEESaIS5_EE17_Vector_impl_dataC2Ev
FNDA:66,_ZNKSt6vectorINSt7__cxx1112basic_stringIcSt11char_traitsIcESaIcEEESaIS5_EE4sizeEv
FNDA:28,_ZNKSt6vectorINSt7__cxx1112basic_stringIcSt11char_traitsIcESaIcEEESaIS5_EE8max_sizeEv
FNF:26
FNH:26
DA:99,10
DA:100,10
DA:101,10
DA:137,5
DA:142,5
DA:143,5
DA:146,5
DA:147,5
DA:148,5
DA:301,60
DA:302,60
DA:306,28
DA:307,28
DA:315,5
DA:321,5
DA:322,5
DA:367,22
DA:369,22
DA:370,22
DA:371,22
DA:378,19
DA:381,38
DA:386,36
DA:389,36
DA:390,28
DA:391,36
DA:504,28
DA:509,28
DA:531,5
DA:707,5
DA:709,5
DA:711,5
DA:712,5
DA:713,5
DA:733,22
DA:735,22
DA:736,22
DA:738,22
DA:873,14
DA:874,14
DA:883,10
DA:884,10
DA:893,14
DA:894,14
DA:903,5
DA:904,5
DA:992,66
DA:993,66
DA:998,28
DA:999,28
DA:1281,16
DA:1283,16
DA:1286,2
DA:1288,2
DA:1292,14
DA:1293,16
DA:1687,5
DA:1690,5
DA:1692,5
DA:1693,5
DA:1694,5
DA:1695,5
DA:1697,5
DA:1698,5
DA:1896,14
DA:1898,14
DA:1899,0
DA:1901,14
DA:1902,14
DA:1907,5
DA:1909,5
DA:1910,0
DA:1912,5
DA:1916,33
DA:1921,33
DA:1923,33
DA:1924,33
DA:2040,5
DA:2041,5
DA:2042,5
LF:80
LH:78
end_of_record
TN:
SF:/usr/include/c++/13/bits/unique_ptr.h
FN:1069,1070,_ZSt11make_uniqueINSt7__cxx1112basic_stringIcSt11char_traitsIcESaIcEEEJEENSt8__detail9_MakeUniqIT_E15__single_objectEDpOT0_
FN:174,174,_ZNSt15__uniq_ptr_implINSt7__cxx1112basic_stringIcSt11char_traitsIcESaIcEEESt14default_deleteIS5_EEC2Ev
FN:176,176,_ZNSt15__uniq_ptr_implINSt7__cxx1112basic_stringIcSt11char_traitsIcESaIcEEESt14default_deleteIS5_EEC2EPS5_
FN:189,194,_ZNSt15__uniq_ptr_implINSt7__cxx1112basic_stringIcSt11char_traitsIcESaIcEEESt14default_deleteIS5_EEaSEOS8_
FN:197,197,_ZNSt15__uniq_ptr_implINSt7__cxx1112basic_stringIcSt11char_traitsIcESaIcEEESt14default_deleteIS5_EE6_M_ptrEv
FN:197,197,_ZNSt15__uniq_ptr_implINSt7__cxx1118basic_stringstreamIcSt11char_traitsIcESaIcEEESt14default_deleteIS5_EE6_M_ptrEv
FN:199,199,_ZNKSt15__uniq_ptr_implINSt7__cxx1112basic_stringIcSt11char_traitsIcESaIcEEESt14default_deleteIS5_EE6_M_ptrEv
FN:199,199,_ZNKSt15__uniq_ptr_implINSt7__cxx1118basic_stringstreamIcSt11char_traitsIcESaIcEEESt14default_deleteIS5_EE6_M_ptrEv
FN:201,201,_ZNSt15__uniq_ptr_implINSt7__cxx1112basic_stringIcSt11char_traitsIcESaIcEEESt14default_deleteIS5_EE10_M_deleterEv
FN:201,201,_ZNSt15__uniq_ptr_implINSt7__cxx1118basic_stringstreamIcSt11char_traitsIcESaIcEEESt14default_deleteIS5_EE10_M_deleterEv
FN:206,212,_ZNSt15__uniq_ptr_implINSt7__cxx1112basic_stringIcSt11char_traitsIcESaIcEEESt14default_deleteIS5_EE5resetEPS5_
FN:215,220,_ZNSt15__uniq_ptr_implINSt7__cxx1112basic_stringIcSt11char_traitsIcESaIcEEESt14default_deleteIS5_EE7releaseEv
FN:243,243,_ZNSt15__uniq_ptr_dataINSt7__cxx1112basic_stringIcSt11char_traitsIcESaIcEEESt14default_deleteIS5_ELb1ELb1EEaSEOS8_
FN:304,306,_ZNSt10unique_ptrINSt7__cxx1112basic_stringIcSt11char_traitsIcESaIcEEESt14default_deleteIS5_EEC2IS7_vEEv
FN:317,319,_ZNSt10unique_ptrINSt7__cxx1112basic_stringIcSt11char_traitsIcESaIcEEESt14default_deleteIS5_EEC2IS7_vEEPS5_
FN:398,406,_ZNSt10unique_ptrINSt7__cxx1112basic_stringIcSt11char_traitsIcESaIcEEESt14default_deleteIS5_EED2Ev
FN:398,406,_ZNSt10unique_ptrINSt7__cxx1118basic_stringstreamIcSt11char_traitsIcESaIcEEESt14default_deleteIS5_EED2Ev
FN:414,414,_ZNSt10unique_ptrINSt7__cxx1112basic_stringIcSt11char_traitsIcESaIcEEESt14default_deleteIS5_EEaSEOS8_
FN:451,455,_ZNKSt10unique_ptrINSt7__cxx1118basic_stringstreamIcSt11char_traitsIcESaIcEEESt14default_deleteIS5_EEdeEv
FN:460,464,_ZNKSt10unique_ptrINSt7__cxx1112basic_stringIcSt11char_traitsIcESaIcEEESt14default_deleteIS5_EEptEv
FN:469,470,_ZNKSt10unique_ptrINSt7__cxx1112basic_stringIcSt11char_traitsIcESaIcEEESt14default_deleteIS5_EE3getEv
FN:469,470,_ZNKSt10unique_ptrINSt7__cxx1118basic_stringstreamIcSt11char_traitsIcESaIcEEESt14default_deleteIS5_EE3getEv
FN:475,476,_ZNSt10unique_ptrINSt7__cxx1112basic_stringIcSt11char_traitsIcESaIcEEESt14default_deleteIS5_EE11get_deleterEv
FN:475,476,_ZNSt10unique_ptrINSt7__cxx1118basic_stringstreamIcSt11char_traitsIcESaIcEEESt14default_deleteIS5_EE11get_deleterEv
FN:486,487,_ZNKSt10unique_ptrINSt7__cxx1112basic_stringIcSt11char_traitsIcESaIcEEESt14default_deleteIS5_EEcvbEv
FN:837,838,_ZSteqINSt7__cxx1112basic_stringIcSt11char_traitsIcESaIcEEESt14default_deleteIS5_EEbRKSt10unique_ptrIT_T0_EDn
FN:861,862,_ZStneINSt7__cxx1112basic_stringIcSt11char_traitsIcESaIcEEESt14default_deleteIS5_EEbRKSt10unique_ptrIT_T0_EDn
FN:93,100,_ZNKSt14default_deleteINSt7__cxx1112basic_stringIcSt11char_traitsIcESaIcEEEEclEPS5_
FN:93,100,_ZNKSt14default_deleteINSt7__cxx1118basic_stringstreamIcSt11char_traitsIcESaIcEEEEclEPS5_
FNDA:0,_ZSt11make_uniqueINSt7__cxx1112basic_stringIcSt11char_traitsIcESaIcEEEJEENSt8__detail9_MakeUniqIT_E15__single_objectEDpOT0_
FNDA:23,_ZNSt15__uniq_ptr_implINSt7__cxx1112basic_stringIcSt11char_traitsIcESaIcEEESt14default_deleteIS5_EEC2Ev
FNDA:0,_ZNSt15__uniq_ptr_implINSt7__cxx1112basic_stringIcSt11char_traitsIcESaIcEEESt14default_deleteIS5_EEC2EPS5_
FNDA:0,_ZNSt15__uniq_ptr_implINSt7__cxx1112basic_stringIcSt11char_traitsIcESaIcEEESt14default_deleteIS5_EEaSEOS8_
FNDA:135,_ZNSt15__uniq_ptr_implINSt7__cxx1112basic_stringIcSt11char_traitsIcESaIcEEESt14default_deleteIS5_EE6_M_ptrEv
FNDA:0,_ZNSt15__uniq_ptr_implINSt7__cxx1118basic_stringstreamIcSt11char_traitsIcESaIcEEESt14default_deleteIS5_EE6_M_ptrEv
FNDA:0,_ZNKSt15__uniq_ptr_implINSt7__cxx1112basic_stringIcSt11char_traitsIcESaIcEEESt14default_deleteIS5_EE6_M_ptrEv
FNDA:0,_ZNKSt15__uniq_ptr_implINSt7__cxx1118basic_stringstreamIcSt11char_traitsIcESaIcEEESt14default_deleteIS5_EE6_M_ptrEv
FNDA:0,_ZNSt15__uniq_ptr_implINSt7__cxx1112basic_stringIcSt11char_traitsIcESaIcEEESt14default_deleteIS5_EE10_M_deleterEv
FNDA:0,_ZNSt15__uniq_ptr_implINSt7__cxx1118basic_stringstreamIcSt11char_traitsIcESaIcEEESt14default_deleteIS5_EE10_M_deleterEv
FNDA:0,_ZNSt15__uniq_ptr_implINSt7__cxx1112basic_stringIcSt11char_traitsIcESaIcEEESt14default_deleteIS5_EE5resetEPS5_
FNDA:0,_ZNSt15__uniq_ptr_implINSt7__cxx1112basic_stringIcSt11char_traitsIcESaIcEEESt14default_deleteIS5_EE7releaseEv
FNDA:0,_ZNSt15__uniq_ptr_dataINSt7__cxx1112basic_stringIcSt11char_traitsIcESaIcEEESt14default_deleteIS5_ELb1ELb1EEaSEOS8_
FNDA:23,_ZNSt10unique_ptrINSt7__cxx1112basic_stringIcSt11char_traitsIcESaIcEEESt14default_deleteIS5_EEC2IS7_vEEv
FNDA:0,_ZNSt10unique_ptrINSt7__cxx1112basic_stringIcSt11char_traitsIcESaIcEEESt14default_deleteIS5_EEC2IS7_vEEPS5_
FNDA:135,_ZNSt10unique_ptrINSt7__cxx1112basic_stringIcSt11char_traitsIcESaIcEEESt14default_deleteIS5_EED2Ev
FNDA:0,_ZNSt10unique_ptrINSt7__cxx1118basic_stringstreamIcSt11char_traitsIcESaIcEEESt14default_deleteIS5_EED2Ev
FNDA:0,_ZNSt10unique_ptrINSt7__cxx1112basic_stringIcSt11char_traitsIcESaIcEEESt14default_deleteIS5_EEaSEOS8_
FNDA:0,_ZNKSt10unique_ptrINSt7__cxx1118basic_stringstreamIcSt11char_traitsIcESaIcEEESt14default_deleteIS5_EEdeEv
FNDA:0,_ZNKSt10unique_ptrINSt7__cxx1112basic_stringIcSt11char_traitsIcESaIcEEESt14default_deleteIS5_EEptEv
FNDA:0,_ZNKSt10unique_ptrINSt7__cxx1112basic_stringIcSt11char_traitsIcESaIcEEESt14default_deleteIS5_EE3getEv
FNDA:0,_ZNKSt10unique_ptrINSt7__cxx1118basic_stringstreamIcSt11char_traitsIcESaIcEEESt14default_deleteIS5_EE3getEv
FNDA:0,_ZNSt10unique_ptrINSt7__cxx1112basic_stringIcSt11char_traitsIcESaIcEEESt14default_deleteIS5_EE11get_deleterEv
FNDA:0,_ZNSt10unique_ptrINSt7__cxx1118basic_stringstreamIcSt11char_traitsIcESaIcEEESt14default_deleteIS5_EE11get_deleterEv
FNDA:0,_ZNKSt10unique_ptrINSt7__cxx1112basic_stringIcSt11char_traitsIcESaIcEEESt14default_deleteIS5_EEcvbEv
FNDA:0,_ZSteqINSt7__cxx1112basic_stringIcSt11char_traitsIcESaIcEEESt14default_deleteIS5_EEbRKSt10unique_ptrIT_T0_EDn
FNDA:0,_ZStneINSt7__cxx1112basic_stringIcSt11char_traitsIcESaIcEEESt14default_deleteIS5_EEbRKSt10unique_ptrIT_T0_EDn
FNDA:0,_ZNKSt14default_deleteINSt7__cxx1112basic_stringIcSt11char_traitsIcESaIcEEEEclEPS5_
FNDA:0,_ZNKSt14default_deleteINSt7__cxx1118basic_stringstreamIcSt11char_traitsIcESaIcEEEEclEPS5_
FNF:29
FNH:4
DA:93,0
DA:99,0
DA:100,0
DA:174,23
DA:176,0
DA:189,0
DA:191,0
DA:192,0
DA:193,0
DA:197,135
DA:199,0
DA:201,0
DA:206,0
DA:208,0
DA:209,0
DA:210,0
DA:211,0
DA:212,0
DA:215,0
DA:217,0
DA:218,0
DA:219,0
DA:243,0
DA:304,23
DA:305,23
DA:306,23
DA:317,0
DA:318,0
DA:319,0
DA:398,135
DA:402,135
DA:403,135
DA:404,0
DA:405,135
DA:406,135
DA:414,0
DA:451,0
DA:453,0
DA:454,0
DA:460,0
DA:463,0
DA:469,0
DA:470,0
DA:475,0
DA:476,0
DA:486,0
DA:487,0
DA:837,0
DA:838,0
DA:861,0
DA:862,0
DA:1069,0
DA:1070,0
LF:53
LH:10
end_of_record
TN:
SF:/usr/include/c++/13/bits/vector.tcc
FN:445,524,_ZNSt6vectorINSt7__cxx1112basic_stringIcSt11char_traitsIcESaIcEEESaIS5_EE17_M_realloc_insertIJRKS5_EEEvN9__gnu_cxx17__normal_iteratorIPS5_S7_EEDpOT_
FNDA:14,_ZNSt6vectorINSt7__cxx1112basic_stringIcSt11char_traitsIcESaIcEEESaIS5_EE17_M_realloc_insertIJRKS5_EEEvN9__gnu_cxx17__normal_iteratorIPS5_S7_EEDpOT_
FNF:1
FNH:1
DA:445,14
DA:455,14
DA:456,14
DA:457,14
DA:458,14
DA:459,14
DA:460,14
DA:468,14
DA:469,14
DA:475,14
DA:480,14
DA:481,14
DA:483,14
DA:485,14
DA:486,14
DA:504,0
DA:506,0
DA:507,0
DA:508,0
DA:510,0
DA:511,0
DA:512,0
DA:519,14
DA:520,14
DA:521,14
DA:522,14
DA:523,14
DA:524,14
LF:28
LH:21
end_of_record
TN:
SF:/usr/include/c++/13/new
FN:174,175,_ZnwmPv
FN:180,180,_ZdlPvS_
FNDA:45,_ZnwmPv
FNDA:0,_ZdlPvS_
FNF:2
FNH:1
DA:174,45
DA:175,45
DA:180,0
LF:3
LH:2
end_of_record
TN:
SF:/usr/include/c++/13/tuple
FN:125,125,_ZNSt10_Head_baseILm1ESt14default_deleteINSt7__cxx1112basic_stringIcSt11char_traitsIcESaIcEEEELb1EE7_M_headERS8_
FN:125,125,_ZNSt10_Head_baseILm1ESt14default_deleteINSt7__cxx1118basic_stringstreamIcSt11char_traitsIcESaIcEEEELb1EE7_M_headERS8_
FN:1317,1319,_ZNSt5tupleIJPNSt7__cxx1112basic_stringIcSt11char_traitsIcESaIcEEESt14default_deleteIS5_EEEC2ILb1ELb1EEEv
FN:1787,1788,_ZSt12__get_helperILm0EPNSt7__cxx1112basic_stringIcSt11char_traitsIcESaIcEEEJSt14default_deleteIS5_EEERT0_RSt11_Tuple_implIXT_EJS9_DpT1_EE
FN:1787,1788,_ZSt12__get_helperILm0EPNSt7__cxx1118basic_stringstreamIcSt11char_traitsIcESaIcEEEJSt14default_deleteIS5_EEERT0_RSt11_Tuple_implIXT_EJS9_DpT1_EE
FN:1787,1788,_ZSt12__get_helperILm1ESt14default_deleteINSt7__cxx1112basic_stringIcSt11char_traitsIcESaIcEEEEJEERT0_RSt11_Tuple_implIXT_EJS8_DpT1_EE
FN:1787,1788,_ZSt12__get_helperILm1ESt14default_deleteINSt7__cxx1118basic_stringstreamIcSt11char_traitsIcESaIcEEEEJEERT0_RSt11_Tuple_implIXT_EJS8_DpT1_EE
FN:1792,1793,_ZSt12__get_helperILm0EPNSt7__cxx1112basic_stringIcSt11char_traitsIcESaIcEEEJSt14default_deleteIS5_EEERKT0_RKSt11_Tuple_implIXT_EJS9_DpT1_EE
FN:1792,1793,_ZSt12__get_helperILm0EPNSt7__cxx1118basic_stringstreamIcSt11char_traitsIcESaIcEEEJSt14default_deleteIS5_EEERKT0_RKSt11_Tuple_implIXT_EJS9_DpT1_EE
FN:1803,1804,_ZSt3getILm0EJPNSt7__cxx1112basic_stringIcSt11char_traitsIcESaIcEEESt14default_deleteIS5_EEERNSt13tuple_elementIXT_ESt5tupleIJDpT0_EEE4typeERSD_
FN:1803,1804,_ZSt3getILm0EJPNSt7__cxx1118basic_stringstreamIcSt11char_traitsIcESaIcEEESt14default_deleteIS5_EEERNSt13tuple_elementIXT_ESt5tupleIJDpT0_EEE4typeERSD_
FN:1803,1804,_ZSt3getILm1EJPNSt7__cxx1112basic_stringIcSt11char_traitsIcESaIcEEESt14default_deleteIS5_EEERNSt13tuple_elementIXT_ESt5tupleIJDpT0_EEE4typeERSD_
FN:1803,1804,_ZSt3getILm1EJPNSt7__cxx1118basic_stringstreamIcSt11char_traitsIcESaIcEEESt14default_deleteIS5_EEERNSt13tuple_elementIXT_ESt5tupleIJDpT0_EEE4typeERSD_
FN:1809,1810,_ZSt3getILm0EJPNSt7__cxx1112basic_stringIcSt11char_traitsIcESaIcEEESt14default_deleteIS5_EEERKNSt13tuple_elementIXT_ESt5tupleIJDpT0_EEE4typeERKSD_
FN:1809,1810,_ZSt3getILm0EJPNSt7__cxx1118basic_stringstreamIcSt11char_traitsIcESaIcEEESt14default_deleteIS5_EEERKNSt13tuple_elementIXT_ESt5tupleIJDpT0_EEE4typeERKSD_
FN:190,191,_ZNSt10_Head_baseILm0EPNSt7__cxx1112basic_stringIcSt11char_traitsIcESaIcEEELb0EEC2Ev
FN:234,234,_ZNSt10_Head_baseILm0EPNSt7__cxx1112basic_stringIcSt11char_traitsIcESaIcEEELb0EE7_M_headERS7_
FN:234,234,_ZNSt10_Head_baseILm0EPNSt7__cxx1118basic_stringstreamIcSt11char_traitsIcESaIcEEELb0EE7_M_headERS7_
FN:237,237,_ZNSt10_Head_baseILm0EPNSt7__cxx1112basic_stringIcSt11char_traitsIcESaIcEEELb0EE7_M_headERKS7_
FN:237,237,_ZNSt10_Head_baseILm0EPNSt7__cxx1118basic_stringstreamIcSt11char_traitsIcESaIcEEELb0EE7_M_headERKS7_
FN:269,269,_ZNSt11_Tuple_implILm0EJPNSt7__cxx1112basic_stringIcSt11char_traitsIcESaIcEEESt14default_deleteIS5_EEE7_M_headERS9_
[...]
FN:1376,1384,_ZN7testing8internal11CmpHelperEQINSt7__cxx1112basic_stringIcSt11char_traitsIcESaIcEEEA4_cEENS_15AssertionResultEPKcSB_RKT_RKT0_
FN:1376,1384,_ZN7testing8internal11CmpHelperEQINSt7__cxx1112basic_stringIcSt11char_traitsIcESaIcEEEA5_cEENS_15AssertionResultEPKcSB_RKT_RKT0_
FN:1376,1384,_ZN7testing8internal11CmpHelperEQINSt7__cxx1112basic_stringIcSt11char_traitsIcESaIcEEEA6_cEENS_15AssertionResultEPKcSB_RKT_RKT0_
FN:1376,1384,_ZN7testing8internal11CmpHelperEQINSt7__cxx1112basic_stringIcSt11char_traitsIcESaIcEEEA7_cEENS_15AssertionResultEPKcSB_RKT_RKT0_
FN:1376,1384,_ZN7testing8internal11CmpHelperEQIPN4Tree8TreeNodeEDnEENS_15AssertionResultEPKcS7_RKT_RKT0_
FN:1376,1384,_ZN7testing8internal11CmpHelperEQISt6vectorINSt7__cxx1112basic_stringIcSt11char_traitsIcESaIcEEESaIS8_EESA_EENS_15AssertionResultEPKcSD_RKT_RKT0_
FN:1376,1384,_ZN7testing8internal11CmpHelperEQIiiEENS_15AssertionResultEPKcS4_RKT_RKT0_
FN:1395,1399,_ZN7testing8internal8EqHelper7CompareINSt7__cxx1112basic_stringIcSt11char_traitsIcESaIcEEEA1_cLPv0EEENS_15AssertionResultEPKcSD_RKT_RKT0_
FN:1395,1399,_ZN7testing8internal8EqHelper7CompareINSt7__cxx1112basic_stringIcSt11char_traitsIcESaIcEEEA2_cLPv0EEENS_15AssertionResultEPKcSD_RKT_RKT0_
FN:1395,1399,_ZN7testing8internal8EqHelper7CompareINSt7__cxx1112basic_stringIcSt11char_traitsIcESaIcEEEA4_cLPv0EEENS_15AssertionResultEPKcSD_RKT_RKT0_
FN:1395,1399,_ZN7testing8internal8EqHelper7CompareINSt7__cxx1112basic_stringIcSt11char_traitsIcESaIcEEEA5_cLPv0EEENS_15AssertionResultEPKcSD_RKT_RKT0_
FN:1395,1399,_ZN7testing8internal8EqHelper7CompareINSt7__cxx1112basic_stringIcSt11char_traitsIcESaIcEEEA6_cLPv0EEENS_15AssertionResultEPKcSD_RKT_RKT0_
FN:1395,1399,_ZN7testing8internal8EqHelper7CompareINSt7__cxx1112basic_stringIcSt11char_traitsIcESaIcEEEA7_cLPv0EEENS_15AssertionResultEPKcSD_RKT_RKT0_
FN:1395,1399,_ZN7testing8internal8EqHelper7CompareIPN4Tree8TreeNodeEDnLPv0EEENS_15AssertionResultEPKcS9_RKT_RKT0_
FN:1395,1399,_ZN7testing8internal8EqHelper7CompareISt6vectorINSt7__cxx1112basic_stringIcSt11char_traitsIcESaIcEEESaIS9_EESB_LPv0EEENS_15AssertionResultEPKcSF_RKT_RKT0_
FN:1395,1399,_ZN7testing8internal8EqHelper7CompareIiiLPv0EEENS_15AssertionResultEPKcS6_RKT_RKT0_
FN:1428,1435,_ZN7testing8internal18CmpHelperOpFailureIPN16DoubleLinkedList10DoubleNodeEDnEENS_15AssertionResultEPKcS7_RKT_RKT0_S7_
FN:1428,1435,_ZN7testing8internal18CmpHelperOpFailureImmEENS_15AssertionResultEPKcS4_RKT_RKT0_S4_
FN:1457,1457,_ZN7testing8internal11CmpHelperNEIPN16DoubleLinkedList10DoubleNodeEDnEENS_15AssertionResultEPKcS7_RKT_RKT0_
FN:1457,1457,_ZN7testing8internal11CmpHelperNEImmEENS_15AssertionResultEPKcS4_RKT_RKT0_
FN:256,256,_ZN7testing4Test14SetUpTestSuiteEv
FN:264,264,_ZN7testing4Test17TearDownTestSuiteEv
FN:269,269,_ZN7testing4Test16TearDownTestCaseEv
FN:270,270,_ZN7testing4Test13SetUpTestCaseEv
FN:357,357,_ZN7testing4Test5SetupEv
FNDA:0,_ZN7testing8internal18CmpHelperEQFailureINSt7__cxx1112basic_stringIcSt11char_traitsIcESaIcEEEA1_cEENS_15AssertionResultEPKcSB_RKT_RKT0_
FNDA:0,_ZN7testing8internal18CmpHelperEQFailureINSt7__cxx1112basic_stringIcSt11char_traitsIcESaIcEEEA2_cEENS_15AssertionResultEPKcSB_RKT_RKT0_
FNDA:0,_ZN7testing8internal18CmpHelperEQFailureINSt7__cxx1112basic_stringIcSt11char_traitsIcESaIcEEEA4_cEENS_15AssertionResultEPKcSB_RKT_RKT0_
FNDA:0,_ZN7testing8internal18CmpHelperEQFailureINSt7__cxx1112basic_stringIcSt11char_traitsIcESaIcEEEA5_cEENS_15AssertionResultEPKcSB_RKT_RKT0_
FNDA:0,_ZN7testing8internal18CmpHelperEQFailureINSt7__cxx1112basic_stringIcSt11char_traitsIcESaIcEEEA6_cEENS_15AssertionResultEPKcSB_RKT_RKT0_
FNDA:0,_ZN7testing8internal18CmpHelperEQFailureINSt7__cxx1112basic_stringIcSt11char_traitsIcESaIcEEEA7_cEENS_15AssertionResultEPKcSB_RKT_RKT0_
FNDA:0,_ZN7testing8internal18CmpHelperEQFailureIPN4Tree8TreeNodeEDnEENS_15AssertionResultEPKcS7_RKT_RKT0_
FNDA:0,_ZN7testing8internal18CmpHelperEQFailureISt6vectorINSt7__cxx1112basic_stringIcSt11char_traitsIcESaIcEEESaIS8_EESA_EENS_15AssertionResultEPKcSD_RKT_RKT0_
FNDA:0,_ZN7testing8internal18CmpHelperEQFailureIiiEENS_15AssertionResultEPKcS4_RKT_RKT0_
FNDA:22,_ZN7testing8internal11CmpHelperEQINSt7__cxx1112basic_stringIcSt11char_traitsIcESaIcEEEA1_cEENS_15AssertionResultEPKcSB_RKT_RKT0_
FNDA:26,_ZN7testing8internal11CmpHelperEQINSt7__cxx1112basic_stringIcSt11char_traitsIcESaIcEEEA2_cEENS_15AssertionResultEPKcSB_RKT_RKT0_
FNDA:10,_ZN7testing8internal11CmpHelperEQINSt7__cxx1112basic_stringIcSt11char_traitsIcESaIcEEEA4_cEENS_15AssertionResultEPKcSB_RKT_RKT0_
FNDA:4,_ZN7testing8internal11CmpHelperEQINSt7__cxx1112basic_stringIcSt11char_traitsIcESaIcEEEA5_cEENS_15AssertionResultEPKcSB_RKT_RKT0_
FNDA:11,_ZN7testing8internal11CmpHelperEQINSt7__cxx1112basic_stringIcSt11char_traitsIcESaIcEEEA6_cEENS_15AssertionResultEPKcSB_RKT_RKT0_
FNDA:4,_ZN7testing8internal11CmpHelperEQINSt7__cxx1112basic_stringIcSt11char_traitsIcESaIcEEEA7_cEENS_15AssertionResultEPKcSB_RKT_RKT0_
FNDA:1,_ZN7testing8internal11CmpHelperEQIPN4Tree8TreeNodeEDnEENS_15AssertionResultEPKcS7_RKT_RKT0_
FNDA:5,_ZN7testing8internal11CmpHelperEQISt6vectorINSt7__cxx1112basic_stringIcSt11char_traitsIcESaIcEEESaIS8_EESA_EENS_15AssertionResultEPKcSD_RKT_RKT0_
FNDA:16,_ZN7testing8internal11CmpHelperEQIiiEENS_15AssertionResultEPKcS4_RKT_RKT0_
FNDA:22,_ZN7testing8internal8EqHelper7CompareINSt7__cxx1112basic_stringIcSt11char_traitsIcESaIcEEEA1_cLPv0EEENS_15AssertionResultEPKcSD_RKT_RKT0_
FNDA:26,_ZN7testing8internal8EqHelper7CompareINSt7__cxx1112basic_stringIcSt11char_traitsIcESaIcEEEA2_cLPv0EEENS_15AssertionResultEPKcSD_RKT_RKT0_
FNDA:10,_ZN7testing8internal8EqHelper7CompareINSt7__cxx1112basic_stringIcSt11char_traitsIcESaIcEEEA4_cLPv0EEENS_15AssertionResultEPKcSD_RKT_RKT0_
FNDA:4,_ZN7testing8internal8EqHelper7CompareINSt7__cxx1112basic_stringIcSt11char_traitsIcESaIcEEEA5_cLPv0EEENS_15AssertionResultEPKcSD_RKT_RKT0_
FNDA:11,_ZN7testing8internal8EqHelper7CompareINSt7__cxx1112basic_stringIcSt11char_traitsIcESaIcEEEA6_cLPv0EEENS_15AssertionResultEPKcSD_RKT_RKT0_
FNDA:4,_ZN7testing8internal8EqHelper7CompareINSt7__cxx1112basic_stringIcSt11char_traitsIcESaIcEEEA7_cLPv0EEENS_15AssertionResultEPKcSD_RKT_RKT0_
FNDA:1,_ZN7testing8internal8EqHelper7CompareIPN4Tree8TreeNodeEDnLPv0EEENS_15AssertionResultEPKcS9_RKT_RKT0_
FNDA:5,_ZN7testing8internal8EqHelper7CompareISt6vectorINSt7__cxx1112basic_stringIcSt11char_traitsIcESaIcEEESaIS9_EESB_LPv0EEENS_15AssertionResultEPKcSF_RKT_RKT0_
FNDA:16,_ZN7testing8internal8EqHelper7CompareIiiLPv0EEENS_15AssertionResultEPKcS6_RKT_RKT0_
FNDA:0,_ZN7testing8internal18CmpHelperOpFailureIPN16DoubleLinkedList10DoubleNodeEDnEENS_15AssertionResultEPKcS7_RKT_RKT0_S7_
FNDA:0,_ZN7testing8internal18CmpHelperOpFailureImmEENS_15AssertionResultEPKcS4_RKT_RKT0_S4_
FNDA:1,_ZN7testing8internal11CmpHelperNEIPN16DoubleLinkedList10DoubleNodeEDnEENS_15AssertionResultEPKcS7_RKT_RKT0_
FNDA:12,_ZN7testing8internal11CmpHelperNEImmEENS_15AssertionResultEPKcS4_RKT_RKT0_
FNDA:0,_ZN7testing4Test14SetUpTestSuiteEv
FNDA:0,_ZN7testing4Test17TearDownTestSuiteEv
FNDA:0,_ZN7testing4Test16TearDownTestCaseEv
FNDA:0,_ZN7testing4Test13SetUpTestCaseEv
FNDA:0,_ZN7testing4Test5SetupEv
FNF:36
FNH:20
DA:256,0
DA:264,0
DA:269,0
DA:270,0
DA:357,0
DA:1359,0
DA:1364,0
DA:1376,99
DA:1379,99
DA:1380,99
DA:1383,0
DA:1395,99
DA:1398,99
DA:1428,0
DA:1432,0
DA:1433,0
DA:1434,0
DA:1457,13
LF:18
LH:6
end_of_record
TN:
SF:/usr/include/gtest/internal/gtest-internal.h
FN:438,438,_ZN7testing8internal15TestFactoryBaseD0Ev
FN:438,438,_ZN7testing8internal15TestFactoryBaseD2Ev
FN:445,445,_ZN7testing8internal15TestFactoryBaseC2Ev
FN:457,457,_ZN7testing8internal15TestFactoryImplI23TreeTest_ClearTree_TestE10CreateTestEv
FN:457,457,_ZN7testing8internal15TestFactoryImplI24TreeTest_IsFullTree_TestE10CreateTestEv
FN:457,457,_ZN7testing8internal15TestFactoryImplI24TreeTest_Traversals_TestE10CreateTestEv
FN:457,457,_ZN7testing8internal15TestFactoryImplI27QueueTest_PushPopBasic_TestE10CreateTestEv
FN:457,457,_ZN7testing8internal15TestFactoryImplI27StackTest_PushPopBasic_TestE10CreateTestEv
FN:457,457,_ZN7testing8internal15TestFactoryImplI29ArrayTest_AddToEndAndGet_TestE10CreateTestEv
FN:457,457,_ZN7testing8internal15TestFactoryImplI29ArrayTest_GetLengthValue_TestE10CreateTestEv
FN:457,457,_ZN7testing8internal15TestFactoryImplI29TreeTest_InsertAndSearch_TestE10CreateTestEv
FN:457,457,_ZN7testing8internal15TestFactoryImplI30ArrayTest_AddByIndexValid_TestE10CreateTestEv
FN:457,457,_ZN7testing8internal15TestFactoryImplI31ArrayTest_AddToEndWhenFull_TestE10CreateTestEv
FN:457,457,_ZN7testing8internal15TestFactoryImplI32ArrayTest_AddByIndexInvalid_TestE10CreateTestEv
FN:457,457,_ZN7testing8internal15TestFactoryImplI32ArrayTest_TextSerialization_TestE10CreateTestEv
FN:457,457,_ZN7testing8internal15TestFactoryImplI32StackTest_TextSerialization_TestE10CreateTestEv
FN:457,457,_ZN7testing8internal15TestFactoryImplI33ArrayTest_DeleteByIndexValid_TestE10CreateTestEv
FN:457,457,_ZN7testing8internal15TestFactoryImplI33ArrayTest_SetAndGetElementAt_TestE10CreateTestEv
FN:457,457,_ZN7testing8internal15TestFactoryImplI33TreeSerialization_TextFormat_TestE10CreateTestEv
FN:457,457,_ZN7testing8internal15TestFactoryImplI34ArrayTest_BinarySerialization_TestE10CreateTestEv
FN:457,457,_ZN7testing8internal15TestFactoryImplI34ArrayTest_ReplaceByIndexValid_TestE10CreateTestEv
FN:457,457,_ZN7testing8internal15TestFactoryImplI34QueueSerialization_TextFormat_TestE10CreateTestEv
FN:457,457,_ZN7testing8internal15TestFactoryImplI34StackTest_BinarySerialization_TestE10CreateTestEv
FN:457,457,_ZN7testing8internal15TestFactoryImplI35ArrayTest_DeleteByIndexInvalid_TestE10CreateTestEv
FN:457,457,_ZN7testing8internal15TestFactoryImplI35TreeSerialization_BinaryFormat_TestE10CreateTestEv
FN:457,457,_ZN7testing8internal15TestFactoryImplI36ArrayTest_ReplaceByIndexInvalid_TestE10CreateTestEv
FN:457,457,_ZN7testing8internal15TestFactoryImplI36QueueSerialization_BinaryFormat_TestE10CreateTestEv
FN:457,457,_ZN7testing8internal15TestFactoryImplI36QueueTest_DisplayEmptyAndFilled_TestE10CreateTestEv
FN:457,457,_ZN7testing8internal15TestFactoryImplI36StackTest_DisplayEmptyAndFilled_TestE10CreateTestEv
FN:457,457,_ZN7testing8internal15TestFactoryImplI37QueueTest_SerializationAccessors_TestE10CreateTestEv
FN:457,457,_ZN7testing8internal15TestFactoryImplI37StackTest_SerializationAccessors_TestE10CreateTestEv
FN:457,457,_ZN7testing8internal15TestFactoryImplI39DoubleLinkedListTest_DeleteByValue_TestE10CreateTestEv
FN:457,457,_ZN7testing8internal15TestFactoryImplI39DoubleLinkedListTest_SearchAndFind_TestE10CreateTestEv
FN:457,457,_ZN7testing8internal15TestFactoryImplI40DoubleLinkedListTest_AddHeadAndTail_TestE10CreateTestEv
FN:457,457,_ZN7testing8internal15TestFactoryImplI40DoubleLinkedListTest_DeleteHeadTail_TestE10CreateTestEv
FN:457,457,_ZN7testing8internal15TestFactoryImplI40SinglyLinkedListTest_AddHeadAndTail_TestE10CreateTestEv
FN:457,457,_ZN7testing8internal15TestFactoryImplI43DoubleLinkedListTest_TextSerialization_TestE10CreateTestEv
FN:457,457,_ZN7testing8internal15TestFactoryImplI43SinglyLinkedListTest_SerializationText_TestE10CreateTestEv
FN:457,457,_ZN7testing8internal15TestFactoryImplI45DoubleLinkedListTest_BinarySerialization_TestE10CreateTestEv
FN:457,457,_ZN7testing8internal15TestFactoryImplI45SinglyLinkedListTest_DeleteHeadTailEmpty_TestE10CreateTestEv
FN:457,457,_ZN7testing8internal15TestFactoryImplI45SinglyLinkedListTest_SerializationBinary_TestE10CreateTestEv
FN:457,457,_ZN7testing8internal15TestFactoryImplI48DoubleLinkedListTest_AddAfterCoversAddAfter_TestE10CreateTestEv
FN:457,457,_ZN7testing8internal15TestFactoryImplI48DoubleLinkedListTest_AddBeforeAndAfterValid_TestE10CreateTestEv
FN:457,457,_ZN7testing8internal15TestFactoryImplI48DoubleLinkedListTest_DeleteBeforeAfterValid_TestE10CreateTestEv
FN:457,457,_ZN7testing8internal15TestFactoryImplI48SinglyLinkedListTest_AddBeforeAndAfterValid_TestE10CreateTestEv
FN:457,457,_ZN7testing8internal15TestFactoryImplI49DoubleLinkedListTest_DisplayListDoesNotCrash_TestE10CreateTestEv
FN:457,457,_ZN7testing8internal15TestFactoryImplI50DoubleLinkedListTest_AddBeforeAndAfterInvalid_TestE10CreateTestEv
FN:457,457,_ZN7testing8internal15TestFactoryImplI50DoubleLinkedListTest_AddBeforeCoversAddBefore_TestE10CreateTestEv
FN:457,457,_ZN7testing8internal15TestFactoryImplI50DoubleLinkedListTest_DeleteBeforeAfterInvalid_TestE10CreateTestEv
FN:457,457,_ZN7testing8internal15TestFactoryImplI50SinglyLinkedListTest_AddBeforeAndAfterInvalid_TestE10CreateTestEv
FN:457,457,_ZN7testing8internal15TestFactoryImplI51SinglyLinkedListTest_DeleteBeforeAndAfterValid_TestE10CreateTestEv
FN:457,457,_ZN7testing8internal15TestFactoryImplI53SinglyLinkedListTest_DeleteBeforeAndAfterInvalid_TestE10CreateTestEv
FN:457,457,_ZN7testing8internal15TestFactoryImplI54SinglyLinkedListTest_DeleteByValueValidAndInvalid_TestE10CreateTestEv
FN:478,479,_ZN7testing8internal12CodeLocationC2ERKNSt7__cxx1112basic_stringIcSt11char_traitsIcESaIcEEEi
FN:491,494,_ZN7testing8internal19GetNotDefaultOrNullEPFvvES2_
FN:506,525,_ZN7testing8internal16SuiteApiResolverINS_4TestEE19GetSetUpCaseOrSuiteEPKci
FN:527,546,_ZN7testing8internal16SuiteApiResolverINS_4TestEE22GetTearDownCaseOrSuiteEPKci
FNDA:0,_ZN7testing8internal15TestFactoryBaseD0Ev
FNDA:50,_ZN7testing8internal15TestFactoryBaseD2Ev
FNDA:50,_ZN7testing8internal15TestFactoryBaseC2Ev
FNDA:1,_ZN7testing8internal15TestFactoryImplI23TreeTest_ClearTree_TestE10CreateTestEv
FNDA:1,_ZN7testing8internal15TestFactoryImplI24TreeTest_IsFullTree_TestE10CreateTestEv
FNDA:1,_ZN7testing8internal15TestFactoryImplI24TreeTest_Traversals_TestE10CreateTestEv
FNDA:1,_ZN7testing8internal15TestFactoryImplI27QueueTest_PushPopBasic_TestE10CreateTestEv
FNDA:1,_ZN7testing8internal15TestFactoryImplI27StackTest_PushPopBasic_TestE10CreateTestEv
FNDA:1,_ZN7testing8internal15TestFactoryImplI29ArrayTest_AddToEndAndGet_TestE10CreateTestEv
FNDA:1,_ZN7testing8internal15TestFactoryImplI29ArrayTest_GetLengthValue_TestE10CreateTestEv
FNDA:1,_ZN7testing8internal15TestFactoryImplI29TreeTest_InsertAndSearch_TestE10CreateTestEv
FNDA:1,_ZN7testing8internal15TestFactoryImplI30ArrayTest_AddByIndexValid_TestE10CreateTestEv
FNDA:1,_ZN7testing8internal15TestFactoryImplI31ArrayTest_AddToEndWhenFull_TestE10CreateTestEv
FNDA:1,_ZN7testing8internal15TestFactoryImplI32ArrayTest_AddByIndexInvalid_TestE10CreateTestEv
FNDA:1,_ZN7testing8internal15TestFactoryImplI32ArrayTest_TextSerialization_TestE10CreateTestEv
FNDA:1,_ZN7testing8internal15TestFactoryImplI32StackTest_TextSerialization_TestE10CreateTestEv
FNDA:1,_ZN7testing8internal15TestFactoryImplI33ArrayTest_DeleteByIndexValid_TestE10CreateTestEv
FNDA:1,_ZN7testing8internal15TestFactoryImplI33ArrayTest_SetAndGetElementAt_TestE10CreateTestEv
FNDA:1,_ZN7testing8internal15TestFactoryImplI33TreeSerialization_TextFormat_TestE10CreateTestEv
FNDA:1,_ZN7testing8internal15TestFactoryImplI34ArrayTest_BinarySerialization_TestE10CreateTestEv
FNDA:1,_ZN7testing8internal15TestFactoryImplI34ArrayTest_ReplaceByIndexValid_TestE10CreateTestEv
FNDA:1,_ZN7testing8internal15TestFactoryImplI34QueueSerialization_TextFormat_TestE10CreateTestEv
FNDA:1,_ZN7testing8internal15TestFactoryImplI34StackTest_BinarySerialization_TestE10CreateTestEv
FNDA:1,_ZN7testing8internal15TestFactoryImplI35ArrayTest_DeleteByIndexInvalid_TestE10CreateTestEv
FNDA:1,_ZN7testing8internal15TestFactoryImplI35TreeSerialization_BinaryFormat_TestE10CreateTestEv
FNDA:1,_ZN7testing8internal15TestFactoryImplI36ArrayTest_ReplaceByIndexInvalid_TestE10CreateTestEv
FNDA:1,_ZN7testing8internal15TestFactoryImplI36QueueSerialization_BinaryFormat_TestE10CreateTestEv
FNDA:1,_ZN7testing8internal15TestFactoryImplI36QueueTest_DisplayEmptyAndFilled_TestE10CreateTestEv
FNDA:1,_ZN7testing8internal15TestFactoryImplI36StackTest_DisplayEmptyAndFilled_TestE10CreateTestEv
FNDA:1,_ZN7testing8internal15TestFactoryImplI37QueueTest_SerializationAccessors_TestE10CreateTestEv
FNDA:1,_ZN7testing8internal15TestFactoryImplI37StackTest_SerializationAccessors_TestE10CreateTestEv
FNDA:1,_ZN7testing8internal15TestFactoryImplI39DoubleLinkedListTest_DeleteByValue_TestE10CreateTestEv
FNDA:1,_ZN7testing8internal15TestFactoryImplI39DoubleLinkedListTest_SearchAndFind_TestE10CreateTestEv
FNDA:1,_ZN7testing8internal15TestFactoryImplI40DoubleLinkedListTest_AddHeadAndTail_TestE10CreateTestEv
FNDA:1,_ZN7testing8internal15TestFactoryImplI40DoubleLinkedListTest_DeleteHeadTail_TestE10CreateTestEv
FNDA:1,_ZN7testing8internal15TestFactoryImplI40SinglyLinkedListTest_AddHeadAndTail_TestE10CreateTestEv
FNDA:1,_ZN7testing8internal15TestFactoryImplI43DoubleLinkedListTest_TextSerialization_TestE10CreateTestEv
FNDA:1,_ZN7testing8internal15TestFactoryImplI43SinglyLinkedListTest_SerializationText_TestE10CreateTestEv
FNDA:1,_ZN7testing8internal15TestFactoryImplI45DoubleLinkedListTest_BinarySerialization_TestE10CreateTestEv
FNDA:1,_ZN7testing8internal15TestFactoryImplI45SinglyLinkedListTest_DeleteHeadTailEmpty_TestE10CreateTestEv
FNDA:1,_ZN7testing8internal15TestFactoryImplI45SinglyLinkedListTest_SerializationBinary_TestE10CreateTestEv
FNDA:1,_ZN7testing8internal15TestFactoryImplI48DoubleLinkedListTest_AddAfterCoversAddAfter_TestE10CreateTestEv
FNDA:1,_ZN7testing8internal15TestFactoryImplI48DoubleLinkedListTest_AddBeforeAndAfterValid_TestE10CreateTestEv
FNDA:1,_ZN7testing8internal15TestFactoryImplI48DoubleLinkedListTest_DeleteBeforeAfterValid_TestE10CreateTestEv
FNDA:1,_ZN7testing8internal15TestFactoryImplI48SinglyLinkedListTest_AddBeforeAndAfterValid_TestE10CreateTestEv
FNDA:1,_ZN7testing8internal15TestFactoryImplI49DoubleLinkedListTest_DisplayListDoesNotCrash_TestE10CreateTestEv
FNDA:1,_ZN7testing8internal15TestFactoryImplI50DoubleLinkedListTest_AddBeforeAndAfterInvalid_TestE10CreateTestEv
FNDA:1,_ZN7testing8internal15TestFactoryImplI50DoubleLinkedListTest_AddBeforeCoversAddBefore_TestE10CreateTestEv
FNDA:1,_ZN7testing8internal15TestFactoryImplI50DoubleLinkedListTest_DeleteBeforeAfterInvalid_TestE10CreateTestEv
FNDA:1,_ZN7testing8internal15TestFactoryImplI50SinglyLinkedListTest_AddBeforeAndAfterInvalid_TestE10CreateTestEv
FNDA:1,_ZN7testing8internal15TestFactoryImplI51SinglyLinkedListTest_DeleteBeforeAndAfterValid_TestE10CreateTestEv
FNDA:1,_ZN7testing8internal15TestFactoryImplI53SinglyLinkedListTest_DeleteBeforeAndAfterInvalid_TestE10CreateTestEv
FNDA:1,_ZN7testing8internal15TestFactoryImplI54SinglyLinkedListTest_DeleteByValueValidAndInvalid_TestE10CreateTestEv
FNDA:50,_ZN7testing8internal12CodeLocationC2ERKNSt7__cxx1112basic_stringIcSt11char_traitsIcESaIcEEEi
FNDA:200,_ZN7testing8internal19GetNotDefaultOrNullEPFvvES2_
FNDA:50,_ZN7testing8internal16SuiteApiResolverINS_4TestEE19GetSetUpCaseOrSuiteEPKci
FNDA:50,_ZN7testing8internal16SuiteApiResolverINS_4TestEE22GetTearDownCaseOrSuiteEPKci
FNF:57
FNH:56
DA:438,50
DA:445,50
DA:457,50
DA:478,50
DA:479,50
DA:491,200
DA:493,200
DA:506,50
DA:510,50
DA:512,50
DA:514,50
DA:517,0
DA:519,50
DA:527,50
DA:531,50
DA:533,50
DA:535,50
DA:538,0
DA:540,50
LF:19
LH:17
end_of_record
TN:
SF:/usr/include/gtest/internal/gtest-port.h
FN:1042,1042,_ZN7testing8internal8GTestLog9GetStreamEv
FNDA:0,_ZN7testing8internal8GTestLog9GetStreamEv
FNF:1
FNH:0
DA:1042,0
LF:1
LH:0
end_of_record
TN:
SF:/usr/include/nlohmann/detail/string_escape.hpp
FN:31,40,_ZN8nlohmann16json_abi_v3_11_36detail17replace_substringINSt7__cxx1112basic_stringIcSt11char_traitsIcESaIcEEEEEvRT_RKS9_SC_
FN:65,69,_ZN8nlohmann16json_abi_v3_11_36detailL8unescapeINSt7__cxx1112basic_stringIcSt11char_traitsIcESaIcEEEEEvRT_
FNDA:0,_ZN8nlohmann16json_abi_v3_11_36detail17replace_substringINSt7__cxx1112basic_stringIcSt11char_traitsIcESaIcEEEEEvRT_RKS9_SC_
FNDA:0,_ZN8nlohmann16json_abi_v3_11_36detailL8unescapeINSt7__cxx1112basic_stringIcSt11char_traitsIcESaIcEEEEEvRT_
FNF:2
FNH:0
DA:31,0
DA:34,0
DA:35,0
DA:36,0
DA:37,0
DA:38,0
DA:40,0
DA:65,0
DA:67,0
DA:68,0
DA:69,0
LF:11
LH:0
end_of_record
TN:
SF:/usr/include/x86_64-linux-gnu/c++/13/bits/c++config.h
FN:540,551,_ZSt23__is_constant_evaluatedv
FNDA:398,_ZSt23__is_constant_evaluatedv
FNF:1
FNH:1
DA:540,398
DA:547,398
LF:2
LH:2
end_of_record
