TN:
SF:/home/angelina/Рабочий стол/proga/lab3/n2.2/HashTable.h
FN:112,134,_ZN9HashTable6removeERKNSt7__cxx1112basic_stringIcSt11char_traitsIcESaIcEEE
FN:136,151,_ZNK9HashTable9print_allEv
FN:153,156,_ZNK9HashTable8containsERKNSt7__cxx1112basic_stringIcSt11char_traitsIcESaIcEEE
FN:158,166,_ZNK9HashTable16get_all_elementsB5cxx11Ev
FN:16,16,_ZN5EntryC2Ev
FN:168,168,_ZNK9HashTable8get_sizeEv
FN:175,188,_ZNK9HashTable15serializeBinaryERSo
FN:190,210,_ZN9HashTable17deserializeBinaryERSi
FN:212,219,_ZNK9HashTable13serializeTextERSo
FN:221,238,_ZN9HashTable15deserializeTextERSi
FN:28,34,_ZN9HashTable13hash_functionERKNSt7__cxx1112basic_stringIcSt11char_traitsIcESaIcEEEm
FN:36,43,_ZN9HashTable14clear_internalEv
FN:46,52,_ZN9HashTableC2Em
FN:54,54,_ZN9HashTableD2Ev
FN:56,87,_ZN9HashTable6insertERKNSt7__cxx1112basic_stringIcSt11char_traitsIcESaIcEEEi
FN:89,110,_ZNK9HashTable4findERKNSt7__cxx1112basic_stringIcSt11char_traitsIcESaIcEEERi
FNDA:2,_ZN9HashTable6removeERKNSt7__cxx1112basic_stringIcSt11char_traitsIcESaIcEEE
FNDA:2,_ZNK9HashTable9print_allEv
FNDA:3,_ZNK9HashTable8containsERKNSt7__cxx1112basic_stringIcSt11char_traitsIcESaIcEEE
FNDA:1,_ZNK9HashTable16get_all_elementsB5cxx11Ev
FNDA:68,_ZN5EntryC2Ev
FNDA:1,_ZNK9HashTable8get_sizeEv
FNDA:1,_ZNK9HashTable15serializeBinaryERSo
FNDA:1,_ZN9HashTable17deserializeBinaryERSi
FNDA:1,_ZNK9HashTable13serializeTextERSo
FNDA:1,_ZN9HashTable15deserializeTextERSi
FNDA:24,_ZN9HashTable13hash_functionERKNSt7__cxx1112basic_stringIcSt11char_traitsIcESaIcEEEm
FNDA:2,_ZN9HashTable14clear_internalEv
FNDA:7,_ZN9HashTableC2Em
FNDA:7,_ZN9HashTableD2Ev
FNDA:15,_ZN9HashTable6insertERKNSt7__cxx1112basic_stringIcSt11char_traitsIcESaIcEEEi
FNDA:7,_ZNK9HashTable4findERKNSt7__cxx1112basic_stringIcSt11char_traitsIcESaIcEEERi
FNF:16
FNH:16
DA:16,68
DA:28,24
DA:29,24
DA:30,117
DA:31,93
DA:33,24
DA:36,2
DA:37,22
DA:38,20
DA:39,20
DA:40,20
DA:42,2
DA:43,2
DA:46,7
DA:47,7
DA:48,55
DA:49,55
DA:50,48
DA:52,7
DA:54,55
DA:56,15
DA:57,15
DA:58,0
DA:61,15
DA:62,15
DA:64,15
DA:65,15
DA:67,15
DA:68,1
DA:70,14
DA:71,14
DA:72,14
DA:73,14
DA:74,14
DA:77,2
DA:78,1
DA:79,1
DA:80,1
DA:83,0
DA:86,0
DA:89,7
DA:90,7
DA:91,7
DA:93,9
DA:94,9
DA:96,9
DA:97,2
DA:100,13
DA:101,6
DA:102,5
DA:103,5
DA:106,2
DA:109,0
DA:112,2
DA:113,2
DA:114,2
DA:116,4
DA:117,4
DA:119,4
DA:120,1
DA:123,5
DA:124,2
DA:125,1
DA:126,1
DA:127,1
DA:130,2
DA:133,0
DA:136,2
DA:137,2
DA:139,8
DA:140,6
DA:141,2
DA:142,2
DA:146,2
DA:147,1
DA:149,1
DA:151,2
DA:153,3
DA:155,3
DA:158,1
DA:159,1
DA:160,6
DA:161,5
DA:162,2
DA:165,1
DA:166,0
DA:168,1
DA:175,1
DA:176,1
DA:177,1
DA:179,11
DA:180,10
DA:181,2
DA:182,2
DA:183,2
DA:184,2
DA:188,1
DA:190,1
DA:192,1
DA:193,0
DA:194,1
DA:196,11
DA:197,1
DA:198,11
DA:199,1
DA:201,3
DA:203,2
DA:204,2
DA:205,2
DA:207,2
DA:208,2
DA:209,2
DA:212,1
DA:213,1
DA:214,11
DA:215,10
DA:216,2
DA:219,1
DA:221,1
DA:223,1
DA:224,0
DA:226,11
DA:227,1
DA:228,11
DA:229,1
DA:231,3
DA:232,2
DA:234,2
DA:235,2
DA:237,2
LF:130
LH:122
end_of_record
TN:
SF:/home/angelina/Рабочий стол/proga/lab3/n2.2/array.h
FN:108,127,_ZN5Array17deserializeBinaryERSi
FN:129,134,_ZNK5Array13serializeTextERSo
FN:136,151,_ZN5Array15deserializeTextERSi
FN:15,19,_ZN5ArrayC2Ei
FN:21,21,_ZN5ArrayD2Ev
FN:23,35,_ZN5Array10addByIndexEiRKNSt7__cxx1112basic_stringIcSt11char_traitsIcESaIcEEE
FN:37,44,_ZN5Array8addToEndERKNSt7__cxx1112basic_stringIcSt11char_traitsIcESaIcEEE
FN:54,66,_ZN5Array13deleteByIndexB5cxx11Ei
FN:68,74,_ZN5Array14replaceByIndexEiRKNSt7__cxx1112basic_stringIcSt11char_traitsIcESaIcEEE
FN:84,84,_ZNK5Array14getLengthValueEv
FN:85,85,_ZNK5Array12getSizeValueEv
FN:86,88,_ZNK5Array12getElementAtB5cxx11Ei
FN:89,92,_ZN5Array12setElementAtEiRKNSt7__cxx1112basic_stringIcSt11char_traitsIcESaIcEEE
FN:93,96,_ZN5Array7setSizeEi
FN:98,106,_ZNK5Array15serializeBinaryERSo
FNDA:2,_ZN5Array17deserializeBinaryERSi
FNDA:2,_ZNK5Array13serializeTextERSo
FNDA:2,_ZN5Array15deserializeTextERSi
FNDA:28,_ZN5ArrayC2Ei
FNDA:28,_ZN5ArrayD2Ev
FNDA:6,_ZN5Array10addByIndexEiRKNSt7__cxx1112basic_stringIcSt11char_traitsIcESaIcEEE
FNDA:26,_ZN5Array8addToEndERKNSt7__cxx1112basic_stringIcSt11char_traitsIcESaIcEEE
FNDA:4,_ZN5Array13deleteByIndexB5cxx11Ei
FNDA:4,_ZN5Array14replaceByIndexEiRKNSt7__cxx1112basic_stringIcSt11char_traitsIcESaIcEEE
FNDA:2,_ZNK5Array14getLengthValueEv
FNDA:12,_ZNK5Array12getSizeValueEv
FNDA:20,_ZNK5Array12getElementAtB5cxx11Ei
FNDA:2,_ZN5Array12setElementAtEiRKNSt7__cxx1112basic_stringIcSt11char_traitsIcESaIcEEE
FNDA:2,_ZN5Array7setSizeEi
FNDA:2,_ZNK5Array15serializeBinaryERSo
FNF:15
FNH:15
DA:15,28
DA:16,28
DA:17,28
DA:18,108
DA:19,28
DA:21,108
DA:23,6
DA:24,6
DA:25,4
DA:26,2
DA:27,0
DA:29,4
DA:30,2
DA:32,2
DA:33,2
DA:35,6
DA:37,26
DA:38,26
DA:39,2
DA:41,24
DA:42,24
DA:44,26
DA:54,4
DA:55,4
DA:56,2
DA:57,4
DA:59,2
DA:60,4
DA:61,2
DA:63,2
DA:64,2
DA:65,2
DA:68,4
DA:69,4
DA:70,2
DA:72,2
DA:74,4
DA:84,2
DA:85,12
DA:86,20
DA:87,40
DA:89,2
DA:90,2
DA:91,2
DA:92,2
DA:93,2
DA:94,2
DA:95,2
DA:96,2
DA:98,2
DA:99,2
DA:100,2
DA:101,6
DA:102,4
DA:103,4
DA:104,4
DA:106,2
DA:108,2
DA:110,2
DA:111,2
DA:113,2
DA:114,0
DA:115,0
DA:116,0
DA:118,2
DA:120,6
DA:122,4
DA:123,4
DA:124,4
DA:125,4
DA:126,4
DA:127,2
DA:129,2
DA:130,2
DA:131,6
DA:132,4
DA:134,2
DA:136,2
DA:138,2
DA:139,2
DA:141,2
DA:142,0
DA:143,0
DA:144,0
DA:146,2
DA:148,6
DA:149,4
DA:151,2
LF:88
LH:81
end_of_record
TN:
SF:/home/angelina/Рабочий стол/proga/lab3/n2.2/doubleLinkedList.h
FN:120,137,_ZN16DoubleLinkedList10DeleteHeadB5cxx11Ev
FN:139,156,_ZN16DoubleLinkedList10DeleteTailB5cxx11Ev
FN:158,163,_ZN16DoubleLinkedList14DisplayForwardEPNS_10DoubleNodeE
FN:165,170,_ZN16DoubleLinkedList15DisplayBackwardEPNS_10DoubleNodeE
FN:172,191,_ZN16DoubleLinkedList11FindByValueERKNSt7__cxx1112basic_stringIcSt11char_traitsIcESaIcEEEPi
FN:193,205,_ZN16DoubleLinkedList16AddElementBeforeERKNSt7__cxx1112basic_stringIcSt11char_traitsIcESaIcEEES7_
FN:207,219,_ZN16DoubleLinkedList15AddElementAfterERKNSt7__cxx1112basic_stringIcSt11char_traitsIcESaIcEEES7_
FN:221,238,_ZN16DoubleLinkedList19DeleteElementBeforeERKNSt7__cxx1112basic_stringIcSt11char_traitsIcESaIcEEE
FN:24,28,_ZN16DoubleLinkedListC2Ev
FN:240,258,_ZN16DoubleLinkedList18DeleteElementAfterERKNSt7__cxx1112basic_stringIcSt11char_traitsIcESaIcEEE
FN:260,266,_ZN16DoubleLinkedList19DeleteElementAtHeadB5cxx11Ev
FN:268,274,_ZN16DoubleLinkedList19DeleteElementAtTailB5cxx11Ev
FN:276,291,_ZN16DoubleLinkedList20DeleteElementByValueERKNSt7__cxx1112basic_stringIcSt11char_traitsIcESaIcEEE
FN:293,301,_ZN16DoubleLinkedList11DisplayListEv
FN:30,33,_ZN16DoubleLinkedListD2Ev
FN:303,307,_ZN16DoubleLinkedList13SearchElementERKNSt7__cxx1112basic_stringIcSt11char_traitsIcESaIcEEE
FN:309,317,_ZNK16DoubleLinkedList14getAllElementsB5cxx11Ev
FN:322,330,_ZNK16DoubleLinkedList7GetSizeEv
FN:332,343,_ZNK16DoubleLinkedList15serializeBinaryERSo
FN:345,358,_ZN16DoubleLinkedList17deserializeBinaryERSi
FN:35,42,_ZN16DoubleLinkedList5ClearEv
FN:360,368,_ZNK16DoubleLinkedList13serializeTextERSo
FN:370,383,_ZN16DoubleLinkedList15deserializeTextERSi
FN:44,54,_ZN16DoubleLinkedList8AddAfterEPNS_10DoubleNodeERKNSt7__cxx1112basic_stringIcSt11char_traitsIcESaIcEEE
FN:56,66,_ZN16DoubleLinkedList9AddBeforeEPNS_10DoubleNodeERKNSt7__cxx1112basic_stringIcSt11char_traitsIcESaIcEEE
FN:68,80,_ZN16DoubleLinkedList7AddHeadERKNSt7__cxx1112basic_stringIcSt11char_traitsIcESaIcEEE
FN:82,94,_ZN16DoubleLinkedList7AddTailERKNSt7__cxx1112basic_stringIcSt11char_traitsIcESaIcEEE
FN:96,118,_ZN16DoubleLinkedList10DeleteNodeB5cxx11EPNS_10DoubleNodeE
FNDA:4,_ZN16DoubleLinkedList10DeleteHeadB5cxx11Ev
FNDA:4,_ZN16DoubleLinkedList10DeleteTailB5cxx11Ev
FNDA:3,_ZN16DoubleLinkedList14DisplayForwardEPNS_10DoubleNodeE
FNDA:3,_ZN16DoubleLinkedList15DisplayBackwardEPNS_10DoubleNodeE
FNDA:15,_ZN16DoubleLinkedList11FindByValueERKNSt7__cxx1112basic_stringIcSt11char_traitsIcESaIcEEEPi
FNDA:3,_ZN16DoubleLinkedList16AddElementBeforeERKNSt7__cxx1112basic_stringIcSt11char_traitsIcESaIcEEES7_
FNDA:3,_ZN16DoubleLinkedList15AddElementAfterERKNSt7__cxx1112basic_stringIcSt11char_traitsIcESaIcEEES7_
FNDA:2,_ZN16DoubleLinkedList19DeleteElementBeforeERKNSt7__cxx1112basic_stringIcSt11char_traitsIcESaIcEEE
FNDA:15,_ZN16DoubleLinkedListC2Ev
FNDA:2,_ZN16DoubleLinkedList18DeleteElementAfterERKNSt7__cxx1112basic_stringIcSt11char_traitsIcESaIcEEE
FNDA:5,_ZN16DoubleLinkedList19DeleteElementAtHeadB5cxx11Ev
FNDA:3,_ZN16DoubleLinkedList19DeleteElementAtTailB5cxx11Ev
FNDA:2,_ZN16DoubleLinkedList20DeleteElementByValueERKNSt7__cxx1112basic_stringIcSt11char_traitsIcESaIcEEE
FNDA:1,_ZN16DoubleLinkedList11DisplayListEv
FNDA:15,_ZN16DoubleLinkedListD2Ev
FNDA:2,_ZN16DoubleLinkedList13SearchElementERKNSt7__cxx1112basic_stringIcSt11char_traitsIcESaIcEEE
FNDA:5,_ZNK16DoubleLinkedList14getAllElementsB5cxx11Ev
FNDA:2,_ZNK16DoubleLinkedList7GetSizeEv
FNDA:1,_ZNK16DoubleLinkedList15serializeBinaryERSo
FNDA:1,_ZN16DoubleLinkedList17deserializeBinaryERSi
FNDA:17,_ZN16DoubleLinkedList5ClearEv
FNDA:1,_ZNK16DoubleLinkedList13serializeTextERSo
FNDA:1,_ZN16DoubleLinkedList15deserializeTextERSi
FNDA:1,_ZN16DoubleLinkedList8AddAfterEPNS_10DoubleNodeERKNSt7__cxx1112basic_stringIcSt11char_traitsIcESaIcEEE
FNDA:1,_ZN16DoubleLinkedList9AddBeforeEPNS_10DoubleNodeERKNSt7__cxx1112basic_stringIcSt11char_traitsIcESaIcEEE
FNDA:9,_ZN16DoubleLinkedList7AddHeadERKNSt7__cxx1112basic_stringIcSt11char_traitsIcESaIcEEE
FNDA:25,_ZN16DoubleLinkedList7AddTailERKNSt7__cxx1112basic_stringIcSt11char_traitsIcESaIcEEE
FNDA:1,_ZN16DoubleLinkedList10DeleteNodeB5cxx11EPNS_10DoubleNodeE
FNF:28
FNH:28
DA:24,15
DA:25,15
DA:26,15
DA:27,15
DA:28,15
DA:30,15
DA:31,15
DA:32,15
DA:33,15
DA:35,17
DA:36,61
DA:37,27
DA:38,27
DA:39,27
DA:41,17
DA:42,17
DA:44,1
DA:45,1
DA:46,1
DA:47,1
DA:48,1
DA:50,1
DA:51,1
DA:53,1
DA:54,1
DA:56,1
DA:57,1
DA:58,1
DA:59,1
DA:60,1
DA:62,1
DA:63,1
DA:65,1
DA:66,1
DA:68,9
DA:69,9
DA:70,9
DA:71,9
DA:72,9
DA:74,9
DA:75,2
DA:77,7
DA:79,9
DA:80,9
DA:82,25
DA:83,25
DA:84,25
DA:85,25
DA:86,25
DA:88,25
DA:89,17
DA:91,8
DA:93,25
DA:94,25
DA:96,1
DA:97,1
DA:98,0
DA:100,1
DA:102,1
DA:103,0
DA:105,1
DA:106,0
DA:109,1
DA:110,1
DA:112,1
DA:113,1
DA:116,1
DA:117,1
DA:118,1
DA:120,4
DA:121,4
DA:122,0
DA:124,4
DA:125,4
DA:127,4
DA:129,4
DA:130,3
DA:132,1
DA:135,4
DA:136,4
DA:137,4
DA:139,4
DA:140,4
DA:141,0
DA:143,4
DA:144,4
DA:146,4
DA:148,4
DA:149,2
DA:151,2
DA:154,4
DA:155,4
DA:156,4
DA:158,3
DA:159,3
DA:160,1
DA:161,2
DA:162,2
DA:165,3
DA:166,3
DA:167,1
DA:168,2
DA:169,2
DA:172,15
DA:173,15
DA:174,15
DA:176,27
DA:177,22
DA:178,10
DA:179,1
DA:181,10
DA:183,12
DA:184,12
DA:187,5
DA:188,2
DA:190,5
DA:193,3
DA:194,3
DA:195,3
DA:196,2
DA:197,1
DA:199,1
DA:202,1
DA:203,1
DA:205,3
DA:207,3
DA:208,3
DA:209,3
DA:210,2
DA:211,1
DA:213,1
DA:216,1
DA:217,1
DA:219,3
DA:221,2
DA:222,2
DA:223,2
DA:224,2
DA:225,1
DA:226,1
DA:227,0
DA:228,1
DA:229,1
DA:230,2
DA:233,0
DA:234,0
DA:235,0
DA:237,0
DA:240,2
DA:241,2
DA:242,2
DA:243,2
DA:244,1
DA:245,1
DA:246,0
DA:247,1
DA:248,1
DA:249,1
DA:250,2
DA:253,0
DA:254,0
DA:255,0
DA:257,0
DA:260,5
DA:261,5
DA:262,2
DA:263,4
DA:265,3
DA:268,3
DA:269,3
DA:270,0
DA:271,0
DA:273,3
DA:276,2
DA:277,2
DA:278,2
DA:279,1
DA:280,0
DA:281,1
DA:282,0
DA:284,1
DA:287,1
DA:288,1
DA:289,2
DA:293,1
DA:294,1
DA:295,1
DA:296,1
DA:298,1
DA:299,1
DA:300,1
DA:301,1
DA:303,2
DA:304,2
DA:305,2
DA:306,2
DA:309,5
DA:310,5
DA:311,5
DA:312,21
DA:313,16
DA:314,16
DA:316,5
DA:317,0
DA:322,2
DA:323,2
DA:324,2
DA:325,6
DA:326,4
DA:327,4
DA:329,2
DA:332,1
DA:333,1
DA:334,1
DA:336,1
DA:337,3
DA:338,2
DA:339,2
DA:340,2
DA:341,2
DA:343,1
DA:345,1
DA:346,1
DA:347,1
DA:348,1
DA:349,0
DA:351,3
DA:353,2
DA:354,2
DA:355,2
DA:356,2
DA:357,2
DA:360,1
DA:361,1
DA:362,1
DA:363,1
DA:364,3
DA:365,2
DA:366,2
DA:368,1
DA:370,1
DA:371,1
DA:372,1
DA:373,1
DA:374,0
DA:375,1
DA:377,3
DA:378,2
DA:379,2
DA:380,2
DA:382,2
LF:251
LH:229
end_of_record
TN:
SF:/home/angelina/Рабочий стол/proga/lab3/n2.2/queue.h
FN:120,125,_ZNK5Queue13serializeTextERSo
FN:127,144,_ZN5Queue15deserializeTextERSi
FN:15,20,_ZN5QueueC2Ei
FN:22,22,_ZN5QueueD2Ev
FN:24,36,_ZN5Queue9QueuePushERKNSt7__cxx1112basic_stringIcSt11char_traitsIcESaIcEEE
FN:38,51,_ZN5Queue8QueuePopB5cxx11Ev
FN:53,73,_ZN5Queue12QueueDisplayEv
FN:75,75,_ZN5Queue7setHeadEi
FN:76,76,_ZN5Queue7setTailEi
FN:78,78,_ZNK5Queue7getHeadEv
FN:79,79,_ZNK5Queue7getTailEv
FN:80,80,_ZNK5Queue9getLengthEv
FN:81,81,_ZN5Queue8getArrayB5cxx11Ev
FN:84,94,_ZNK5Queue15serializeBinaryERSo
FN:96,118,_ZN5Queue17deserializeBinaryERSi
FNDA:1,_ZNK5Queue13serializeTextERSo
FNDA:1,_ZN5Queue15deserializeTextERSi
FNDA:7,_ZN5QueueC2Ei
FNDA:7,_ZN5QueueD2Ev
FNDA:11,_ZN5Queue9QueuePushERKNSt7__cxx1112basic_stringIcSt11char_traitsIcESaIcEEE
FNDA:9,_ZN5Queue8QueuePopB5cxx11Ev
FNDA:2,_ZN5Queue12QueueDisplayEv
FNDA:1,_ZN5Queue7setHeadEi
FNDA:1,_ZN5Queue7setTailEi
FNDA:1,_ZNK5Queue7getHeadEv
FNDA:1,_ZNK5Queue7getTailEv
FNDA:1,_ZNK5Queue9getLengthEv
FNDA:1,_ZN5Queue8getArrayB5cxx11Ev
FNDA:1,_ZNK5Queue15serializeBinaryERSo
FNDA:1,_ZN5Queue17deserializeBinaryERSi
FNF:15
FNH:15
DA:15,7
DA:16,7
DA:17,41
DA:18,7
DA:19,7
DA:20,7
DA:22,41
DA:24,11
DA:25,11
DA:26,1
DA:27,2
DA:29,10
DA:30,10
DA:31,0
DA:33,10
DA:35,10
DA:38,9
DA:39,9
DA:40,3
DA:41,6
DA:43,6
DA:44,6
DA:45,0
DA:47,6
DA:49,6
DA:50,6
DA:53,2
DA:54,2
DA:55,1
DA:56,1
DA:59,1
DA:60,1
DA:61,3
DA:62,2
DA:65,0
DA:66,0
DA:68,0
DA:69,0
DA:72,1
DA:75,1
DA:76,1
DA:78,1
DA:79,1
DA:80,1
DA:81,1
DA:84,1
DA:85,1
DA:86,1
DA:87,1
DA:89,4
DA:90,3
DA:91,3
DA:92,3
DA:94,1
DA:96,1
DA:98,1
DA:99,0
DA:100,1
DA:101,1
DA:103,1
DA:104,0
DA:105,0
DA:106,0
DA:108,1
DA:109,1
DA:111,4
DA:113,3
DA:114,3
DA:115,3
DA:116,3
DA:117,3
DA:120,1
DA:121,1
DA:122,6
DA:123,5
DA:125,1
DA:127,1
DA:129,1
DA:130,0
DA:131,1
DA:133,1
DA:134,0
DA:135,0
DA:136,0
DA:138,1
DA:139,1
DA:141,6
DA:142,5
LF:88
LH:74
end_of_record
TN:
SF:/home/angelina/Рабочий стол/proga/lab3/n2.2/singlyLinkedList.h
FN:106,123,_ZN16SinglyLinkedList16AddElementBeforeERKNSt7__cxx1112basic_stringIcSt11char_traitsIcESaIcEEES7_
FN:125,133,_ZN16SinglyLinkedList15AddElementAfterERKNSt7__cxx1112basic_stringIcSt11char_traitsIcESaIcEEES7_
FN:135,146,_ZN16SinglyLinkedList16AddElementAtTailERKNSt7__cxx1112basic_stringIcSt11char_traitsIcESaIcEEE
FN:148,169,_ZN16SinglyLinkedList19DeleteElementBeforeERKNSt7__cxx1112basic_stringIcSt11char_traitsIcESaIcEEE
FN:171,186,_ZN16SinglyLinkedList18DeleteElementAfterERKNSt7__cxx1112basic_stringIcSt11char_traitsIcESaIcEEE
FN:188,194,_ZN16SinglyLinkedList19DeleteElementAtHeadB5cxx11Ev
FN:196,211,_ZN16SinglyLinkedList19DeleteElementAtTailB5cxx11Ev
FN:21,24,_ZN16SinglyLinkedListC2Ev
FN:213,231,_ZN16SinglyLinkedList20DeleteElementByValueERKNSt7__cxx1112basic_stringIcSt11char_traitsIcESaIcEEE
FN:247,251,_ZN16SinglyLinkedList13SearchElementERKNSt7__cxx1112basic_stringIcSt11char_traitsIcESaIcEEE
FN:255,263,_ZNK16SinglyLinkedList7GetSizeEv
FN:26,29,_ZN16SinglyLinkedListD2Ev
FN:265,278,_ZNK16SinglyLinkedList15serializeBinaryERSo
FN:280,295,_ZN16SinglyLinkedList17deserializeBinaryERSi
FN:297,306,_ZNK16SinglyLinkedList13serializeTextERSo
FN:308,322,_ZN16SinglyLinkedList15deserializeTextERSi
FN:31,37,_ZN16SinglyLinkedList5ClearEv
FN:39,44,_ZN16SinglyLinkedList8AddAfterEPNS_10SinglyNodeERKNSt7__cxx1112basic_stringIcSt11char_traitsIcESaIcEEE
FN:46,49,_ZN16SinglyLinkedList7AddHeadERKNSt7__cxx1112basic_stringIcSt11char_traitsIcESaIcEEE
FN:51,56,_ZN16SinglyLinkedList7AddTailEPNS_10SinglyNodeERKNSt7__cxx1112basic_stringIcSt11char_traitsIcESaIcEEE
FN:58,66,_ZN16SinglyLinkedList11DeleteAfterB5cxx11EPNS_10SinglyNodeE
FN:68,76,_ZN16SinglyLinkedList10DeleteHeadB5cxx11Ev
FN:85,104,_ZN16SinglyLinkedList11FindByValueERKNSt7__cxx1112basic_stringIcSt11char_traitsIcESaIcEEEPi
FNDA:4,_ZN16SinglyLinkedList16AddElementBeforeERKNSt7__cxx1112basic_stringIcSt11char_traitsIcESaIcEEES7_
FNDA:4,_ZN16SinglyLinkedList15AddElementAfterERKNSt7__cxx1112basic_stringIcSt11char_traitsIcESaIcEEES7_
FNDA:30,_ZN16SinglyLinkedList16AddElementAtTailERKNSt7__cxx1112basic_stringIcSt11char_traitsIcESaIcEEE
FNDA:6,_ZN16SinglyLinkedList19DeleteElementBeforeERKNSt7__cxx1112basic_stringIcSt11char_traitsIcESaIcEEE
FNDA:6,_ZN16SinglyLinkedList18DeleteElementAfterERKNSt7__cxx1112basic_stringIcSt11char_traitsIcESaIcEEE
FNDA:18,_ZN16SinglyLinkedList19DeleteElementAtHeadB5cxx11Ev
FNDA:4,_ZN16SinglyLinkedList19DeleteElementAtTailB5cxx11Ev
FNDA:22,_ZN16SinglyLinkedListC2Ev
FNDA:4,_ZN16SinglyLinkedList20DeleteElementByValueERKNSt7__cxx1112basic_stringIcSt11char_traitsIcESaIcEEE
FNDA:12,_ZN16SinglyLinkedList13SearchElementERKNSt7__cxx1112basic_stringIcSt11char_traitsIcESaIcEEE
FNDA:4,_ZNK16SinglyLinkedList7GetSizeEv
FNDA:22,_ZN16SinglyLinkedListD2Ev
FNDA:2,_ZNK16SinglyLinkedList15serializeBinaryERSo
FNDA:2,_ZN16SinglyLinkedList17deserializeBinaryERSi
FNDA:2,_ZNK16SinglyLinkedList13serializeTextERSo
FNDA:2,_ZN16SinglyLinkedList15deserializeTextERSi
FNDA:26,_ZN16SinglyLinkedList5ClearEv
FNDA:2,_ZN16SinglyLinkedList8AddAfterEPNS_10SinglyNodeERKNSt7__cxx1112basic_stringIcSt11char_traitsIcESaIcEEE
FNDA:24,_ZN16SinglyLinkedList7AddHeadERKNSt7__cxx1112basic_stringIcSt11char_traitsIcESaIcEEE
FNDA:22,_ZN16SinglyLinkedList7AddTailEPNS_10SinglyNodeERKNSt7__cxx1112basic_stringIcSt11char_traitsIcESaIcEEE
FNDA:2,_ZN16SinglyLinkedList11DeleteAfterB5cxx11EPNS_10SinglyNodeE
FNDA:18,_ZN16SinglyLinkedList10DeleteHeadB5cxx11Ev
FNDA:36,_ZN16SinglyLinkedList11FindByValueERKNSt7__cxx1112basic_stringIcSt11char_traitsIcESaIcEEEPi
FNF:23
FNH:23
DA:21,22
DA:22,22
DA:23,22
DA:24,22
DA:26,22
DA:27,22
DA:28,22
DA:29,22
DA:31,26
DA:32,80
DA:33,28
DA:34,28
DA:35,28
DA:37,26
DA:39,2
DA:40,2
DA:41,2
DA:42,2
DA:43,2
DA:44,2
DA:46,24
DA:47,24
DA:48,24
DA:49,24
DA:51,22
DA:52,22
DA:53,22
DA:54,22
DA:55,22
DA:56,22
DA:58,2
DA:59,2
DA:60,0
DA:61,2
DA:62,2
DA:63,2
DA:64,2
DA:65,2
DA:66,2
DA:68,18
DA:69,18
DA:70,0
DA:71,18
DA:72,18
DA:73,18
DA:74,18
DA:75,18
DA:76,18
DA:85,36
DA:86,36
DA:87,36
DA:89,56
DA:90,42
DA:91,22
DA:92,16
DA:94,22
DA:96,20
DA:97,20
DA:100,14
DA:101,10
DA:103,14
DA:106,4
DA:107,4
DA:108,4
DA:109,4
DA:110,2
DA:111,2
DA:113,0
DA:114,0
DA:115,0
DA:117,0
DA:120,2
DA:121,2
DA:123,4
DA:125,4
DA:126,4
DA:127,4
DA:128,2
DA:130,2
DA:131,2
DA:133,4
DA:135,30
DA:136,30
DA:137,8
DA:138,8
DA:141,22
DA:142,28
DA:143,6
DA:145,22
DA:148,6
DA:149,6
DA:150,6
DA:151,6
DA:152,4
DA:153,2
DA:154,4
DA:155,2
DA:156,2
DA:158,0
DA:159,0
DA:160,0
DA:162,0
DA:165,2
DA:166,2
DA:167,4
DA:171,6
DA:172,6
DA:173,6
DA:174,4
DA:175,2
DA:177,2
DA:178,2
DA:179,4
DA:182,2
DA:183,2
DA:184,4
DA:188,18
DA:189,18
DA:190,6
DA:191,12
DA:193,12
DA:196,4
DA:197,4
DA:198,2
DA:199,4
DA:202,2
DA:203,2
DA:206,0
DA:207,0
DA:208,0
DA:210,0
DA:213,4
DA:214,4
DA:215,4
DA:216,4
DA:217,2
DA:218,2
DA:220,0
DA:221,0
DA:222,0
DA:224,0
DA:227,2
DA:228,2
DA:229,4
DA:247,12
DA:248,12
DA:249,12
DA:250,12
DA:255,4
DA:256,4
DA:257,4
DA:258,14
DA:259,10
DA:260,10
DA:262,4
DA:265,2
DA:266,2
DA:268,2
DA:270,2
DA:271,8
DA:272,6
DA:273,6
DA:274,6
DA:276,6
DA:278,2
DA:280,2
DA:281,2
DA:283,2
DA:284,2
DA:286,8
DA:287,6
DA:288,6
DA:290,6
DA:291,6
DA:293,6
DA:294,6
DA:295,2
DA:297,2
DA:298,2
DA:299,2
DA:301,2
DA:302,6
DA:303,4
DA:304,4
DA:306,2
DA:308,2
DA:309,2
DA:311,2
DA:312,2
DA:313,0
DA:315,2
DA:317,6
DA:318,4
DA:319,4
DA:320,4
DA:321,4
LF:196
LH:177
end_of_record
TN:
SF:/home/angelina/Рабочий стол/proga/lab3/n2.2/stack.h
FN:102,118,_ZN5Stack15deserializeTextERSi
FN:14,18,_ZN5StackC2Ei
FN:20,20,_ZN5StackD2Ev
FN:22,30,_ZN5Stack9StackPushERKNSt7__cxx1112basic_stringIcSt11char_traitsIcESaIcEEE
FN:32,40,_ZN5Stack8StackPopB5cxx11Ev
FN:42,53,_ZN5Stack12StackDisplayEv
FN:55,55,_ZN5Stack6setTopEi
FN:57,57,_ZNK5Stack6getTopEv
FN:58,58,_ZNK5Stack9getLengthEv
FN:59,59,_ZN5Stack8getArrayB5cxx11Ev
FN:62,71,_ZNK5Stack15serializeBinaryERSo
FN:73,93,_ZN5Stack17deserializeBinaryERSi
FN:95,100,_ZNK5Stack13serializeTextERSo
FNDA:1,_ZN5Stack15deserializeTextERSi
FNDA:7,_ZN5StackC2Ei
FNDA:7,_ZN5StackD2Ev
FNDA:13,_ZN5Stack9StackPushERKNSt7__cxx1112basic_stringIcSt11char_traitsIcESaIcEEE
FNDA:11,_ZN5Stack8StackPopB5cxx11Ev
FNDA:2,_ZN5Stack12StackDisplayEv
FNDA:1,_ZN5Stack6setTopEi
FNDA:3,_ZNK5Stack6getTopEv
FNDA:2,_ZNK5Stack9getLengthEv
FNDA:1,_ZN5Stack8getArrayB5cxx11Ev
FNDA:1,_ZNK5Stack15serializeBinaryERSo
FNDA:1,_ZN5Stack17deserializeBinaryERSi
FNDA:1,_ZNK5Stack13serializeTextERSo
FNF:13
FNH:13
DA:14,7
DA:15,7
DA:16,43
DA:17,7
DA:18,7
DA:20,47
DA:22,13
DA:23,13
DA:24,1
DA:25,2
DA:27,12
DA:28,12
DA:29,12
DA:32,11
DA:33,11
DA:34,2
DA:35,4
DA:37,9
DA:38,9
DA:42,2
DA:43,2
DA:44,1
DA:45,1
DA:48,1
DA:49,3
DA:50,2
DA:52,1
DA:55,1
DA:57,3
DA:58,2
DA:59,1
DA:62,1
DA:63,1
DA:64,1
DA:66,3
DA:67,2
DA:68,2
DA:69,2
DA:71,1
DA:73,1
DA:75,1
DA:76,0
DA:77,1
DA:79,1
DA:80,0
DA:81,0
DA:82,0
DA:84,1
DA:86,3
DA:88,2
DA:89,2
DA:90,2
DA:91,2
DA:92,2
DA:95,1
DA:96,1
DA:97,4
DA:98,3
DA:100,1
DA:102,1
DA:104,1
DA:105,0
DA:106,1
DA:108,1
DA:109,2
DA:110,1
DA:111,6
DA:113,1
DA:115,4
DA:116,3
LF:70
LH:65
end_of_record
TN:
SF:/home/angelina/Рабочий стол/proga/lab3/n2.2/tree.h
FN:130,136,_ZN4Tree22printPreOrderRecursiveEPNS_8TreeNodeE
FN:138,144,_ZN4Tree23printPostOrderRecursiveEPNS_8TreeNodeE
FN:146,157,_ZN4Tree16printLevelSimpleEPNS_8TreeNodeEiRb
FN:159,174,_ZN4Tree24printLevelOrderRecursiveEPNS_8TreeNodeE
FN:176,183,_ZN4Tree18clearTreeRecursiveERPNS_8TreeNodeE
FN:193,193,_ZNK4Tree7getRootEv
FN:195,195,_ZN4Tree9clearTreeEv
FN:20,25,_ZNK4Tree19countNodesRecursiveEPNS_8TreeNodeE
FN:201,205,_ZNK4Tree15serializeBinaryERSo
FN:207,218,_ZN4Tree17deserializeBinaryERSi
FN:220,224,_ZNK4Tree13serializeTextERSo
FN:226,237,_ZN4Tree15deserializeTextERSi
FN:27,39,_ZNK4Tree17serializePreOrderEPNS_8TreeNodeERSob
FN:42,42,_ZN4TreeC2Ev
FN:44,44,_ZN4TreeD2Ev
FN:46,52,_ZN4Tree10createNodeEi
FN:54,67,_ZN4Tree15insertRecursiveERPNS_8TreeNodeEi
FN:69,69,_ZN4Tree6insertEi
FN:71,83,_ZN4Tree15searchRecursiveEPNS_8TreeNodeEi
FN:85,96,_ZN4Tree15isFullRecursiveEPNS_8TreeNodeE
FN:98,104,_ZN4Tree21printInOrderRecursiveEPNS_8TreeNodeE
FNDA:7,_ZN4Tree22printPreOrderRecursiveEPNS_8TreeNodeE
FNDA:7,_ZN4Tree23printPostOrderRecursiveEPNS_8TreeNodeE
FNDA:11,_ZN4Tree16printLevelSimpleEPNS_8TreeNodeEiRb
FNDA:1,_ZN4Tree24printLevelOrderRecursiveEPNS_8TreeNodeE
FNDA:57,_ZN4Tree18clearTreeRecursiveERPNS_8TreeNodeE
FNDA:16,_ZNK4Tree7getRootEv
FNDA:3,_ZN4Tree9clearTreeEv
FNDA:12,_ZNK4Tree19countNodesRecursiveEPNS_8TreeNodeE
FNDA:1,_ZNK4Tree15serializeBinaryERSo
FNDA:1,_ZN4Tree17deserializeBinaryERSi
FNDA:1,_ZNK4Tree13serializeTextERSo
FNDA:1,_ZN4Tree15deserializeTextERSi
FNDA:12,_ZNK4Tree17serializePreOrderEPNS_8TreeNodeERSob
FNDA:8,_ZN4TreeC2Ev
FNDA:8,_ZN4TreeD2Ev
FNDA:23,_ZN4Tree10createNodeEi
FNDA:41,_ZN4Tree15insertRecursiveERPNS_8TreeNodeEi
FNDA:24,_ZN4Tree6insertEi
FNDA:18,_ZN4Tree15searchRecursiveEPNS_8TreeNodeEi
FNDA:5,_ZN4Tree15isFullRecursiveEPNS_8TreeNodeE
FNDA:7,_ZN4Tree21printInOrderRecursiveEPNS_8TreeNodeE
FNF:21
FNH:21
DA:20,12
DA:21,12
DA:22,7
DA:23,5
DA:24,5
DA:27,12
DA:28,12
DA:29,7
DA:31,5
DA:32,3
DA:34,2
DA:37,5
DA:38,5
DA:42,8
DA:44,8
DA:46,23
DA:47,23
DA:48,23
DA:49,23
DA:50,23
DA:51,23
DA:54,41
DA:55,41
DA:56,23
DA:57,23
DA:60,18
DA:61,7
DA:62,11
DA:63,10
DA:65,1
DA:69,24
DA:71,18
DA:72,18
DA:73,3
DA:75,15
DA:76,6
DA:78,9
DA:79,3
DA:81,6
DA:85,5
DA:86,5
DA:87,0
DA:89,5
DA:90,2
DA:92,3
DA:93,2
DA:95,1
DA:98,7
DA:99,7
DA:100,3
DA:101,3
DA:102,3
DA:104,7
DA:130,7
DA:131,7
DA:132,3
DA:133,3
DA:134,3
DA:136,7
DA:138,7
DA:139,7
DA:140,3
DA:141,3
DA:142,3
DA:144,7
DA:146,11
DA:147,11
DA:148,4
DA:150,7
DA:151,3
DA:152,3
DA:154,4
DA:155,4
DA:159,1
DA:160,1
DA:161,0
DA:162,0
DA:165,1
DA:168,3
DA:169,3
DA:170,3
DA:171,3
DA:173,1
DA:176,57
DA:177,57
DA:178,34
DA:179,23
DA:180,23
DA:181,23
DA:182,23
DA:193,16
DA:195,3
DA:201,1
DA:202,1
DA:203,1
DA:204,1
DA:205,1
DA:207,1
DA:208,1
DA:209,1
DA:210,1
DA:211,0
DA:213,4
DA:215,3
DA:216,3
DA:220,1
DA:221,1
DA:222,1
DA:223,1
DA:224,1
DA:226,1
DA:227,1
DA:228,1
DA:229,1
DA:230,0
DA:232,3
DA:234,2
DA:235,2
LF:118
LH:113
end_of_record
